{"C:\\Users\\Quang Duong\\OneDrive - y5s0m\\Documents\\Github\\ResidentialCondominium\\ResidentialCondominium-Backend\\app\\config\\constant.js": {"path":"C:\\Users\\Quang Duong\\OneDrive - y5s0m\\Documents\\Github\\ResidentialCondominium\\ResidentialCondominium-Backend\\app\\config\\constant.js","statementMap":{"0":{"start":{"line":1,"column":0},"end":{"line":4,"column":2}}},"fnMap":{},"branchMap":{},"s":{"0":1},"f":{},"b":{},"_coverageSchema":"1a1c01bbd47fc00a2c39e90264f33305004495a9","hash":"efd9ac2d961c05a3bb06960fa87b8c974e33f358"}
,"C:\\Users\\Quang Duong\\OneDrive - y5s0m\\Documents\\Github\\ResidentialCondominium\\ResidentialCondominium-Backend\\app\\config\\db.js": {"path":"C:\\Users\\Quang Duong\\OneDrive - y5s0m\\Documents\\Github\\ResidentialCondominium\\ResidentialCondominium-Backend\\app\\config\\db.js","statementMap":{"0":{"start":{"line":1,"column":14},"end":{"line":1,"column":39}},"1":{"start":{"line":3,"column":11},"end":{"line":8,"column":2}},"2":{"start":{"line":10,"column":0},"end":{"line":10,"column":20}}},"fnMap":{},"branchMap":{},"s":{"0":6,"1":6,"2":6},"f":{},"b":{},"_coverageSchema":"1a1c01bbd47fc00a2c39e90264f33305004495a9","hash":"4beebedf319e66226d5b0d5f5920bc1c1a9e339a"}
,"C:\\Users\\Quang Duong\\OneDrive - y5s0m\\Documents\\Github\\ResidentialCondominium\\ResidentialCondominium-Backend\\app\\controllers\\assetController.js": {"path":"C:\\Users\\Quang Duong\\OneDrive - y5s0m\\Documents\\Github\\ResidentialCondominium\\ResidentialCondominium-Backend\\app\\controllers\\assetController.js","statementMap":{"0":{"start":{"line":2,"column":11},"end":{"line":2,"column":34}},"1":{"start":{"line":4,"column":24},"end":{"line":78,"column":1}},"2":{"start":{"line":6,"column":8},"end":{"line":12,"column":9}},"3":{"start":{"line":7,"column":26},"end":{"line":7,"column":166}},"4":{"start":{"line":8,"column":29},"end":{"line":8,"column":52}},"5":{"start":{"line":9,"column":12},"end":{"line":9,"column":51}},"6":{"start":{"line":11,"column":12},"end":{"line":11,"column":38}},"7":{"start":{"line":16,"column":8},"end":{"line":25,"column":9}},"8":{"start":{"line":17,"column":89},"end":{"line":17,"column":97}},"9":{"start":{"line":19,"column":26},"end":{"line":19,"column":143}},"10":{"start":{"line":20,"column":29},"end":{"line":20,"column":120}},"11":{"start":{"line":21,"column":28},"end":{"line":21,"column":43}},"12":{"start":{"line":22,"column":12},"end":{"line":22,"column":116}},"13":{"start":{"line":24,"column":12},"end":{"line":24,"column":38}},"14":{"start":{"line":29,"column":8},"end":{"line":37,"column":9}},"15":{"start":{"line":30,"column":28},"end":{"line":30,"column":41}},"16":{"start":{"line":31,"column":79},"end":{"line":31,"column":87}},"17":{"start":{"line":32,"column":26},"end":{"line":32,"column":138}},"18":{"start":{"line":33,"column":12},"end":{"line":33,"column":103}},"19":{"start":{"line":34,"column":12},"end":{"line":34,"column":76}},"20":{"start":{"line":36,"column":12},"end":{"line":36,"column":38}},"21":{"start":{"line":41,"column":8},"end":{"line":48,"column":9}},"22":{"start":{"line":42,"column":28},"end":{"line":42,"column":41}},"23":{"start":{"line":43,"column":26},"end":{"line":43,"column":59}},"24":{"start":{"line":44,"column":12},"end":{"line":44,"column":47}},"25":{"start":{"line":45,"column":12},"end":{"line":45,"column":76}},"26":{"start":{"line":47,"column":12},"end":{"line":47,"column":38}},"27":{"start":{"line":52,"column":8},"end":{"line":64,"column":9}},"28":{"start":{"line":53,"column":28},"end":{"line":53,"column":41}},"29":{"start":{"line":54,"column":26},"end":{"line":54,"column":186}},"30":{"start":{"line":55,"column":28},"end":{"line":55,"column":62}},"31":{"start":{"line":57,"column":12},"end":{"line":59,"column":13}},"32":{"start":{"line":58,"column":16},"end":{"line":58,"column":76}},"33":{"start":{"line":61,"column":12},"end":{"line":61,"column":53}},"34":{"start":{"line":63,"column":12},"end":{"line":63,"column":38}},"35":{"start":{"line":68,"column":8},"end":{"line":76,"column":9}},"36":{"start":{"line":69,"column":32},"end":{"line":69,"column":41}},"37":{"start":{"line":70,"column":31},"end":{"line":70,"column":45}},"38":{"start":{"line":71,"column":26},"end":{"line":71,"column":107}},"39":{"start":{"line":72,"column":29},"end":{"line":72,"column":90}},"40":{"start":{"line":73,"column":12},"end":{"line":73,"column":51}},"41":{"start":{"line":75,"column":12},"end":{"line":75,"column":38}},"42":{"start":{"line":80,"column":0},"end":{"line":80,"column":33}}},"fnMap":{"0":{"name":"(anonymous_0)","decl":{"start":{"line":5,"column":18},"end":{"line":5,"column":19}},"loc":{"start":{"line":5,"column":38},"end":{"line":13,"column":5}},"line":5},"1":{"name":"(anonymous_1)","decl":{"start":{"line":15,"column":17},"end":{"line":15,"column":18}},"loc":{"start":{"line":15,"column":37},"end":{"line":26,"column":5}},"line":15},"2":{"name":"(anonymous_2)","decl":{"start":{"line":28,"column":17},"end":{"line":28,"column":18}},"loc":{"start":{"line":28,"column":37},"end":{"line":38,"column":5}},"line":28},"3":{"name":"(anonymous_3)","decl":{"start":{"line":40,"column":17},"end":{"line":40,"column":18}},"loc":{"start":{"line":40,"column":37},"end":{"line":49,"column":5}},"line":40},"4":{"name":"(anonymous_4)","decl":{"start":{"line":51,"column":17},"end":{"line":51,"column":18}},"loc":{"start":{"line":51,"column":37},"end":{"line":65,"column":5}},"line":51},"5":{"name":"(anonymous_5)","decl":{"start":{"line":67,"column":18},"end":{"line":67,"column":19}},"loc":{"start":{"line":67,"column":38},"end":{"line":77,"column":5}},"line":67}},"branchMap":{"0":{"loc":{"start":{"line":57,"column":12},"end":{"line":59,"column":13}},"type":"if","locations":[{"start":{"line":57,"column":12},"end":{"line":59,"column":13}},{"start":{},"end":{}}],"line":57}},"s":{"0":1,"1":1,"2":2,"3":2,"4":2,"5":1,"6":1,"7":3,"8":3,"9":3,"10":3,"11":1,"12":1,"13":2,"14":3,"15":3,"16":3,"17":3,"18":3,"19":1,"20":2,"21":3,"22":3,"23":3,"24":3,"25":2,"26":1,"27":0,"28":0,"29":0,"30":0,"31":0,"32":0,"33":0,"34":0,"35":0,"36":0,"37":0,"38":0,"39":0,"40":0,"41":0,"42":1},"f":{"0":2,"1":3,"2":3,"3":3,"4":0,"5":0},"b":{"0":[0,0]},"_coverageSchema":"1a1c01bbd47fc00a2c39e90264f33305004495a9","hash":"4c8a1900ca641e646c8d8af36e91705be9a0acb0"}
,"C:\\Users\\Quang Duong\\OneDrive - y5s0m\\Documents\\Github\\ResidentialCondominium\\ResidentialCondominium-Backend\\app\\controllers\\authController.js": {"path":"C:\\Users\\Quang Duong\\OneDrive - y5s0m\\Documents\\Github\\ResidentialCondominium\\ResidentialCondominium-Backend\\app\\controllers\\authController.js","statementMap":{"0":{"start":{"line":1,"column":11},"end":{"line":1,"column":34}},"1":{"start":{"line":2,"column":15},"end":{"line":2,"column":32}},"2":{"start":{"line":3,"column":12},"end":{"line":3,"column":35}},"3":{"start":{"line":4,"column":15},"end":{"line":4,"column":44}},"4":{"start":{"line":5,"column":19},"end":{"line":5,"column":40}},"5":{"start":{"line":6,"column":15},"end":{"line":6,"column":32}},"6":{"start":{"line":8,"column":23},"end":{"line":147,"column":1}},"7":{"start":{"line":10,"column":8},"end":{"line":40,"column":9}},"8":{"start":{"line":11,"column":25},"end":{"line":11,"column":49}},"9":{"start":{"line":12,"column":27},"end":{"line":12,"column":69}},"10":{"start":{"line":15,"column":38},"end":{"line":15,"column":111}},"11":{"start":{"line":17,"column":12},"end":{"line":19,"column":13}},"12":{"start":{"line":18,"column":16},"end":{"line":18,"column":62}},"13":{"start":{"line":22,"column":27},"end":{"line":25,"column":13}},"14":{"start":{"line":27,"column":25},"end":{"line":34,"column":13}},"15":{"start":{"line":36,"column":12},"end":{"line":36,"column":39}},"16":{"start":{"line":38,"column":12},"end":{"line":38,"column":31}},"17":{"start":{"line":39,"column":12},"end":{"line":39,"column":51}},"18":{"start":{"line":44,"column":8},"end":{"line":70,"column":9}},"19":{"start":{"line":46,"column":27},"end":{"line":46,"column":100}},"20":{"start":{"line":47,"column":25},"end":{"line":47,"column":32}},"21":{"start":{"line":49,"column":12},"end":{"line":51,"column":13}},"22":{"start":{"line":50,"column":16},"end":{"line":50,"column":97}},"23":{"start":{"line":54,"column":37},"end":{"line":54,"column":91}},"24":{"start":{"line":56,"column":12},"end":{"line":58,"column":13}},"25":{"start":{"line":57,"column":16},"end":{"line":57,"column":84}},"26":{"start":{"line":60,"column":12},"end":{"line":66,"column":13}},"27":{"start":{"line":62,"column":30},"end":{"line":62,"column":99}},"28":{"start":{"line":64,"column":16},"end":{"line":64,"column":51}},"29":{"start":{"line":65,"column":16},"end":{"line":65,"column":68}},"30":{"start":{"line":68,"column":12},"end":{"line":68,"column":31}},"31":{"start":{"line":69,"column":12},"end":{"line":69,"column":38}},"32":{"start":{"line":74,"column":8},"end":{"line":115,"column":9}},"33":{"start":{"line":75,"column":26},"end":{"line":75,"column":64}},"34":{"start":{"line":77,"column":31},"end":{"line":77,"column":104}},"35":{"start":{"line":78,"column":25},"end":{"line":78,"column":36}},"36":{"start":{"line":80,"column":12},"end":{"line":82,"column":13}},"37":{"start":{"line":81,"column":16},"end":{"line":81,"column":97}},"38":{"start":{"line":84,"column":12},"end":{"line":86,"column":14}},"39":{"start":{"line":88,"column":32},"end":{"line":95,"column":14}},"40":{"start":{"line":97,"column":32},"end":{"line":102,"column":13}},"41":{"start":{"line":104,"column":12},"end":{"line":111,"column":15}},"42":{"start":{"line":105,"column":16},"end":{"line":108,"column":17}},"43":{"start":{"line":106,"column":20},"end":{"line":106,"column":41}},"44":{"start":{"line":107,"column":20},"end":{"line":107,"column":107}},"45":{"start":{"line":109,"column":16},"end":{"line":109,"column":60}},"46":{"start":{"line":110,"column":16},"end":{"line":110,"column":85}},"47":{"start":{"line":113,"column":12},"end":{"line":113,"column":31}},"48":{"start":{"line":114,"column":12},"end":{"line":114,"column":38}},"49":{"start":{"line":119,"column":8},"end":{"line":143,"column":9}},"50":{"start":{"line":120,"column":26},"end":{"line":120,"column":40}},"51":{"start":{"line":123,"column":32},"end":{"line":123,"column":112}},"52":{"start":{"line":124,"column":31},"end":{"line":124,"column":43}},"53":{"start":{"line":126,"column":12},"end":{"line":128,"column":13}},"54":{"start":{"line":127,"column":16},"end":{"line":127,"column":101}},"55":{"start":{"line":131,"column":25},"end":{"line":131,"column":49}},"56":{"start":{"line":132,"column":35},"end":{"line":132,"column":80}},"57":{"start":{"line":134,"column":12},"end":{"line":134,"column":113}},"58":{"start":{"line":137,"column":12},"end":{"line":137,"column":91}},"59":{"start":{"line":139,"column":12},"end":{"line":139,"column":90}},"60":{"start":{"line":141,"column":12},"end":{"line":141,"column":31}},"61":{"start":{"line":142,"column":12},"end":{"line":142,"column":38}},"62":{"start":{"line":149,"column":0},"end":{"line":149,"column":32}}},"fnMap":{"0":{"name":"(anonymous_0)","decl":{"start":{"line":9,"column":18},"end":{"line":9,"column":19}},"loc":{"start":{"line":9,"column":38},"end":{"line":41,"column":5}},"line":9},"1":{"name":"(anonymous_1)","decl":{"start":{"line":43,"column":11},"end":{"line":43,"column":12}},"loc":{"start":{"line":43,"column":31},"end":{"line":71,"column":5}},"line":43},"2":{"name":"(anonymous_2)","decl":{"start":{"line":73,"column":20},"end":{"line":73,"column":21}},"loc":{"start":{"line":73,"column":40},"end":{"line":116,"column":5}},"line":73},"3":{"name":"(anonymous_3)","decl":{"start":{"line":104,"column":46},"end":{"line":104,"column":47}},"loc":{"start":{"line":104,"column":63},"end":{"line":111,"column":13}},"line":104},"4":{"name":"(anonymous_4)","decl":{"start":{"line":118,"column":19},"end":{"line":118,"column":20}},"loc":{"start":{"line":118,"column":39},"end":{"line":144,"column":5}},"line":118}},"branchMap":{"0":{"loc":{"start":{"line":17,"column":12},"end":{"line":19,"column":13}},"type":"if","locations":[{"start":{"line":17,"column":12},"end":{"line":19,"column":13}},{"start":{},"end":{}}],"line":17},"1":{"loc":{"start":{"line":49,"column":12},"end":{"line":51,"column":13}},"type":"if","locations":[{"start":{"line":49,"column":12},"end":{"line":51,"column":13}},{"start":{},"end":{}}],"line":49},"2":{"loc":{"start":{"line":56,"column":12},"end":{"line":58,"column":13}},"type":"if","locations":[{"start":{"line":56,"column":12},"end":{"line":58,"column":13}},{"start":{},"end":{}}],"line":56},"3":{"loc":{"start":{"line":60,"column":12},"end":{"line":66,"column":13}},"type":"if","locations":[{"start":{"line":60,"column":12},"end":{"line":66,"column":13}},{"start":{},"end":{}}],"line":60},"4":{"loc":{"start":{"line":60,"column":16},"end":{"line":60,"column":40}},"type":"binary-expr","locations":[{"start":{"line":60,"column":16},"end":{"line":60,"column":20}},{"start":{"line":60,"column":24},"end":{"line":60,"column":40}}],"line":60},"5":{"loc":{"start":{"line":80,"column":12},"end":{"line":82,"column":13}},"type":"if","locations":[{"start":{"line":80,"column":12},"end":{"line":82,"column":13}},{"start":{},"end":{}}],"line":80},"6":{"loc":{"start":{"line":105,"column":16},"end":{"line":108,"column":17}},"type":"if","locations":[{"start":{"line":105,"column":16},"end":{"line":108,"column":17}},{"start":{},"end":{}}],"line":105},"7":{"loc":{"start":{"line":126,"column":12},"end":{"line":128,"column":13}},"type":"if","locations":[{"start":{"line":126,"column":12},"end":{"line":128,"column":13}},{"start":{},"end":{}}],"line":126},"8":{"loc":{"start":{"line":126,"column":16},"end":{"line":126,"column":65}},"type":"binary-expr","locations":[{"start":{"line":126,"column":16},"end":{"line":126,"column":27}},{"start":{"line":126,"column":31},"end":{"line":126,"column":65}}],"line":126}},"s":{"0":1,"1":1,"2":1,"3":1,"4":1,"5":1,"6":1,"7":2,"8":2,"9":2,"10":1,"11":1,"12":1,"13":0,"14":0,"15":0,"16":1,"17":1,"18":3,"19":3,"20":3,"21":3,"22":1,"23":2,"24":2,"25":1,"26":2,"27":1,"28":1,"29":1,"30":0,"31":0,"32":2,"33":2,"34":2,"35":2,"36":2,"37":1,"38":1,"39":1,"40":1,"41":1,"42":0,"43":0,"44":0,"45":0,"46":0,"47":0,"48":0,"49":2,"50":2,"51":2,"52":2,"53":2,"54":2,"55":0,"56":0,"57":0,"58":0,"59":0,"60":0,"61":0,"62":1},"f":{"0":2,"1":3,"2":2,"3":0,"4":2},"b":{"0":[1,0],"1":[1,2],"2":[1,1],"3":[1,1],"4":[2,2],"5":[1,1],"6":[0,0],"7":[2,0],"8":[2,0]},"_coverageSchema":"1a1c01bbd47fc00a2c39e90264f33305004495a9","hash":"ddcbbc4cf39c804496fd50e7626ad619678989a0"}
,"C:\\Users\\Quang Duong\\OneDrive - y5s0m\\Documents\\Github\\ResidentialCondominium\\ResidentialCondominium-Backend\\app\\controllers\\complaintController.js": {"path":"C:\\Users\\Quang Duong\\OneDrive - y5s0m\\Documents\\Github\\ResidentialCondominium\\ResidentialCondominium-Backend\\app\\controllers\\complaintController.js","statementMap":{"0":{"start":{"line":1,"column":11},"end":{"line":1,"column":34}},"1":{"start":{"line":3,"column":28},"end":{"line":108,"column":1}},"2":{"start":{"line":5,"column":8},"end":{"line":28,"column":9}},"3":{"start":{"line":6,"column":54},"end":{"line":6,"column":62}},"4":{"start":{"line":9,"column":31},"end":{"line":9,"column":94}},"5":{"start":{"line":10,"column":25},"end":{"line":10,"column":36}},"6":{"start":{"line":12,"column":12},"end":{"line":14,"column":13}},"7":{"start":{"line":13,"column":16},"end":{"line":13,"column":90}},"8":{"start":{"line":17,"column":36},"end":{"line":20,"column":13}},"9":{"start":{"line":22,"column":32},"end":{"line":22,"column":54}},"10":{"start":{"line":24,"column":12},"end":{"line":24,"column":96}},"11":{"start":{"line":26,"column":12},"end":{"line":26,"column":31}},"12":{"start":{"line":27,"column":12},"end":{"line":27,"column":38}},"13":{"start":{"line":33,"column":8},"end":{"line":39,"column":9}},"14":{"start":{"line":34,"column":33},"end":{"line":34,"column":77}},"15":{"start":{"line":35,"column":12},"end":{"line":35,"column":45}},"16":{"start":{"line":37,"column":12},"end":{"line":37,"column":31}},"17":{"start":{"line":38,"column":12},"end":{"line":38,"column":38}},"18":{"start":{"line":44,"column":8},"end":{"line":53,"column":9}},"19":{"start":{"line":45,"column":36},"end":{"line":45,"column":46}},"20":{"start":{"line":46,"column":54},"end":{"line":46,"column":62}},"21":{"start":{"line":47,"column":26},"end":{"line":47,"column":104}},"22":{"start":{"line":48,"column":12},"end":{"line":48,"column":82}},"23":{"start":{"line":49,"column":12},"end":{"line":49,"column":94}},"24":{"start":{"line":51,"column":12},"end":{"line":51,"column":31}},"25":{"start":{"line":52,"column":12},"end":{"line":52,"column":38}},"26":{"start":{"line":58,"column":8},"end":{"line":66,"column":9}},"27":{"start":{"line":59,"column":36},"end":{"line":59,"column":46}},"28":{"start":{"line":60,"column":26},"end":{"line":60,"column":63}},"29":{"start":{"line":61,"column":12},"end":{"line":61,"column":51}},"30":{"start":{"line":62,"column":12},"end":{"line":62,"column":94}},"31":{"start":{"line":64,"column":12},"end":{"line":64,"column":31}},"32":{"start":{"line":65,"column":12},"end":{"line":65,"column":38}},"33":{"start":{"line":71,"column":8},"end":{"line":83,"column":9}},"34":{"start":{"line":72,"column":36},"end":{"line":72,"column":46}},"35":{"start":{"line":73,"column":32},"end":{"line":73,"column":104}},"36":{"start":{"line":75,"column":12},"end":{"line":79,"column":13}},"37":{"start":{"line":76,"column":16},"end":{"line":76,"column":88}},"38":{"start":{"line":78,"column":16},"end":{"line":78,"column":51}},"39":{"start":{"line":81,"column":12},"end":{"line":81,"column":31}},"40":{"start":{"line":82,"column":12},"end":{"line":82,"column":38}},"41":{"start":{"line":88,"column":8},"end":{"line":106,"column":9}},"42":{"start":{"line":89,"column":32},"end":{"line":89,"column":41}},"43":{"start":{"line":91,"column":12},"end":{"line":93,"column":13}},"44":{"start":{"line":92,"column":16},"end":{"line":92,"column":95}},"45":{"start":{"line":95,"column":26},"end":{"line":95,"column":73}},"46":{"start":{"line":96,"column":33},"end":{"line":96,"column":74}},"47":{"start":{"line":98,"column":12},"end":{"line":102,"column":13}},"48":{"start":{"line":99,"column":16},"end":{"line":99,"column":115}},"49":{"start":{"line":101,"column":16},"end":{"line":101,"column":49}},"50":{"start":{"line":104,"column":12},"end":{"line":104,"column":31}},"51":{"start":{"line":105,"column":12},"end":{"line":105,"column":38}},"52":{"start":{"line":110,"column":0},"end":{"line":110,"column":37}}},"fnMap":{"0":{"name":"(anonymous_0)","decl":{"start":{"line":4,"column":21},"end":{"line":4,"column":22}},"loc":{"start":{"line":4,"column":41},"end":{"line":29,"column":5}},"line":4},"1":{"name":"(anonymous_1)","decl":{"start":{"line":32,"column":22},"end":{"line":32,"column":23}},"loc":{"start":{"line":32,"column":42},"end":{"line":40,"column":5}},"line":32},"2":{"name":"(anonymous_2)","decl":{"start":{"line":43,"column":21},"end":{"line":43,"column":22}},"loc":{"start":{"line":43,"column":41},"end":{"line":54,"column":5}},"line":43},"3":{"name":"(anonymous_3)","decl":{"start":{"line":57,"column":21},"end":{"line":57,"column":22}},"loc":{"start":{"line":57,"column":41},"end":{"line":67,"column":5}},"line":57},"4":{"name":"(anonymous_4)","decl":{"start":{"line":70,"column":22},"end":{"line":70,"column":23}},"loc":{"start":{"line":70,"column":42},"end":{"line":84,"column":5}},"line":70},"5":{"name":"(anonymous_5)","decl":{"start":{"line":87,"column":31},"end":{"line":87,"column":32}},"loc":{"start":{"line":87,"column":51},"end":{"line":107,"column":5}},"line":87}},"branchMap":{"0":{"loc":{"start":{"line":12,"column":12},"end":{"line":14,"column":13}},"type":"if","locations":[{"start":{"line":12,"column":12},"end":{"line":14,"column":13}},{"start":{},"end":{}}],"line":12},"1":{"loc":{"start":{"line":75,"column":12},"end":{"line":79,"column":13}},"type":"if","locations":[{"start":{"line":75,"column":12},"end":{"line":79,"column":13}},{"start":{"line":77,"column":19},"end":{"line":79,"column":13}}],"line":75},"2":{"loc":{"start":{"line":91,"column":12},"end":{"line":93,"column":13}},"type":"if","locations":[{"start":{"line":91,"column":12},"end":{"line":93,"column":13}},{"start":{},"end":{}}],"line":91},"3":{"loc":{"start":{"line":98,"column":12},"end":{"line":102,"column":13}},"type":"if","locations":[{"start":{"line":98,"column":12},"end":{"line":102,"column":13}},{"start":{"line":100,"column":19},"end":{"line":102,"column":13}}],"line":98}},"s":{"0":1,"1":1,"2":10,"3":10,"4":10,"5":3,"6":3,"7":1,"8":2,"9":1,"10":1,"11":8,"12":8,"13":0,"14":0,"15":0,"16":0,"17":0,"18":0,"19":0,"20":0,"21":0,"22":0,"23":0,"24":0,"25":0,"26":0,"27":0,"28":0,"29":0,"30":0,"31":0,"32":0,"33":0,"34":0,"35":0,"36":0,"37":0,"38":0,"39":0,"40":0,"41":0,"42":0,"43":0,"44":0,"45":0,"46":0,"47":0,"48":0,"49":0,"50":0,"51":0,"52":1},"f":{"0":10,"1":0,"2":0,"3":0,"4":0,"5":0},"b":{"0":[1,2],"1":[0,0],"2":[0,0],"3":[0,0]},"_coverageSchema":"1a1c01bbd47fc00a2c39e90264f33305004495a9","hash":"d899094ac716994ee9d5031f59adee25c86bbd26"}
,"C:\\Users\\Quang Duong\\OneDrive - y5s0m\\Documents\\Github\\ResidentialCondominium\\ResidentialCondominium-Backend\\app\\controllers\\notificationController.js": {"path":"C:\\Users\\Quang Duong\\OneDrive - y5s0m\\Documents\\Github\\ResidentialCondominium\\ResidentialCondominium-Backend\\app\\controllers\\notificationController.js","statementMap":{"0":{"start":{"line":1,"column":11},"end":{"line":1,"column":34}},"1":{"start":{"line":2,"column":19},"end":{"line":2,"column":40}},"2":{"start":{"line":4,"column":31},"end":{"line":66,"column":1}},"3":{"start":{"line":6,"column":8},"end":{"line":49,"column":9}},"4":{"start":{"line":7,"column":45},"end":{"line":7,"column":53}},"5":{"start":{"line":10,"column":39},"end":{"line":13,"column":13}},"6":{"start":{"line":15,"column":35},"end":{"line":15,"column":60}},"7":{"start":{"line":18,"column":32},"end":{"line":25,"column":14}},"8":{"start":{"line":28,"column":31},"end":{"line":28,"column":93}},"9":{"start":{"line":30,"column":12},"end":{"line":43,"column":13}},"10":{"start":{"line":31,"column":36},"end":{"line":36,"column":17}},"11":{"start":{"line":38,"column":16},"end":{"line":42,"column":19}},"12":{"start":{"line":39,"column":20},"end":{"line":41,"column":21}},"13":{"start":{"line":40,"column":24},"end":{"line":40,"column":45}},"14":{"start":{"line":45,"column":12},"end":{"line":45,"column":119}},"15":{"start":{"line":47,"column":12},"end":{"line":47,"column":31}},"16":{"start":{"line":48,"column":12},"end":{"line":48,"column":38}},"17":{"start":{"line":53,"column":8},"end":{"line":64,"column":9}},"18":{"start":{"line":54,"column":29},"end":{"line":54,"column":39}},"19":{"start":{"line":57,"column":39},"end":{"line":57,"column":109}},"20":{"start":{"line":60,"column":12},"end":{"line":60,"column":51}},"21":{"start":{"line":62,"column":12},"end":{"line":62,"column":31}},"22":{"start":{"line":63,"column":12},"end":{"line":63,"column":38}},"23":{"start":{"line":68,"column":0},"end":{"line":68,"column":40}}},"fnMap":{"0":{"name":"(anonymous_0)","decl":{"start":{"line":5,"column":24},"end":{"line":5,"column":25}},"loc":{"start":{"line":5,"column":44},"end":{"line":50,"column":5}},"line":5},"1":{"name":"(anonymous_1)","decl":{"start":{"line":38,"column":50},"end":{"line":38,"column":51}},"loc":{"start":{"line":38,"column":67},"end":{"line":42,"column":17}},"line":38},"2":{"name":"(anonymous_2)","decl":{"start":{"line":52,"column":28},"end":{"line":52,"column":29}},"loc":{"start":{"line":52,"column":48},"end":{"line":65,"column":5}},"line":52}},"branchMap":{"0":{"loc":{"start":{"line":39,"column":20},"end":{"line":41,"column":21}},"type":"if","locations":[{"start":{"line":39,"column":20},"end":{"line":41,"column":21}},{"start":{},"end":{}}],"line":39}},"s":{"0":1,"1":1,"2":1,"3":1,"4":1,"5":1,"6":1,"7":1,"8":1,"9":1,"10":2,"11":2,"12":0,"13":0,"14":1,"15":0,"16":0,"17":1,"18":1,"19":1,"20":1,"21":0,"22":0,"23":1},"f":{"0":1,"1":0,"2":1},"b":{"0":[0,0]},"_coverageSchema":"1a1c01bbd47fc00a2c39e90264f33305004495a9","hash":"c7df0c4f89d1eaa79a11c4c300074098638e7fb8"}
,"C:\\Users\\Quang Duong\\OneDrive - y5s0m\\Documents\\Github\\ResidentialCondominium\\ResidentialCondominium-Backend\\app\\controllers\\registrationController.js": {"path":"C:\\Users\\Quang Duong\\OneDrive - y5s0m\\Documents\\Github\\ResidentialCondominium\\ResidentialCondominium-Backend\\app\\controllers\\registrationController.js","statementMap":{"0":{"start":{"line":1,"column":11},"end":{"line":1,"column":34}},"1":{"start":{"line":3,"column":31},"end":{"line":41,"column":1}},"2":{"start":{"line":5,"column":8},"end":{"line":39,"column":9}},"3":{"start":{"line":6,"column":57},"end":{"line":6,"column":65}},"4":{"start":{"line":9,"column":31},"end":{"line":9,"column":93}},"5":{"start":{"line":10,"column":25},"end":{"line":10,"column":36}},"6":{"start":{"line":12,"column":12},"end":{"line":14,"column":13}},"7":{"start":{"line":13,"column":16},"end":{"line":13,"column":90}},"8":{"start":{"line":17,"column":39},"end":{"line":20,"column":13}},"9":{"start":{"line":22,"column":35},"end":{"line":22,"column":60}},"10":{"start":{"line":24,"column":12},"end":{"line":32,"column":13}},"11":{"start":{"line":26,"column":16},"end":{"line":31,"column":17}},"12":{"start":{"line":27,"column":20},"end":{"line":30,"column":22}},"13":{"start":{"line":35,"column":12},"end":{"line":35,"column":108}},"14":{"start":{"line":37,"column":12},"end":{"line":37,"column":31}},"15":{"start":{"line":38,"column":12},"end":{"line":38,"column":38}},"16":{"start":{"line":43,"column":0},"end":{"line":43,"column":40}}},"fnMap":{"0":{"name":"(anonymous_0)","decl":{"start":{"line":4,"column":26},"end":{"line":4,"column":27}},"loc":{"start":{"line":4,"column":46},"end":{"line":40,"column":5}},"line":4}},"branchMap":{"0":{"loc":{"start":{"line":12,"column":12},"end":{"line":14,"column":13}},"type":"if","locations":[{"start":{"line":12,"column":12},"end":{"line":14,"column":13}},{"start":{},"end":{}}],"line":12},"1":{"loc":{"start":{"line":24,"column":12},"end":{"line":32,"column":13}},"type":"if","locations":[{"start":{"line":24,"column":12},"end":{"line":32,"column":13}},{"start":{},"end":{}}],"line":24}},"s":{"0":1,"1":1,"2":3,"3":3,"4":3,"5":2,"6":2,"7":1,"8":1,"9":1,"10":1,"11":1,"12":2,"13":1,"14":1,"15":1,"16":1},"f":{"0":3},"b":{"0":[1,1],"1":[1,0]},"_coverageSchema":"1a1c01bbd47fc00a2c39e90264f33305004495a9","hash":"52d9ccb458bfc905970f14c767c4029534c34253"}
,"C:\\Users\\Quang Duong\\OneDrive - y5s0m\\Documents\\Github\\ResidentialCondominium\\ResidentialCondominium-Backend\\app\\controllers\\residentEventsController.js": {"path":"C:\\Users\\Quang Duong\\OneDrive - y5s0m\\Documents\\Github\\ResidentialCondominium\\ResidentialCondominium-Backend\\app\\controllers\\residentEventsController.js","statementMap":{"0":{"start":{"line":1,"column":11},"end":{"line":1,"column":34}},"1":{"start":{"line":2,"column":19},"end":{"line":2,"column":40}},"2":{"start":{"line":4,"column":33},"end":{"line":218,"column":1}},"3":{"start":{"line":6,"column":8},"end":{"line":50,"column":9}},"4":{"start":{"line":8,"column":65},"end":{"line":8,"column":73}},"5":{"start":{"line":11,"column":34},"end":{"line":14,"column":13}},"6":{"start":{"line":16,"column":30},"end":{"line":16,"column":50}},"7":{"start":{"line":19,"column":32},"end":{"line":26,"column":14}},"8":{"start":{"line":29,"column":30},"end":{"line":29,"column":92}},"9":{"start":{"line":31,"column":11},"end":{"line":44,"column":12}},"10":{"start":{"line":32,"column":35},"end":{"line":37,"column":16}},"11":{"start":{"line":39,"column":15},"end":{"line":43,"column":18}},"12":{"start":{"line":40,"column":19},"end":{"line":42,"column":20}},"13":{"start":{"line":41,"column":23},"end":{"line":41,"column":44}},"14":{"start":{"line":46,"column":12},"end":{"line":46,"column":103}},"15":{"start":{"line":48,"column":12},"end":{"line":48,"column":31}},"16":{"start":{"line":49,"column":12},"end":{"line":49,"column":38}},"17":{"start":{"line":54,"column":8},"end":{"line":98,"column":9}},"18":{"start":{"line":56,"column":69},"end":{"line":56,"column":77}},"19":{"start":{"line":59,"column":32},"end":{"line":62,"column":13}},"20":{"start":{"line":64,"column":28},"end":{"line":64,"column":46}},"21":{"start":{"line":67,"column":32},"end":{"line":74,"column":14}},"22":{"start":{"line":77,"column":36},"end":{"line":77,"column":103}},"23":{"start":{"line":79,"column":35},"end":{"line":79,"column":82}},"24":{"start":{"line":79,"column":67},"end":{"line":79,"column":81}},"25":{"start":{"line":81,"column":32},"end":{"line":86,"column":13}},"26":{"start":{"line":88,"column":12},"end":{"line":92,"column":15}},"27":{"start":{"line":89,"column":16},"end":{"line":91,"column":17}},"28":{"start":{"line":90,"column":20},"end":{"line":90,"column":41}},"29":{"start":{"line":94,"column":12},"end":{"line":94,"column":100}},"30":{"start":{"line":96,"column":12},"end":{"line":96,"column":31}},"31":{"start":{"line":97,"column":12},"end":{"line":97,"column":38}},"32":{"start":{"line":103,"column":8},"end":{"line":150,"column":9}},"33":{"start":{"line":105,"column":42},"end":{"line":105,"column":50}},"34":{"start":{"line":110,"column":34},"end":{"line":110,"column":102}},"35":{"start":{"line":111,"column":31},"end":{"line":111,"column":115}},"36":{"start":{"line":113,"column":12},"end":{"line":115,"column":13}},"37":{"start":{"line":114,"column":16},"end":{"line":114,"column":99}},"38":{"start":{"line":118,"column":12},"end":{"line":118,"column":122}},"39":{"start":{"line":121,"column":32},"end":{"line":128,"column":14}},"40":{"start":{"line":130,"column":34},"end":{"line":130,"column":45}},"41":{"start":{"line":131,"column":31},"end":{"line":131,"column":39}},"42":{"start":{"line":133,"column":32},"end":{"line":138,"column":13}},"43":{"start":{"line":140,"column":12},"end":{"line":144,"column":15}},"44":{"start":{"line":141,"column":16},"end":{"line":143,"column":17}},"45":{"start":{"line":142,"column":20},"end":{"line":142,"column":41}},"46":{"start":{"line":146,"column":12},"end":{"line":146,"column":99}},"47":{"start":{"line":148,"column":12},"end":{"line":148,"column":31}},"48":{"start":{"line":149,"column":12},"end":{"line":149,"column":38}},"49":{"start":{"line":154,"column":8},"end":{"line":161,"column":9}},"50":{"start":{"line":156,"column":31},"end":{"line":156,"column":73}},"51":{"start":{"line":157,"column":12},"end":{"line":157,"column":43}},"52":{"start":{"line":159,"column":12},"end":{"line":159,"column":31}},"53":{"start":{"line":160,"column":12},"end":{"line":160,"column":38}},"54":{"start":{"line":165,"column":8},"end":{"line":184,"column":9}},"55":{"start":{"line":166,"column":34},"end":{"line":166,"column":44}},"56":{"start":{"line":168,"column":30},"end":{"line":168,"column":98}},"57":{"start":{"line":170,"column":12},"end":{"line":180,"column":13}},"58":{"start":{"line":171,"column":16},"end":{"line":171,"column":86}},"59":{"start":{"line":173,"column":38},"end":{"line":173,"column":45}},"60":{"start":{"line":176,"column":33},"end":{"line":176,"column":107}},"61":{"start":{"line":177,"column":16},"end":{"line":177,"column":44}},"62":{"start":{"line":179,"column":16},"end":{"line":179,"column":50}},"63":{"start":{"line":182,"column":12},"end":{"line":182,"column":31}},"64":{"start":{"line":183,"column":12},"end":{"line":183,"column":38}},"65":{"start":{"line":188,"column":8},"end":{"line":202,"column":9}},"66":{"start":{"line":189,"column":34},"end":{"line":189,"column":44}},"67":{"start":{"line":191,"column":36},"end":{"line":196,"column":13}},"68":{"start":{"line":198,"column":12},"end":{"line":198,"column":48}},"69":{"start":{"line":200,"column":12},"end":{"line":200,"column":31}},"70":{"start":{"line":201,"column":12},"end":{"line":201,"column":38}},"71":{"start":{"line":206,"column":8},"end":{"line":215,"column":9}},"72":{"start":{"line":207,"column":30},"end":{"line":207,"column":39}},"73":{"start":{"line":209,"column":31},"end":{"line":209,"column":108}},"74":{"start":{"line":211,"column":12},"end":{"line":211,"column":43}},"75":{"start":{"line":213,"column":12},"end":{"line":213,"column":31}},"76":{"start":{"line":214,"column":12},"end":{"line":214,"column":38}},"77":{"start":{"line":220,"column":0},"end":{"line":220,"column":42}}},"fnMap":{"0":{"name":"(anonymous_0)","decl":{"start":{"line":5,"column":19},"end":{"line":5,"column":20}},"loc":{"start":{"line":5,"column":39},"end":{"line":51,"column":5}},"line":5},"1":{"name":"(anonymous_1)","decl":{"start":{"line":39,"column":49},"end":{"line":39,"column":50}},"loc":{"start":{"line":39,"column":66},"end":{"line":43,"column":16}},"line":39},"2":{"name":"(anonymous_2)","decl":{"start":{"line":53,"column":17},"end":{"line":53,"column":18}},"loc":{"start":{"line":53,"column":37},"end":{"line":99,"column":5}},"line":53},"3":{"name":"(anonymous_3)","decl":{"start":{"line":79,"column":53},"end":{"line":79,"column":54}},"loc":{"start":{"line":79,"column":67},"end":{"line":79,"column":81}},"line":79},"4":{"name":"(anonymous_4)","decl":{"start":{"line":88,"column":46},"end":{"line":88,"column":47}},"loc":{"start":{"line":88,"column":63},"end":{"line":92,"column":13}},"line":88},"5":{"name":"(anonymous_5)","decl":{"start":{"line":102,"column":24},"end":{"line":102,"column":25}},"loc":{"start":{"line":102,"column":44},"end":{"line":151,"column":5}},"line":102},"6":{"name":"(anonymous_6)","decl":{"start":{"line":140,"column":46},"end":{"line":140,"column":47}},"loc":{"start":{"line":140,"column":63},"end":{"line":144,"column":13}},"line":140},"7":{"name":"(anonymous_7)","decl":{"start":{"line":153,"column":20},"end":{"line":153,"column":21}},"loc":{"start":{"line":153,"column":40},"end":{"line":162,"column":5}},"line":153},"8":{"name":"(anonymous_8)","decl":{"start":{"line":164,"column":20},"end":{"line":164,"column":21}},"loc":{"start":{"line":164,"column":40},"end":{"line":185,"column":5}},"line":164},"9":{"name":"(anonymous_9)","decl":{"start":{"line":187,"column":35},"end":{"line":187,"column":36}},"loc":{"start":{"line":187,"column":55},"end":{"line":203,"column":5}},"line":187},"10":{"name":"(anonymous_10)","decl":{"start":{"line":205,"column":27},"end":{"line":205,"column":28}},"loc":{"start":{"line":205,"column":47},"end":{"line":216,"column":5}},"line":205}},"branchMap":{"0":{"loc":{"start":{"line":40,"column":19},"end":{"line":42,"column":20}},"type":"if","locations":[{"start":{"line":40,"column":19},"end":{"line":42,"column":20}},{"start":{},"end":{}}],"line":40},"1":{"loc":{"start":{"line":89,"column":16},"end":{"line":91,"column":17}},"type":"if","locations":[{"start":{"line":89,"column":16},"end":{"line":91,"column":17}},{"start":{},"end":{}}],"line":89},"2":{"loc":{"start":{"line":113,"column":12},"end":{"line":115,"column":13}},"type":"if","locations":[{"start":{"line":113,"column":12},"end":{"line":115,"column":13}},{"start":{},"end":{}}],"line":113},"3":{"loc":{"start":{"line":113,"column":16},"end":{"line":113,"column":65}},"type":"binary-expr","locations":[{"start":{"line":113,"column":16},"end":{"line":113,"column":40}},{"start":{"line":113,"column":44},"end":{"line":113,"column":65}}],"line":113},"4":{"loc":{"start":{"line":141,"column":16},"end":{"line":143,"column":17}},"type":"if","locations":[{"start":{"line":141,"column":16},"end":{"line":143,"column":17}},{"start":{},"end":{}}],"line":141},"5":{"loc":{"start":{"line":170,"column":12},"end":{"line":180,"column":13}},"type":"if","locations":[{"start":{"line":170,"column":12},"end":{"line":180,"column":13}},{"start":{"line":172,"column":19},"end":{"line":180,"column":13}}],"line":170}},"s":{"0":1,"1":1,"2":1,"3":0,"4":0,"5":0,"6":0,"7":0,"8":0,"9":0,"10":0,"11":0,"12":0,"13":0,"14":0,"15":0,"16":0,"17":0,"18":0,"19":0,"20":0,"21":0,"22":0,"23":0,"24":0,"25":0,"26":0,"27":0,"28":0,"29":0,"30":0,"31":0,"32":0,"33":0,"34":0,"35":0,"36":0,"37":0,"38":0,"39":0,"40":0,"41":0,"42":0,"43":0,"44":0,"45":0,"46":0,"47":0,"48":0,"49":0,"50":0,"51":0,"52":0,"53":0,"54":1,"55":1,"56":1,"57":1,"58":0,"59":1,"60":0,"61":0,"62":0,"63":1,"64":1,"65":1,"66":1,"67":1,"68":1,"69":0,"70":0,"71":1,"72":1,"73":1,"74":1,"75":0,"76":0,"77":1},"f":{"0":0,"1":0,"2":0,"3":0,"4":0,"5":0,"6":0,"7":0,"8":1,"9":1,"10":1},"b":{"0":[0,0],"1":[0,0],"2":[0,0],"3":[0,0],"4":[0,0],"5":[0,1]},"_coverageSchema":"1a1c01bbd47fc00a2c39e90264f33305004495a9","hash":"c42273ce42fb9193ee99acf4a50f30e6653d5556"}
}
