{"C:\\Users\\Quang Duong\\OneDrive - y5s0m\\Documents\\Github\\ResidentialCondominium\\ResidentialCondominium-Backend\\app\\config\\constant.js": {"path":"C:\\Users\\Quang Duong\\OneDrive - y5s0m\\Documents\\Github\\ResidentialCondominium\\ResidentialCondominium-Backend\\app\\config\\constant.js","statementMap":{"0":{"start":{"line":1,"column":0},"end":{"line":4,"column":2}}},"fnMap":{},"branchMap":{},"s":{"0":2},"f":{},"b":{},"_coverageSchema":"1a1c01bbd47fc00a2c39e90264f33305004495a9","hash":"efd9ac2d961c05a3bb06960fa87b8c974e33f358"}
,"C:\\Users\\Quang Duong\\OneDrive - y5s0m\\Documents\\Github\\ResidentialCondominium\\ResidentialCondominium-Backend\\app\\config\\db.js": {"path":"C:\\Users\\Quang Duong\\OneDrive - y5s0m\\Documents\\Github\\ResidentialCondominium\\ResidentialCondominium-Backend\\app\\config\\db.js","statementMap":{"0":{"start":{"line":1,"column":14},"end":{"line":1,"column":39}},"1":{"start":{"line":3,"column":11},"end":{"line":8,"column":2}},"2":{"start":{"line":10,"column":0},"end":{"line":10,"column":20}}},"fnMap":{},"branchMap":{},"s":{"0":20,"1":20,"2":20},"f":{},"b":{},"_coverageSchema":"1a1c01bbd47fc00a2c39e90264f33305004495a9","hash":"4beebedf319e66226d5b0d5f5920bc1c1a9e339a"}
,"C:\\Users\\Quang Duong\\OneDrive - y5s0m\\Documents\\Github\\ResidentialCondominium\\ResidentialCondominium-Backend\\app\\controllers\\assetCategoryController.js": {"path":"C:\\Users\\Quang Duong\\OneDrive - y5s0m\\Documents\\Github\\ResidentialCondominium\\ResidentialCondominium-Backend\\app\\controllers\\assetCategoryController.js","statementMap":{"0":{"start":{"line":1,"column":11},"end":{"line":1,"column":34}},"1":{"start":{"line":3,"column":32},"end":{"line":111,"column":1}},"2":{"start":{"line":5,"column":8},"end":{"line":12,"column":9}},"3":{"start":{"line":6,"column":26},"end":{"line":6,"column":58}},"4":{"start":{"line":7,"column":38},"end":{"line":7,"column":61}},"5":{"start":{"line":9,"column":12},"end":{"line":9,"column":60}},"6":{"start":{"line":11,"column":12},"end":{"line":11,"column":38}},"7":{"start":{"line":16,"column":8},"end":{"line":36,"column":9}},"8":{"start":{"line":17,"column":42},"end":{"line":17,"column":50}},"9":{"start":{"line":20,"column":31},"end":{"line":20,"column":78}},"10":{"start":{"line":21,"column":34},"end":{"line":21,"column":70}},"11":{"start":{"line":23,"column":12},"end":{"line":26,"column":13}},"12":{"start":{"line":25,"column":16},"end":{"line":25,"column":87}},"13":{"start":{"line":29,"column":32},"end":{"line":29,"column":96}},"14":{"start":{"line":30,"column":29},"end":{"line":30,"column":79}},"15":{"start":{"line":31,"column":36},"end":{"line":31,"column":51}},"16":{"start":{"line":32,"column":12},"end":{"line":32,"column":77}},"17":{"start":{"line":34,"column":12},"end":{"line":34,"column":31}},"18":{"start":{"line":35,"column":12},"end":{"line":35,"column":69}},"19":{"start":{"line":41,"column":8},"end":{"line":56,"column":9}},"20":{"start":{"line":42,"column":36},"end":{"line":42,"column":49}},"21":{"start":{"line":43,"column":26},"end":{"line":43,"column":69}},"22":{"start":{"line":44,"column":12},"end":{"line":44,"column":55}},"23":{"start":{"line":45,"column":12},"end":{"line":45,"column":85}},"24":{"start":{"line":47,"column":12},"end":{"line":55,"column":13}},"25":{"start":{"line":49,"column":16},"end":{"line":51,"column":19}},"26":{"start":{"line":54,"column":16},"end":{"line":54,"column":75}},"27":{"start":{"line":60,"column":8},"end":{"line":80,"column":9}},"28":{"start":{"line":61,"column":36},"end":{"line":61,"column":49}},"29":{"start":{"line":62,"column":42},"end":{"line":62,"column":50}},"30":{"start":{"line":65,"column":12},"end":{"line":73,"column":13}},"31":{"start":{"line":66,"column":35},"end":{"line":66,"column":94}},"32":{"start":{"line":67,"column":38},"end":{"line":67,"column":91}},"33":{"start":{"line":69,"column":16},"end":{"line":72,"column":17}},"34":{"start":{"line":71,"column":20},"end":{"line":71,"column":91}},"35":{"start":{"line":75,"column":26},"end":{"line":75,"column":94}},"36":{"start":{"line":76,"column":12},"end":{"line":76,"column":74}},"37":{"start":{"line":77,"column":12},"end":{"line":77,"column":85}},"38":{"start":{"line":79,"column":12},"end":{"line":79,"column":38}},"39":{"start":{"line":84,"column":8},"end":{"line":92,"column":9}},"40":{"start":{"line":85,"column":32},"end":{"line":85,"column":41}},"41":{"start":{"line":86,"column":26},"end":{"line":86,"column":98}},"42":{"start":{"line":87,"column":31},"end":{"line":87,"column":45}},"43":{"start":{"line":88,"column":38},"end":{"line":88,"column":87}},"44":{"start":{"line":89,"column":12},"end":{"line":89,"column":60}},"45":{"start":{"line":91,"column":12},"end":{"line":91,"column":38}},"46":{"start":{"line":96,"column":8},"end":{"line":109,"column":9}},"47":{"start":{"line":97,"column":29},"end":{"line":97,"column":42}},"48":{"start":{"line":99,"column":24},"end":{"line":99,"column":89}},"49":{"start":{"line":100,"column":29},"end":{"line":100,"column":66}},"50":{"start":{"line":102,"column":10},"end":{"line":104,"column":11}},"51":{"start":{"line":103,"column":12},"end":{"line":103,"column":81}},"52":{"start":{"line":106,"column":10},"end":{"line":106,"column":54}},"53":{"start":{"line":108,"column":10},"end":{"line":108,"column":36}},"54":{"start":{"line":113,"column":0},"end":{"line":113,"column":41}}},"fnMap":{"0":{"name":"(anonymous_0)","decl":{"start":{"line":4,"column":27},"end":{"line":4,"column":28}},"loc":{"start":{"line":4,"column":47},"end":{"line":13,"column":5}},"line":4},"1":{"name":"(anonymous_1)","decl":{"start":{"line":15,"column":25},"end":{"line":15,"column":26}},"loc":{"start":{"line":15,"column":45},"end":{"line":37,"column":5}},"line":15},"2":{"name":"(anonymous_2)","decl":{"start":{"line":40,"column":25},"end":{"line":40,"column":26}},"loc":{"start":{"line":40,"column":45},"end":{"line":57,"column":5}},"line":40},"3":{"name":"(anonymous_3)","decl":{"start":{"line":59,"column":25},"end":{"line":59,"column":26}},"loc":{"start":{"line":59,"column":45},"end":{"line":81,"column":5}},"line":59},"4":{"name":"(anonymous_4)","decl":{"start":{"line":83,"column":27},"end":{"line":83,"column":28}},"loc":{"start":{"line":83,"column":47},"end":{"line":93,"column":5}},"line":83},"5":{"name":"(anonymous_5)","decl":{"start":{"line":95,"column":26},"end":{"line":95,"column":27}},"loc":{"start":{"line":95,"column":46},"end":{"line":110,"column":7}},"line":95}},"branchMap":{"0":{"loc":{"start":{"line":23,"column":12},"end":{"line":26,"column":13}},"type":"if","locations":[{"start":{"line":23,"column":12},"end":{"line":26,"column":13}},{"start":{},"end":{}}],"line":23},"1":{"loc":{"start":{"line":47,"column":12},"end":{"line":55,"column":13}},"type":"if","locations":[{"start":{"line":47,"column":12},"end":{"line":55,"column":13}},{"start":{"line":52,"column":19},"end":{"line":55,"column":13}}],"line":47},"2":{"loc":{"start":{"line":47,"column":16},"end":{"line":47,"column":65}},"type":"binary-expr","locations":[{"start":{"line":47,"column":16},"end":{"line":47,"column":24}},{"start":{"line":47,"column":28},"end":{"line":47,"column":65}}],"line":47},"3":{"loc":{"start":{"line":65,"column":12},"end":{"line":73,"column":13}},"type":"if","locations":[{"start":{"line":65,"column":12},"end":{"line":73,"column":13}},{"start":{},"end":{}}],"line":65},"4":{"loc":{"start":{"line":69,"column":16},"end":{"line":72,"column":17}},"type":"if","locations":[{"start":{"line":69,"column":16},"end":{"line":72,"column":17}},{"start":{},"end":{}}],"line":69},"5":{"loc":{"start":{"line":102,"column":10},"end":{"line":104,"column":11}},"type":"if","locations":[{"start":{"line":102,"column":10},"end":{"line":104,"column":11}},{"start":{},"end":{}}],"line":102}},"s":{"0":1,"1":1,"2":2,"3":2,"4":2,"5":1,"6":1,"7":2,"8":2,"9":2,"10":2,"11":1,"12":0,"13":1,"14":1,"15":1,"16":1,"17":2,"18":2,"19":1,"20":1,"21":1,"22":1,"23":1,"24":0,"25":0,"26":0,"27":2,"28":2,"29":2,"30":2,"31":2,"32":2,"33":0,"34":0,"35":0,"36":0,"37":0,"38":2,"39":1,"40":1,"41":1,"42":1,"43":1,"44":1,"45":0,"46":3,"47":3,"48":3,"49":3,"50":2,"51":1,"52":1,"53":2,"54":1},"f":{"0":2,"1":2,"2":1,"3":2,"4":1,"5":3},"b":{"0":[0,1],"1":[0,0],"2":[0,0],"3":[2,0],"4":[0,0],"5":[1,1]},"_coverageSchema":"1a1c01bbd47fc00a2c39e90264f33305004495a9","hash":"c4840ac56a44aa5341dd68d4d77d310dba3eefa4"}
,"C:\\Users\\Quang Duong\\OneDrive - y5s0m\\Documents\\Github\\ResidentialCondominium\\ResidentialCondominium-Backend\\app\\controllers\\assetController.js": {"path":"C:\\Users\\Quang Duong\\OneDrive - y5s0m\\Documents\\Github\\ResidentialCondominium\\ResidentialCondominium-Backend\\app\\controllers\\assetController.js","statementMap":{"0":{"start":{"line":2,"column":11},"end":{"line":2,"column":34}},"1":{"start":{"line":4,"column":24},"end":{"line":128,"column":1}},"2":{"start":{"line":6,"column":8},"end":{"line":12,"column":9}},"3":{"start":{"line":7,"column":26},"end":{"line":7,"column":166}},"4":{"start":{"line":8,"column":29},"end":{"line":8,"column":52}},"5":{"start":{"line":9,"column":12},"end":{"line":9,"column":51}},"6":{"start":{"line":11,"column":12},"end":{"line":11,"column":38}},"7":{"start":{"line":16,"column":8},"end":{"line":44,"column":9}},"8":{"start":{"line":17,"column":96},"end":{"line":17,"column":104}},"9":{"start":{"line":20,"column":31},"end":{"line":20,"column":69}},"10":{"start":{"line":21,"column":36},"end":{"line":21,"column":72}},"11":{"start":{"line":23,"column":12},"end":{"line":25,"column":13}},"12":{"start":{"line":24,"column":16},"end":{"line":24,"column":100}},"13":{"start":{"line":27,"column":26},"end":{"line":27,"column":153}},"14":{"start":{"line":28,"column":29},"end":{"line":28,"column":127}},"15":{"start":{"line":30,"column":28},"end":{"line":30,"column":43}},"16":{"start":{"line":31,"column":12},"end":{"line":41,"column":15}},"17":{"start":{"line":43,"column":12},"end":{"line":43,"column":38}},"18":{"start":{"line":48,"column":8},"end":{"line":79,"column":9}},"19":{"start":{"line":49,"column":28},"end":{"line":49,"column":41}},"20":{"start":{"line":50,"column":86},"end":{"line":50,"column":94}},"21":{"start":{"line":53,"column":12},"end":{"line":60,"column":13}},"22":{"start":{"line":54,"column":35},"end":{"line":54,"column":85}},"23":{"start":{"line":55,"column":40},"end":{"line":55,"column":85}},"24":{"start":{"line":57,"column":16},"end":{"line":59,"column":17}},"25":{"start":{"line":58,"column":20},"end":{"line":58,"column":104}},"26":{"start":{"line":65,"column":12},"end":{"line":73,"column":13}},"27":{"start":{"line":67,"column":16},"end":{"line":67,"column":148}},"28":{"start":{"line":68,"column":16},"end":{"line":68,"column":98}},"29":{"start":{"line":71,"column":16},"end":{"line":71,"column":137}},"30":{"start":{"line":72,"column":16},"end":{"line":72,"column":91}},"31":{"start":{"line":75,"column":12},"end":{"line":75,"column":44}},"32":{"start":{"line":76,"column":12},"end":{"line":76,"column":76}},"33":{"start":{"line":78,"column":12},"end":{"line":78,"column":38}},"34":{"start":{"line":83,"column":8},"end":{"line":98,"column":9}},"35":{"start":{"line":84,"column":28},"end":{"line":84,"column":41}},"36":{"start":{"line":85,"column":26},"end":{"line":85,"column":59}},"37":{"start":{"line":86,"column":12},"end":{"line":86,"column":47}},"38":{"start":{"line":87,"column":12},"end":{"line":87,"column":76}},"39":{"start":{"line":89,"column":12},"end":{"line":97,"column":13}},"40":{"start":{"line":91,"column":16},"end":{"line":93,"column":19}},"41":{"start":{"line":96,"column":16},"end":{"line":96,"column":75}},"42":{"start":{"line":102,"column":8},"end":{"line":114,"column":9}},"43":{"start":{"line":103,"column":28},"end":{"line":103,"column":41}},"44":{"start":{"line":104,"column":26},"end":{"line":104,"column":186}},"45":{"start":{"line":105,"column":28},"end":{"line":105,"column":62}},"46":{"start":{"line":107,"column":12},"end":{"line":109,"column":13}},"47":{"start":{"line":108,"column":16},"end":{"line":108,"column":76}},"48":{"start":{"line":111,"column":12},"end":{"line":111,"column":53}},"49":{"start":{"line":113,"column":12},"end":{"line":113,"column":38}},"50":{"start":{"line":118,"column":8},"end":{"line":126,"column":9}},"51":{"start":{"line":119,"column":32},"end":{"line":119,"column":41}},"52":{"start":{"line":120,"column":31},"end":{"line":120,"column":45}},"53":{"start":{"line":121,"column":26},"end":{"line":121,"column":107}},"54":{"start":{"line":122,"column":29},"end":{"line":122,"column":90}},"55":{"start":{"line":123,"column":12},"end":{"line":123,"column":51}},"56":{"start":{"line":125,"column":12},"end":{"line":125,"column":38}},"57":{"start":{"line":130,"column":0},"end":{"line":130,"column":33}}},"fnMap":{"0":{"name":"(anonymous_0)","decl":{"start":{"line":5,"column":18},"end":{"line":5,"column":19}},"loc":{"start":{"line":5,"column":38},"end":{"line":13,"column":5}},"line":5},"1":{"name":"(anonymous_1)","decl":{"start":{"line":15,"column":17},"end":{"line":15,"column":18}},"loc":{"start":{"line":15,"column":37},"end":{"line":45,"column":5}},"line":15},"2":{"name":"(anonymous_2)","decl":{"start":{"line":47,"column":17},"end":{"line":47,"column":18}},"loc":{"start":{"line":47,"column":37},"end":{"line":80,"column":5}},"line":47},"3":{"name":"(anonymous_3)","decl":{"start":{"line":82,"column":17},"end":{"line":82,"column":18}},"loc":{"start":{"line":82,"column":37},"end":{"line":99,"column":5}},"line":82},"4":{"name":"(anonymous_4)","decl":{"start":{"line":101,"column":17},"end":{"line":101,"column":18}},"loc":{"start":{"line":101,"column":37},"end":{"line":115,"column":5}},"line":101},"5":{"name":"(anonymous_5)","decl":{"start":{"line":117,"column":18},"end":{"line":117,"column":19}},"loc":{"start":{"line":117,"column":38},"end":{"line":127,"column":5}},"line":117}},"branchMap":{"0":{"loc":{"start":{"line":23,"column":12},"end":{"line":25,"column":13}},"type":"if","locations":[{"start":{"line":23,"column":12},"end":{"line":25,"column":13}},{"start":{},"end":{}}],"line":23},"1":{"loc":{"start":{"line":53,"column":12},"end":{"line":60,"column":13}},"type":"if","locations":[{"start":{"line":53,"column":12},"end":{"line":60,"column":13}},{"start":{},"end":{}}],"line":53},"2":{"loc":{"start":{"line":57,"column":16},"end":{"line":59,"column":17}},"type":"if","locations":[{"start":{"line":57,"column":16},"end":{"line":59,"column":17}},{"start":{},"end":{}}],"line":57},"3":{"loc":{"start":{"line":65,"column":12},"end":{"line":73,"column":13}},"type":"if","locations":[{"start":{"line":65,"column":12},"end":{"line":73,"column":13}},{"start":{"line":69,"column":19},"end":{"line":73,"column":13}}],"line":65},"4":{"loc":{"start":{"line":89,"column":12},"end":{"line":97,"column":13}},"type":"if","locations":[{"start":{"line":89,"column":12},"end":{"line":97,"column":13}},{"start":{"line":94,"column":19},"end":{"line":97,"column":13}}],"line":89},"5":{"loc":{"start":{"line":89,"column":16},"end":{"line":89,"column":65}},"type":"binary-expr","locations":[{"start":{"line":89,"column":16},"end":{"line":89,"column":24}},{"start":{"line":89,"column":28},"end":{"line":89,"column":65}}],"line":89},"6":{"loc":{"start":{"line":107,"column":12},"end":{"line":109,"column":13}},"type":"if","locations":[{"start":{"line":107,"column":12},"end":{"line":109,"column":13}},{"start":{},"end":{}}],"line":107}},"s":{"0":1,"1":1,"2":1,"3":1,"4":1,"5":1,"6":0,"7":1,"8":1,"9":1,"10":1,"11":1,"12":0,"13":1,"14":1,"15":0,"16":0,"17":1,"18":1,"19":1,"20":1,"21":1,"22":1,"23":1,"24":1,"25":0,"26":0,"27":0,"28":0,"29":0,"30":0,"31":0,"32":0,"33":1,"34":1,"35":1,"36":1,"37":1,"38":1,"39":0,"40":0,"41":0,"42":1,"43":1,"44":1,"45":1,"46":1,"47":0,"48":1,"49":0,"50":1,"51":1,"52":1,"53":1,"54":1,"55":1,"56":0,"57":1},"f":{"0":1,"1":1,"2":1,"3":1,"4":1,"5":1},"b":{"0":[0,1],"1":[1,0],"2":[0,0],"3":[0,0],"4":[0,0],"5":[0,0],"6":[0,1]},"_coverageSchema":"1a1c01bbd47fc00a2c39e90264f33305004495a9","hash":"3ea4654f7d6ac13159ff3e6b16ea9a289133da62"}
,"C:\\Users\\Quang Duong\\OneDrive - y5s0m\\Documents\\Github\\ResidentialCondominium\\ResidentialCondominium-Backend\\app\\controllers\\assetEventController.js": {"path":"C:\\Users\\Quang Duong\\OneDrive - y5s0m\\Documents\\Github\\ResidentialCondominium\\ResidentialCondominium-Backend\\app\\controllers\\assetEventController.js","statementMap":{"0":{"start":{"line":1,"column":11},"end":{"line":1,"column":34}},"1":{"start":{"line":3,"column":29},"end":{"line":118,"column":1}},"2":{"start":{"line":6,"column":8},"end":{"line":20,"column":9}},"3":{"start":{"line":7,"column":68},"end":{"line":7,"column":76}},"4":{"start":{"line":10,"column":26},"end":{"line":10,"column":140}},"5":{"start":{"line":11,"column":12},"end":{"line":11,"column":95}},"6":{"start":{"line":14,"column":32},"end":{"line":14,"column":88}},"7":{"start":{"line":15,"column":12},"end":{"line":15,"column":64}},"8":{"start":{"line":17,"column":12},"end":{"line":17,"column":86}},"9":{"start":{"line":19,"column":12},"end":{"line":19,"column":38}},"10":{"start":{"line":25,"column":8},"end":{"line":48,"column":9}},"11":{"start":{"line":26,"column":68},"end":{"line":26,"column":76}},"12":{"start":{"line":29,"column":31},"end":{"line":29,"column":73}},"13":{"start":{"line":30,"column":32},"end":{"line":30,"column":72}},"14":{"start":{"line":31,"column":36},"end":{"line":31,"column":57}},"15":{"start":{"line":33,"column":12},"end":{"line":35,"column":13}},"16":{"start":{"line":34,"column":16},"end":{"line":34,"column":86}},"17":{"start":{"line":38,"column":26},"end":{"line":38,"column":140}},"18":{"start":{"line":39,"column":12},"end":{"line":39,"column":91}},"19":{"start":{"line":42,"column":32},"end":{"line":42,"column":88}},"20":{"start":{"line":43,"column":12},"end":{"line":43,"column":64}},"21":{"start":{"line":45,"column":12},"end":{"line":45,"column":82}},"22":{"start":{"line":47,"column":12},"end":{"line":47,"column":38}},"23":{"start":{"line":53,"column":8},"end":{"line":67,"column":9}},"24":{"start":{"line":54,"column":58},"end":{"line":54,"column":66}},"25":{"start":{"line":57,"column":26},"end":{"line":57,"column":127}},"26":{"start":{"line":58,"column":12},"end":{"line":58,"column":81}},"27":{"start":{"line":61,"column":32},"end":{"line":61,"column":80}},"28":{"start":{"line":62,"column":12},"end":{"line":62,"column":67}},"29":{"start":{"line":64,"column":12},"end":{"line":64,"column":86}},"30":{"start":{"line":66,"column":12},"end":{"line":66,"column":38}},"31":{"start":{"line":71,"column":8},"end":{"line":77,"column":9}},"32":{"start":{"line":72,"column":26},"end":{"line":72,"column":133}},"33":{"start":{"line":73,"column":34},"end":{"line":73,"column":57}},"34":{"start":{"line":74,"column":12},"end":{"line":74,"column":56}},"35":{"start":{"line":76,"column":12},"end":{"line":76,"column":38}},"36":{"start":{"line":81,"column":8},"end":{"line":93,"column":9}},"37":{"start":{"line":82,"column":28},"end":{"line":82,"column":41}},"38":{"start":{"line":83,"column":26},"end":{"line":83,"column":74}},"39":{"start":{"line":84,"column":33},"end":{"line":84,"column":67}},"40":{"start":{"line":86,"column":12},"end":{"line":88,"column":13}},"41":{"start":{"line":87,"column":16},"end":{"line":87,"column":82}},"42":{"start":{"line":90,"column":12},"end":{"line":90,"column":58}},"43":{"start":{"line":92,"column":12},"end":{"line":92,"column":38}},"44":{"start":{"line":97,"column":8},"end":{"line":104,"column":9}},"45":{"start":{"line":98,"column":28},"end":{"line":98,"column":41}},"46":{"start":{"line":99,"column":26},"end":{"line":99,"column":72}},"47":{"start":{"line":100,"column":12},"end":{"line":100,"column":47}},"48":{"start":{"line":101,"column":12},"end":{"line":101,"column":82}},"49":{"start":{"line":103,"column":12},"end":{"line":103,"column":38}},"50":{"start":{"line":108,"column":8},"end":{"line":116,"column":9}},"51":{"start":{"line":109,"column":32},"end":{"line":109,"column":41}},"52":{"start":{"line":110,"column":31},"end":{"line":110,"column":45}},"53":{"start":{"line":111,"column":26},"end":{"line":111,"column":179}},"54":{"start":{"line":112,"column":34},"end":{"line":112,"column":83}},"55":{"start":{"line":113,"column":12},"end":{"line":113,"column":56}},"56":{"start":{"line":115,"column":12},"end":{"line":115,"column":38}},"57":{"start":{"line":120,"column":0},"end":{"line":120,"column":38}}},"fnMap":{"0":{"name":"(anonymous_0)","decl":{"start":{"line":5,"column":19},"end":{"line":5,"column":20}},"loc":{"start":{"line":5,"column":39},"end":{"line":21,"column":5}},"line":5},"1":{"name":"(anonymous_1)","decl":{"start":{"line":24,"column":15},"end":{"line":24,"column":16}},"loc":{"start":{"line":24,"column":35},"end":{"line":49,"column":5}},"line":24},"2":{"name":"(anonymous_2)","decl":{"start":{"line":52,"column":15},"end":{"line":52,"column":16}},"loc":{"start":{"line":52,"column":35},"end":{"line":68,"column":5}},"line":52},"3":{"name":"(anonymous_3)","decl":{"start":{"line":70,"column":23},"end":{"line":70,"column":24}},"loc":{"start":{"line":70,"column":43},"end":{"line":78,"column":5}},"line":70},"4":{"name":"(anonymous_4)","decl":{"start":{"line":80,"column":23},"end":{"line":80,"column":24}},"loc":{"start":{"line":80,"column":43},"end":{"line":94,"column":5}},"line":80},"5":{"name":"(anonymous_5)","decl":{"start":{"line":96,"column":22},"end":{"line":96,"column":23}},"loc":{"start":{"line":96,"column":42},"end":{"line":105,"column":5}},"line":96},"6":{"name":"(anonymous_6)","decl":{"start":{"line":107,"column":23},"end":{"line":107,"column":24}},"loc":{"start":{"line":107,"column":43},"end":{"line":117,"column":5}},"line":107}},"branchMap":{"0":{"loc":{"start":{"line":33,"column":12},"end":{"line":35,"column":13}},"type":"if","locations":[{"start":{"line":33,"column":12},"end":{"line":35,"column":13}},{"start":{},"end":{}}],"line":33},"1":{"loc":{"start":{"line":86,"column":12},"end":{"line":88,"column":13}},"type":"if","locations":[{"start":{"line":86,"column":12},"end":{"line":88,"column":13}},{"start":{},"end":{}}],"line":86}},"s":{"0":1,"1":1,"2":2,"3":2,"4":2,"5":2,"6":1,"7":1,"8":1,"9":1,"10":2,"11":2,"12":2,"13":2,"14":2,"15":0,"16":0,"17":0,"18":0,"19":0,"20":0,"21":0,"22":2,"23":2,"24":2,"25":2,"26":2,"27":1,"28":1,"29":0,"30":2,"31":2,"32":2,"33":2,"34":1,"35":1,"36":2,"37":2,"38":2,"39":2,"40":1,"41":0,"42":1,"43":1,"44":2,"45":2,"46":2,"47":2,"48":1,"49":1,"50":2,"51":2,"52":2,"53":2,"54":2,"55":1,"56":1,"57":1},"f":{"0":2,"1":2,"2":2,"3":2,"4":2,"5":2,"6":2},"b":{"0":[0,0],"1":[0,1]},"_coverageSchema":"1a1c01bbd47fc00a2c39e90264f33305004495a9","hash":"62dd92969157f249a7e10b4efca1633f63f6c1c8"}
,"C:\\Users\\Quang Duong\\OneDrive - y5s0m\\Documents\\Github\\ResidentialCondominium\\ResidentialCondominium-Backend\\app\\controllers\\authController.js": {"path":"C:\\Users\\Quang Duong\\OneDrive - y5s0m\\Documents\\Github\\ResidentialCondominium\\ResidentialCondominium-Backend\\app\\controllers\\authController.js","statementMap":{"0":{"start":{"line":1,"column":11},"end":{"line":1,"column":34}},"1":{"start":{"line":2,"column":15},"end":{"line":2,"column":32}},"2":{"start":{"line":3,"column":12},"end":{"line":3,"column":35}},"3":{"start":{"line":4,"column":15},"end":{"line":4,"column":44}},"4":{"start":{"line":5,"column":19},"end":{"line":5,"column":40}},"5":{"start":{"line":6,"column":15},"end":{"line":6,"column":32}},"6":{"start":{"line":8,"column":23},"end":{"line":196,"column":1}},"7":{"start":{"line":10,"column":8},"end":{"line":40,"column":9}},"8":{"start":{"line":11,"column":25},"end":{"line":11,"column":49}},"9":{"start":{"line":12,"column":27},"end":{"line":12,"column":69}},"10":{"start":{"line":15,"column":38},"end":{"line":15,"column":111}},"11":{"start":{"line":17,"column":12},"end":{"line":19,"column":13}},"12":{"start":{"line":18,"column":16},"end":{"line":18,"column":62}},"13":{"start":{"line":22,"column":27},"end":{"line":25,"column":13}},"14":{"start":{"line":27,"column":25},"end":{"line":34,"column":13}},"15":{"start":{"line":36,"column":12},"end":{"line":36,"column":39}},"16":{"start":{"line":38,"column":12},"end":{"line":38,"column":31}},"17":{"start":{"line":39,"column":12},"end":{"line":39,"column":51}},"18":{"start":{"line":44,"column":8},"end":{"line":70,"column":9}},"19":{"start":{"line":46,"column":27},"end":{"line":46,"column":100}},"20":{"start":{"line":47,"column":25},"end":{"line":47,"column":32}},"21":{"start":{"line":49,"column":12},"end":{"line":51,"column":13}},"22":{"start":{"line":50,"column":16},"end":{"line":50,"column":97}},"23":{"start":{"line":54,"column":37},"end":{"line":54,"column":91}},"24":{"start":{"line":56,"column":12},"end":{"line":58,"column":13}},"25":{"start":{"line":57,"column":16},"end":{"line":57,"column":84}},"26":{"start":{"line":60,"column":12},"end":{"line":66,"column":13}},"27":{"start":{"line":62,"column":30},"end":{"line":62,"column":99}},"28":{"start":{"line":64,"column":16},"end":{"line":64,"column":51}},"29":{"start":{"line":65,"column":16},"end":{"line":65,"column":68}},"30":{"start":{"line":68,"column":12},"end":{"line":68,"column":31}},"31":{"start":{"line":69,"column":12},"end":{"line":69,"column":38}},"32":{"start":{"line":74,"column":8},"end":{"line":115,"column":9}},"33":{"start":{"line":75,"column":26},"end":{"line":75,"column":64}},"34":{"start":{"line":77,"column":31},"end":{"line":77,"column":104}},"35":{"start":{"line":78,"column":25},"end":{"line":78,"column":36}},"36":{"start":{"line":80,"column":12},"end":{"line":82,"column":13}},"37":{"start":{"line":81,"column":16},"end":{"line":81,"column":97}},"38":{"start":{"line":84,"column":12},"end":{"line":86,"column":14}},"39":{"start":{"line":88,"column":32},"end":{"line":95,"column":14}},"40":{"start":{"line":97,"column":32},"end":{"line":102,"column":13}},"41":{"start":{"line":104,"column":12},"end":{"line":111,"column":15}},"42":{"start":{"line":105,"column":16},"end":{"line":108,"column":17}},"43":{"start":{"line":106,"column":20},"end":{"line":106,"column":41}},"44":{"start":{"line":107,"column":20},"end":{"line":107,"column":107}},"45":{"start":{"line":109,"column":16},"end":{"line":109,"column":60}},"46":{"start":{"line":110,"column":16},"end":{"line":110,"column":85}},"47":{"start":{"line":113,"column":12},"end":{"line":113,"column":31}},"48":{"start":{"line":114,"column":12},"end":{"line":114,"column":38}},"49":{"start":{"line":119,"column":8},"end":{"line":143,"column":9}},"50":{"start":{"line":120,"column":26},"end":{"line":120,"column":40}},"51":{"start":{"line":123,"column":32},"end":{"line":123,"column":112}},"52":{"start":{"line":124,"column":31},"end":{"line":124,"column":43}},"53":{"start":{"line":126,"column":12},"end":{"line":128,"column":13}},"54":{"start":{"line":127,"column":16},"end":{"line":127,"column":101}},"55":{"start":{"line":131,"column":25},"end":{"line":131,"column":49}},"56":{"start":{"line":132,"column":35},"end":{"line":132,"column":80}},"57":{"start":{"line":134,"column":12},"end":{"line":134,"column":113}},"58":{"start":{"line":137,"column":12},"end":{"line":137,"column":91}},"59":{"start":{"line":139,"column":12},"end":{"line":139,"column":90}},"60":{"start":{"line":141,"column":12},"end":{"line":141,"column":31}},"61":{"start":{"line":142,"column":12},"end":{"line":142,"column":38}},"62":{"start":{"line":148,"column":8},"end":{"line":193,"column":9}},"63":{"start":{"line":149,"column":45},"end":{"line":149,"column":53}},"64":{"start":{"line":152,"column":31},"end":{"line":152,"column":93}},"65":{"start":{"line":155,"column":39},"end":{"line":158,"column":13}},"66":{"start":{"line":160,"column":35},"end":{"line":160,"column":60}},"67":{"start":{"line":163,"column":32},"end":{"line":170,"column":14}},"68":{"start":{"line":173,"column":12},"end":{"line":187,"column":13}},"69":{"start":{"line":175,"column":36},"end":{"line":180,"column":17}},"70":{"start":{"line":182,"column":16},"end":{"line":186,"column":19}},"71":{"start":{"line":183,"column":20},"end":{"line":185,"column":21}},"72":{"start":{"line":184,"column":24},"end":{"line":184,"column":45}},"73":{"start":{"line":189,"column":12},"end":{"line":189,"column":119}},"74":{"start":{"line":191,"column":12},"end":{"line":191,"column":31}},"75":{"start":{"line":192,"column":12},"end":{"line":192,"column":38}},"76":{"start":{"line":198,"column":0},"end":{"line":198,"column":32}}},"fnMap":{"0":{"name":"(anonymous_0)","decl":{"start":{"line":9,"column":18},"end":{"line":9,"column":19}},"loc":{"start":{"line":9,"column":38},"end":{"line":41,"column":5}},"line":9},"1":{"name":"(anonymous_1)","decl":{"start":{"line":43,"column":11},"end":{"line":43,"column":12}},"loc":{"start":{"line":43,"column":31},"end":{"line":71,"column":5}},"line":43},"2":{"name":"(anonymous_2)","decl":{"start":{"line":73,"column":20},"end":{"line":73,"column":21}},"loc":{"start":{"line":73,"column":40},"end":{"line":116,"column":5}},"line":73},"3":{"name":"(anonymous_3)","decl":{"start":{"line":104,"column":46},"end":{"line":104,"column":47}},"loc":{"start":{"line":104,"column":63},"end":{"line":111,"column":13}},"line":104},"4":{"name":"(anonymous_4)","decl":{"start":{"line":118,"column":19},"end":{"line":118,"column":20}},"loc":{"start":{"line":118,"column":39},"end":{"line":144,"column":5}},"line":118},"5":{"name":"(anonymous_5)","decl":{"start":{"line":147,"column":24},"end":{"line":147,"column":25}},"loc":{"start":{"line":147,"column":44},"end":{"line":194,"column":5}},"line":147},"6":{"name":"(anonymous_6)","decl":{"start":{"line":182,"column":50},"end":{"line":182,"column":51}},"loc":{"start":{"line":182,"column":67},"end":{"line":186,"column":17}},"line":182}},"branchMap":{"0":{"loc":{"start":{"line":17,"column":12},"end":{"line":19,"column":13}},"type":"if","locations":[{"start":{"line":17,"column":12},"end":{"line":19,"column":13}},{"start":{},"end":{}}],"line":17},"1":{"loc":{"start":{"line":49,"column":12},"end":{"line":51,"column":13}},"type":"if","locations":[{"start":{"line":49,"column":12},"end":{"line":51,"column":13}},{"start":{},"end":{}}],"line":49},"2":{"loc":{"start":{"line":56,"column":12},"end":{"line":58,"column":13}},"type":"if","locations":[{"start":{"line":56,"column":12},"end":{"line":58,"column":13}},{"start":{},"end":{}}],"line":56},"3":{"loc":{"start":{"line":60,"column":12},"end":{"line":66,"column":13}},"type":"if","locations":[{"start":{"line":60,"column":12},"end":{"line":66,"column":13}},{"start":{},"end":{}}],"line":60},"4":{"loc":{"start":{"line":60,"column":16},"end":{"line":60,"column":40}},"type":"binary-expr","locations":[{"start":{"line":60,"column":16},"end":{"line":60,"column":20}},{"start":{"line":60,"column":24},"end":{"line":60,"column":40}}],"line":60},"5":{"loc":{"start":{"line":80,"column":12},"end":{"line":82,"column":13}},"type":"if","locations":[{"start":{"line":80,"column":12},"end":{"line":82,"column":13}},{"start":{},"end":{}}],"line":80},"6":{"loc":{"start":{"line":105,"column":16},"end":{"line":108,"column":17}},"type":"if","locations":[{"start":{"line":105,"column":16},"end":{"line":108,"column":17}},{"start":{},"end":{}}],"line":105},"7":{"loc":{"start":{"line":126,"column":12},"end":{"line":128,"column":13}},"type":"if","locations":[{"start":{"line":126,"column":12},"end":{"line":128,"column":13}},{"start":{},"end":{}}],"line":126},"8":{"loc":{"start":{"line":126,"column":16},"end":{"line":126,"column":65}},"type":"binary-expr","locations":[{"start":{"line":126,"column":16},"end":{"line":126,"column":27}},{"start":{"line":126,"column":31},"end":{"line":126,"column":65}}],"line":126},"9":{"loc":{"start":{"line":183,"column":20},"end":{"line":185,"column":21}},"type":"if","locations":[{"start":{"line":183,"column":20},"end":{"line":185,"column":21}},{"start":{},"end":{}}],"line":183}},"s":{"0":1,"1":1,"2":1,"3":1,"4":1,"5":1,"6":1,"7":2,"8":2,"9":2,"10":2,"11":1,"12":0,"13":1,"14":1,"15":1,"16":1,"17":1,"18":2,"19":2,"20":1,"21":1,"22":0,"23":1,"24":1,"25":0,"26":1,"27":1,"28":1,"29":0,"30":2,"31":2,"32":3,"33":3,"34":3,"35":1,"36":1,"37":0,"38":1,"39":1,"40":1,"41":1,"42":0,"43":0,"44":0,"45":0,"46":0,"47":2,"48":2,"49":3,"50":3,"51":3,"52":1,"53":1,"54":0,"55":1,"56":1,"57":1,"58":1,"59":1,"60":2,"61":2,"62":0,"63":0,"64":0,"65":0,"66":0,"67":0,"68":0,"69":0,"70":0,"71":0,"72":0,"73":0,"74":0,"75":0,"76":1},"f":{"0":2,"1":2,"2":3,"3":0,"4":3,"5":0,"6":0},"b":{"0":[0,1],"1":[0,1],"2":[0,1],"3":[1,0],"4":[1,1],"5":[0,1],"6":[0,0],"7":[0,1],"8":[1,1],"9":[0,0]},"_coverageSchema":"1a1c01bbd47fc00a2c39e90264f33305004495a9","hash":"1b5c754a7f374ba6ccdacfc10f5baace6838b361"}
,"C:\\Users\\Quang Duong\\OneDrive - y5s0m\\Documents\\Github\\ResidentialCondominium\\ResidentialCondominium-Backend\\app\\controllers\\complaintController.js": {"path":"C:\\Users\\Quang Duong\\OneDrive - y5s0m\\Documents\\Github\\ResidentialCondominium\\ResidentialCondominium-Backend\\app\\controllers\\complaintController.js","statementMap":{"0":{"start":{"line":1,"column":11},"end":{"line":1,"column":34}},"1":{"start":{"line":3,"column":28},"end":{"line":122,"column":1}},"2":{"start":{"line":6,"column":8},"end":{"line":32,"column":9}},"3":{"start":{"line":7,"column":79},"end":{"line":7,"column":87}},"4":{"start":{"line":10,"column":31},"end":{"line":10,"column":94}},"5":{"start":{"line":11,"column":34},"end":{"line":11,"column":100}},"6":{"start":{"line":13,"column":25},"end":{"line":13,"column":36}},"7":{"start":{"line":14,"column":28},"end":{"line":14,"column":42}},"8":{"start":{"line":16,"column":12},"end":{"line":18,"column":13}},"9":{"start":{"line":17,"column":16},"end":{"line":17,"column":101}},"10":{"start":{"line":21,"column":36},"end":{"line":24,"column":13}},"11":{"start":{"line":26,"column":32},"end":{"line":26,"column":54}},"12":{"start":{"line":28,"column":12},"end":{"line":28,"column":96}},"13":{"start":{"line":30,"column":12},"end":{"line":30,"column":31}},"14":{"start":{"line":31,"column":12},"end":{"line":31,"column":38}},"15":{"start":{"line":37,"column":8},"end":{"line":44,"column":9}},"16":{"start":{"line":38,"column":26},"end":{"line":38,"column":443}},"17":{"start":{"line":39,"column":33},"end":{"line":39,"column":56}},"18":{"start":{"line":40,"column":12},"end":{"line":40,"column":45}},"19":{"start":{"line":42,"column":12},"end":{"line":42,"column":31}},"20":{"start":{"line":43,"column":12},"end":{"line":43,"column":38}},"21":{"start":{"line":49,"column":8},"end":{"line":58,"column":9}},"22":{"start":{"line":50,"column":36},"end":{"line":50,"column":46}},"23":{"start":{"line":51,"column":85},"end":{"line":51,"column":93}},"24":{"start":{"line":52,"column":26},"end":{"line":52,"column":147}},"25":{"start":{"line":53,"column":12},"end":{"line":53,"column":113}},"26":{"start":{"line":54,"column":12},"end":{"line":54,"column":94}},"27":{"start":{"line":56,"column":12},"end":{"line":56,"column":31}},"28":{"start":{"line":57,"column":12},"end":{"line":57,"column":38}},"29":{"start":{"line":63,"column":8},"end":{"line":71,"column":9}},"30":{"start":{"line":64,"column":36},"end":{"line":64,"column":46}},"31":{"start":{"line":65,"column":26},"end":{"line":65,"column":63}},"32":{"start":{"line":66,"column":12},"end":{"line":66,"column":51}},"33":{"start":{"line":67,"column":12},"end":{"line":67,"column":94}},"34":{"start":{"line":69,"column":12},"end":{"line":69,"column":31}},"35":{"start":{"line":70,"column":12},"end":{"line":70,"column":38}},"36":{"start":{"line":76,"column":8},"end":{"line":88,"column":9}},"37":{"start":{"line":77,"column":36},"end":{"line":77,"column":46}},"38":{"start":{"line":78,"column":32},"end":{"line":78,"column":104}},"39":{"start":{"line":80,"column":12},"end":{"line":84,"column":13}},"40":{"start":{"line":81,"column":16},"end":{"line":81,"column":88}},"41":{"start":{"line":83,"column":16},"end":{"line":83,"column":51}},"42":{"start":{"line":86,"column":12},"end":{"line":86,"column":31}},"43":{"start":{"line":87,"column":12},"end":{"line":87,"column":38}},"44":{"start":{"line":93,"column":8},"end":{"line":103,"column":9}},"45":{"start":{"line":94,"column":32},"end":{"line":94,"column":41}},"46":{"start":{"line":96,"column":26},"end":{"line":96,"column":393}},"47":{"start":{"line":97,"column":33},"end":{"line":97,"column":74}},"48":{"start":{"line":99,"column":12},"end":{"line":99,"column":45}},"49":{"start":{"line":101,"column":12},"end":{"line":101,"column":31}},"50":{"start":{"line":102,"column":12},"end":{"line":102,"column":38}},"51":{"start":{"line":108,"column":8},"end":{"line":120,"column":9}},"52":{"start":{"line":109,"column":36},"end":{"line":109,"column":46}},"53":{"start":{"line":110,"column":36},"end":{"line":110,"column":44}},"54":{"start":{"line":113,"column":26},"end":{"line":113,"column":78}},"55":{"start":{"line":114,"column":12},"end":{"line":114,"column":64}},"56":{"start":{"line":116,"column":12},"end":{"line":116,"column":95}},"57":{"start":{"line":118,"column":12},"end":{"line":118,"column":31}},"58":{"start":{"line":119,"column":12},"end":{"line":119,"column":38}},"59":{"start":{"line":124,"column":0},"end":{"line":124,"column":37}}},"fnMap":{"0":{"name":"(anonymous_0)","decl":{"start":{"line":5,"column":21},"end":{"line":5,"column":22}},"loc":{"start":{"line":5,"column":41},"end":{"line":33,"column":5}},"line":5},"1":{"name":"(anonymous_1)","decl":{"start":{"line":36,"column":22},"end":{"line":36,"column":23}},"loc":{"start":{"line":36,"column":42},"end":{"line":45,"column":5}},"line":36},"2":{"name":"(anonymous_2)","decl":{"start":{"line":48,"column":21},"end":{"line":48,"column":22}},"loc":{"start":{"line":48,"column":41},"end":{"line":59,"column":5}},"line":48},"3":{"name":"(anonymous_3)","decl":{"start":{"line":62,"column":21},"end":{"line":62,"column":22}},"loc":{"start":{"line":62,"column":41},"end":{"line":72,"column":5}},"line":62},"4":{"name":"(anonymous_4)","decl":{"start":{"line":75,"column":22},"end":{"line":75,"column":23}},"loc":{"start":{"line":75,"column":42},"end":{"line":89,"column":5}},"line":75},"5":{"name":"(anonymous_5)","decl":{"start":{"line":92,"column":31},"end":{"line":92,"column":32}},"loc":{"start":{"line":92,"column":51},"end":{"line":104,"column":5}},"line":92},"6":{"name":"(anonymous_6)","decl":{"start":{"line":107,"column":21},"end":{"line":107,"column":22}},"loc":{"start":{"line":107,"column":41},"end":{"line":121,"column":5}},"line":107}},"branchMap":{"0":{"loc":{"start":{"line":16,"column":12},"end":{"line":18,"column":13}},"type":"if","locations":[{"start":{"line":16,"column":12},"end":{"line":18,"column":13}},{"start":{},"end":{}}],"line":16},"1":{"loc":{"start":{"line":16,"column":16},"end":{"line":16,"column":33}},"type":"binary-expr","locations":[{"start":{"line":16,"column":16},"end":{"line":16,"column":21}},{"start":{"line":16,"column":25},"end":{"line":16,"column":33}}],"line":16},"2":{"loc":{"start":{"line":80,"column":12},"end":{"line":84,"column":13}},"type":"if","locations":[{"start":{"line":80,"column":12},"end":{"line":84,"column":13}},{"start":{"line":82,"column":19},"end":{"line":84,"column":13}}],"line":80}},"s":{"0":1,"1":1,"2":3,"3":3,"4":3,"5":2,"6":1,"7":1,"8":1,"9":1,"10":0,"11":0,"12":0,"13":2,"14":2,"15":2,"16":2,"17":2,"18":1,"19":1,"20":1,"21":2,"22":2,"23":2,"24":2,"25":2,"26":1,"27":1,"28":1,"29":2,"30":2,"31":2,"32":2,"33":1,"34":2,"35":2,"36":0,"37":0,"38":0,"39":0,"40":0,"41":0,"42":0,"43":0,"44":4,"45":4,"46":4,"47":4,"48":2,"49":2,"50":2,"51":0,"52":0,"53":0,"54":0,"55":0,"56":0,"57":0,"58":0,"59":1},"f":{"0":3,"1":2,"2":2,"3":2,"4":0,"5":4,"6":0},"b":{"0":[1,0],"1":[1,1],"2":[0,0]},"_coverageSchema":"1a1c01bbd47fc00a2c39e90264f33305004495a9","hash":"928077cf342ad7a18a756ae419d816773110a1b0"}
,"C:\\Users\\Quang Duong\\OneDrive - y5s0m\\Documents\\Github\\ResidentialCondominium\\ResidentialCondominium-Backend\\app\\controllers\\contractController.js": {"path":"C:\\Users\\Quang Duong\\OneDrive - y5s0m\\Documents\\Github\\ResidentialCondominium\\ResidentialCondominium-Backend\\app\\controllers\\contractController.js","statementMap":{"0":{"start":{"line":1,"column":11},"end":{"line":1,"column":34}},"1":{"start":{"line":3,"column":27},"end":{"line":100,"column":1}},"2":{"start":{"line":5,"column":8},"end":{"line":15,"column":9}},"3":{"start":{"line":6,"column":89},"end":{"line":6,"column":97}},"4":{"start":{"line":8,"column":26},"end":{"line":8,"column":149}},"5":{"start":{"line":9,"column":29},"end":{"line":9,"column":120}},"6":{"start":{"line":10,"column":31},"end":{"line":10,"column":46}},"7":{"start":{"line":12,"column":12},"end":{"line":12,"column":119}},"8":{"start":{"line":14,"column":12},"end":{"line":14,"column":38}},"9":{"start":{"line":19,"column":8},"end":{"line":27,"column":9}},"10":{"start":{"line":20,"column":31},"end":{"line":20,"column":44}},"11":{"start":{"line":21,"column":89},"end":{"line":21,"column":97}},"12":{"start":{"line":22,"column":26},"end":{"line":22,"column":157}},"13":{"start":{"line":23,"column":12},"end":{"line":23,"column":116}},"14":{"start":{"line":24,"column":12},"end":{"line":24,"column":79}},"15":{"start":{"line":26,"column":12},"end":{"line":26,"column":38}},"16":{"start":{"line":31,"column":8},"end":{"line":38,"column":9}},"17":{"start":{"line":32,"column":31},"end":{"line":32,"column":44}},"18":{"start":{"line":33,"column":26},"end":{"line":33,"column":62}},"19":{"start":{"line":34,"column":12},"end":{"line":34,"column":50}},"20":{"start":{"line":35,"column":12},"end":{"line":35,"column":79}},"21":{"start":{"line":37,"column":12},"end":{"line":37,"column":38}},"22":{"start":{"line":42,"column":8},"end":{"line":52,"column":9}},"23":{"start":{"line":43,"column":26},"end":{"line":47,"column":13}},"24":{"start":{"line":48,"column":32},"end":{"line":48,"column":55}},"25":{"start":{"line":49,"column":12},"end":{"line":49,"column":54}},"26":{"start":{"line":51,"column":12},"end":{"line":51,"column":38}},"27":{"start":{"line":56,"column":8},"end":{"line":68,"column":9}},"28":{"start":{"line":57,"column":31},"end":{"line":57,"column":44}},"29":{"start":{"line":58,"column":26},"end":{"line":58,"column":64}},"30":{"start":{"line":59,"column":31},"end":{"line":59,"column":68}},"31":{"start":{"line":61,"column":12},"end":{"line":63,"column":13}},"32":{"start":{"line":62,"column":16},"end":{"line":62,"column":79}},"33":{"start":{"line":65,"column":12},"end":{"line":65,"column":56}},"34":{"start":{"line":67,"column":12},"end":{"line":67,"column":38}},"35":{"start":{"line":72,"column":8},"end":{"line":96,"column":9}},"36":{"start":{"line":73,"column":32},"end":{"line":73,"column":41}},"37":{"start":{"line":75,"column":29},"end":{"line":75,"column":31}},"38":{"start":{"line":76,"column":25},"end":{"line":76,"column":27}},"39":{"start":{"line":78,"column":12},"end":{"line":82,"column":13}},"40":{"start":{"line":79,"column":16},"end":{"line":79,"column":83}},"41":{"start":{"line":80,"column":16},"end":{"line":80,"column":44}},"42":{"start":{"line":81,"column":16},"end":{"line":81,"column":44}},"43":{"start":{"line":84,"column":31},"end":{"line":84,"column":95}},"44":{"start":{"line":85,"column":26},"end":{"line":90,"column":13}},"45":{"start":{"line":91,"column":32},"end":{"line":91,"column":63}},"46":{"start":{"line":93,"column":12},"end":{"line":93,"column":54}},"47":{"start":{"line":95,"column":12},"end":{"line":95,"column":38}},"48":{"start":{"line":102,"column":0},"end":{"line":102,"column":36}}},"fnMap":{"0":{"name":"(anonymous_0)","decl":{"start":{"line":4,"column":20},"end":{"line":4,"column":21}},"loc":{"start":{"line":4,"column":40},"end":{"line":16,"column":5}},"line":4},"1":{"name":"(anonymous_1)","decl":{"start":{"line":18,"column":20},"end":{"line":18,"column":21}},"loc":{"start":{"line":18,"column":40},"end":{"line":28,"column":5}},"line":18},"2":{"name":"(anonymous_2)","decl":{"start":{"line":30,"column":20},"end":{"line":30,"column":21}},"loc":{"start":{"line":30,"column":40},"end":{"line":39,"column":5}},"line":30},"3":{"name":"(anonymous_3)","decl":{"start":{"line":41,"column":21},"end":{"line":41,"column":22}},"loc":{"start":{"line":41,"column":41},"end":{"line":53,"column":5}},"line":41},"4":{"name":"(anonymous_4)","decl":{"start":{"line":55,"column":21},"end":{"line":55,"column":22}},"loc":{"start":{"line":55,"column":41},"end":{"line":69,"column":5}},"line":55},"5":{"name":"(anonymous_5)","decl":{"start":{"line":71,"column":21},"end":{"line":71,"column":22}},"loc":{"start":{"line":71,"column":41},"end":{"line":97,"column":5}},"line":71}},"branchMap":{"0":{"loc":{"start":{"line":61,"column":12},"end":{"line":63,"column":13}},"type":"if","locations":[{"start":{"line":61,"column":12},"end":{"line":63,"column":13}},{"start":{},"end":{}}],"line":61},"1":{"loc":{"start":{"line":78,"column":12},"end":{"line":82,"column":13}},"type":"if","locations":[{"start":{"line":78,"column":12},"end":{"line":82,"column":13}},{"start":{},"end":{}}],"line":78},"2":{"loc":{"start":{"line":84,"column":31},"end":{"line":84,"column":95}},"type":"cond-expr","locations":[{"start":{"line":84,"column":55},"end":{"line":84,"column":90}},{"start":{"line":84,"column":93},"end":{"line":84,"column":95}}],"line":84}},"s":{"0":1,"1":1,"2":2,"3":2,"4":2,"5":2,"6":1,"7":1,"8":1,"9":2,"10":2,"11":2,"12":2,"13":2,"14":1,"15":1,"16":2,"17":2,"18":2,"19":2,"20":1,"21":1,"22":2,"23":2,"24":2,"25":1,"26":1,"27":3,"28":3,"29":3,"30":3,"31":2,"32":1,"33":1,"34":1,"35":2,"36":2,"37":2,"38":2,"39":2,"40":0,"41":0,"42":0,"43":2,"44":2,"45":2,"46":1,"47":1,"48":1},"f":{"0":2,"1":2,"2":2,"3":2,"4":3,"5":2},"b":{"0":[1,1],"1":[0,2],"2":[0,2]},"_coverageSchema":"1a1c01bbd47fc00a2c39e90264f33305004495a9","hash":"31b4d72edd293f3f8305c75195a6cfabc8476f3e"}
,"C:\\Users\\Quang Duong\\OneDrive - y5s0m\\Documents\\Github\\ResidentialCondominium\\ResidentialCondominium-Backend\\app\\controllers\\customerEnrollmentController.js": {"path":"C:\\Users\\Quang Duong\\OneDrive - y5s0m\\Documents\\Github\\ResidentialCondominium\\ResidentialCondominium-Backend\\app\\controllers\\customerEnrollmentController.js","statementMap":{"0":{"start":{"line":3,"column":11},"end":{"line":3,"column":34}},"1":{"start":{"line":5,"column":37},"end":{"line":86,"column":1}},"2":{"start":{"line":7,"column":8},"end":{"line":13,"column":9}},"3":{"start":{"line":8,"column":26},"end":{"line":8,"column":51}},"4":{"start":{"line":9,"column":32},"end":{"line":9,"column":55}},"5":{"start":{"line":10,"column":12},"end":{"line":10,"column":54}},"6":{"start":{"line":12,"column":12},"end":{"line":12,"column":38}},"7":{"start":{"line":17,"column":8},"end":{"line":29,"column":9}},"8":{"start":{"line":18,"column":31},"end":{"line":18,"column":44}},"9":{"start":{"line":19,"column":26},"end":{"line":19,"column":64}},"10":{"start":{"line":20,"column":31},"end":{"line":20,"column":68}},"11":{"start":{"line":22,"column":12},"end":{"line":24,"column":13}},"12":{"start":{"line":23,"column":16},"end":{"line":23,"column":79}},"13":{"start":{"line":26,"column":12},"end":{"line":26,"column":56}},"14":{"start":{"line":28,"column":12},"end":{"line":28,"column":38}},"15":{"start":{"line":33,"column":8},"end":{"line":41,"column":9}},"16":{"start":{"line":34,"column":58},"end":{"line":34,"column":66}},"17":{"start":{"line":35,"column":26},"end":{"line":35,"column":108}},"18":{"start":{"line":36,"column":29},"end":{"line":36,"column":89}},"19":{"start":{"line":37,"column":31},"end":{"line":37,"column":46}},"20":{"start":{"line":38,"column":12},"end":{"line":38,"column":88}},"21":{"start":{"line":40,"column":12},"end":{"line":40,"column":38}},"22":{"start":{"line":45,"column":8},"end":{"line":53,"column":9}},"23":{"start":{"line":46,"column":31},"end":{"line":46,"column":44}},"24":{"start":{"line":47,"column":58},"end":{"line":47,"column":66}},"25":{"start":{"line":48,"column":26},"end":{"line":48,"column":115}},"26":{"start":{"line":49,"column":12},"end":{"line":49,"column":85}},"27":{"start":{"line":50,"column":12},"end":{"line":50,"column":79}},"28":{"start":{"line":52,"column":12},"end":{"line":52,"column":38}},"29":{"start":{"line":58,"column":8},"end":{"line":65,"column":9}},"30":{"start":{"line":59,"column":31},"end":{"line":59,"column":44}},"31":{"start":{"line":60,"column":26},"end":{"line":60,"column":62}},"32":{"start":{"line":61,"column":12},"end":{"line":61,"column":50}},"33":{"start":{"line":62,"column":12},"end":{"line":62,"column":79}},"34":{"start":{"line":64,"column":12},"end":{"line":64,"column":38}},"35":{"start":{"line":69,"column":8},"end":{"line":84,"column":9}},"36":{"start":{"line":70,"column":32},"end":{"line":70,"column":41}},"37":{"start":{"line":71,"column":26},"end":{"line":78,"column":13}},"38":{"start":{"line":79,"column":29},"end":{"line":79,"column":118}},"39":{"start":{"line":81,"column":12},"end":{"line":81,"column":51}},"40":{"start":{"line":83,"column":12},"end":{"line":83,"column":38}},"41":{"start":{"line":88,"column":0},"end":{"line":88,"column":46}}},"fnMap":{"0":{"name":"(anonymous_0)","decl":{"start":{"line":6,"column":21},"end":{"line":6,"column":22}},"loc":{"start":{"line":6,"column":41},"end":{"line":14,"column":5}},"line":6},"1":{"name":"(anonymous_1)","decl":{"start":{"line":16,"column":21},"end":{"line":16,"column":22}},"loc":{"start":{"line":16,"column":41},"end":{"line":30,"column":5}},"line":16},"2":{"name":"(anonymous_2)","decl":{"start":{"line":32,"column":20},"end":{"line":32,"column":21}},"loc":{"start":{"line":32,"column":40},"end":{"line":42,"column":5}},"line":32},"3":{"name":"(anonymous_3)","decl":{"start":{"line":44,"column":20},"end":{"line":44,"column":21}},"loc":{"start":{"line":44,"column":40},"end":{"line":54,"column":5}},"line":44},"4":{"name":"(anonymous_4)","decl":{"start":{"line":57,"column":20},"end":{"line":57,"column":21}},"loc":{"start":{"line":57,"column":40},"end":{"line":66,"column":5}},"line":57},"5":{"name":"(anonymous_5)","decl":{"start":{"line":68,"column":21},"end":{"line":68,"column":22}},"loc":{"start":{"line":68,"column":41},"end":{"line":85,"column":5}},"line":68}},"branchMap":{"0":{"loc":{"start":{"line":22,"column":12},"end":{"line":24,"column":13}},"type":"if","locations":[{"start":{"line":22,"column":12},"end":{"line":24,"column":13}},{"start":{},"end":{}}],"line":22}},"s":{"0":1,"1":1,"2":2,"3":2,"4":2,"5":1,"6":1,"7":3,"8":3,"9":3,"10":3,"11":2,"12":1,"13":1,"14":1,"15":2,"16":2,"17":2,"18":2,"19":1,"20":1,"21":1,"22":2,"23":2,"24":2,"25":2,"26":2,"27":1,"28":1,"29":2,"30":2,"31":2,"32":2,"33":1,"34":1,"35":2,"36":2,"37":2,"38":2,"39":1,"40":1,"41":1},"f":{"0":2,"1":3,"2":2,"3":2,"4":2,"5":2},"b":{"0":[1,1]},"_coverageSchema":"1a1c01bbd47fc00a2c39e90264f33305004495a9","hash":"25c3829e6b3eb278b2dced1dbaa68cb1271bdd20"}
,"C:\\Users\\Quang Duong\\OneDrive - y5s0m\\Documents\\Github\\ResidentialCondominium\\ResidentialCondominium-Backend\\app\\controllers\\emergencyMaintenanceController.js": {"path":"C:\\Users\\Quang Duong\\OneDrive - y5s0m\\Documents\\Github\\ResidentialCondominium\\ResidentialCondominium-Backend\\app\\controllers\\emergencyMaintenanceController.js","statementMap":{"0":{"start":{"line":1,"column":11},"end":{"line":1,"column":34}},"1":{"start":{"line":3,"column":39},"end":{"line":112,"column":1}},"2":{"start":{"line":5,"column":8},"end":{"line":11,"column":9}},"3":{"start":{"line":6,"column":26},"end":{"line":6,"column":73}},"4":{"start":{"line":7,"column":36},"end":{"line":7,"column":59}},"5":{"start":{"line":8,"column":12},"end":{"line":8,"column":58}},"6":{"start":{"line":10,"column":12},"end":{"line":10,"column":38}},"7":{"start":{"line":15,"column":8},"end":{"line":26,"column":9}},"8":{"start":{"line":16,"column":59},"end":{"line":16,"column":67}},"9":{"start":{"line":17,"column":26},"end":{"line":17,"column":126}},"10":{"start":{"line":19,"column":27},"end":{"line":19,"column":36}},"11":{"start":{"line":21,"column":29},"end":{"line":21,"column":98}},"12":{"start":{"line":22,"column":34},"end":{"line":22,"column":49}},"13":{"start":{"line":23,"column":12},"end":{"line":23,"column":100}},"14":{"start":{"line":25,"column":12},"end":{"line":25,"column":38}},"15":{"start":{"line":30,"column":8},"end":{"line":41,"column":9}},"16":{"start":{"line":31,"column":34},"end":{"line":31,"column":47}},"17":{"start":{"line":32,"column":58},"end":{"line":32,"column":66}},"18":{"start":{"line":33,"column":26},"end":{"line":33,"column":160}},"19":{"start":{"line":35,"column":27},"end":{"line":35,"column":42}},"20":{"start":{"line":37,"column":12},"end":{"line":37,"column":96}},"21":{"start":{"line":38,"column":12},"end":{"line":38,"column":93}},"22":{"start":{"line":40,"column":12},"end":{"line":40,"column":38}},"23":{"start":{"line":45,"column":8},"end":{"line":52,"column":9}},"24":{"start":{"line":46,"column":34},"end":{"line":46,"column":47}},"25":{"start":{"line":47,"column":26},"end":{"line":47,"column":74}},"26":{"start":{"line":48,"column":12},"end":{"line":48,"column":53}},"27":{"start":{"line":49,"column":12},"end":{"line":49,"column":99}},"28":{"start":{"line":51,"column":12},"end":{"line":51,"column":38}},"29":{"start":{"line":56,"column":8},"end":{"line":73,"column":9}},"30":{"start":{"line":57,"column":34},"end":{"line":57,"column":47}},"31":{"start":{"line":58,"column":26},"end":{"line":63,"column":51}},"32":{"start":{"line":64,"column":34},"end":{"line":64,"column":74}},"33":{"start":{"line":66,"column":12},"end":{"line":68,"column":13}},"34":{"start":{"line":67,"column":16},"end":{"line":67,"column":99}},"35":{"start":{"line":70,"column":12},"end":{"line":70,"column":59}},"36":{"start":{"line":72,"column":12},"end":{"line":72,"column":38}},"37":{"start":{"line":77,"column":8},"end":{"line":89,"column":9}},"38":{"start":{"line":78,"column":26},"end":{"line":84,"column":13}},"39":{"start":{"line":85,"column":41},"end":{"line":85,"column":64}},"40":{"start":{"line":86,"column":12},"end":{"line":86,"column":63}},"41":{"start":{"line":88,"column":12},"end":{"line":88,"column":38}},"42":{"start":{"line":93,"column":8},"end":{"line":110,"column":9}},"43":{"start":{"line":94,"column":32},"end":{"line":94,"column":41}},"44":{"start":{"line":95,"column":26},"end":{"line":104,"column":13}},"45":{"start":{"line":105,"column":29},"end":{"line":105,"column":86}},"46":{"start":{"line":107,"column":12},"end":{"line":107,"column":51}},"47":{"start":{"line":109,"column":12},"end":{"line":109,"column":38}},"48":{"start":{"line":114,"column":0},"end":{"line":114,"column":48}}},"fnMap":{"0":{"name":"(anonymous_0)","decl":{"start":{"line":4,"column":25},"end":{"line":4,"column":26}},"loc":{"start":{"line":4,"column":45},"end":{"line":12,"column":5}},"line":4},"1":{"name":"(anonymous_1)","decl":{"start":{"line":14,"column":32},"end":{"line":14,"column":33}},"loc":{"start":{"line":14,"column":52},"end":{"line":27,"column":5}},"line":14},"2":{"name":"(anonymous_2)","decl":{"start":{"line":29,"column":32},"end":{"line":29,"column":33}},"loc":{"start":{"line":29,"column":52},"end":{"line":42,"column":5}},"line":29},"3":{"name":"(anonymous_3)","decl":{"start":{"line":44,"column":32},"end":{"line":44,"column":33}},"loc":{"start":{"line":44,"column":52},"end":{"line":53,"column":5}},"line":44},"4":{"name":"(anonymous_4)","decl":{"start":{"line":55,"column":33},"end":{"line":55,"column":34}},"loc":{"start":{"line":55,"column":53},"end":{"line":74,"column":5}},"line":55},"5":{"name":"(anonymous_5)","decl":{"start":{"line":76,"column":32},"end":{"line":76,"column":33}},"loc":{"start":{"line":76,"column":52},"end":{"line":90,"column":5}},"line":76},"6":{"name":"(anonymous_6)","decl":{"start":{"line":92,"column":32},"end":{"line":92,"column":33}},"loc":{"start":{"line":92,"column":52},"end":{"line":111,"column":5}},"line":92}},"branchMap":{"0":{"loc":{"start":{"line":66,"column":12},"end":{"line":68,"column":13}},"type":"if","locations":[{"start":{"line":66,"column":12},"end":{"line":68,"column":13}},{"start":{},"end":{}}],"line":66}},"s":{"0":1,"1":1,"2":2,"3":2,"4":2,"5":1,"6":1,"7":2,"8":2,"9":2,"10":2,"11":2,"12":1,"13":1,"14":1,"15":2,"16":2,"17":2,"18":2,"19":2,"20":2,"21":1,"22":1,"23":2,"24":2,"25":2,"26":2,"27":1,"28":1,"29":3,"30":3,"31":3,"32":3,"33":2,"34":1,"35":1,"36":1,"37":2,"38":2,"39":2,"40":1,"41":1,"42":2,"43":2,"44":2,"45":2,"46":1,"47":1,"48":1},"f":{"0":2,"1":2,"2":2,"3":2,"4":3,"5":2,"6":2},"b":{"0":[1,1]},"_coverageSchema":"1a1c01bbd47fc00a2c39e90264f33305004495a9","hash":"df175b26887cb5f48d648e07a3377dc6a9c4d162"}
,"C:\\Users\\Quang Duong\\OneDrive - y5s0m\\Documents\\Github\\ResidentialCondominium\\ResidentialCondominium-Backend\\app\\controllers\\entryController.js": {"path":"C:\\Users\\Quang Duong\\OneDrive - y5s0m\\Documents\\Github\\ResidentialCondominium\\ResidentialCondominium-Backend\\app\\controllers\\entryController.js","statementMap":{"0":{"start":{"line":1,"column":11},"end":{"line":1,"column":34}},"1":{"start":{"line":3,"column":24},"end":{"line":81,"column":1}},"2":{"start":{"line":5,"column":8},"end":{"line":14,"column":9}},"3":{"start":{"line":6,"column":88},"end":{"line":6,"column":96}},"4":{"start":{"line":7,"column":26},"end":{"line":7,"column":149}},"5":{"start":{"line":8,"column":29},"end":{"line":8,"column":119}},"6":{"start":{"line":9,"column":28},"end":{"line":9,"column":43}},"7":{"start":{"line":11,"column":12},"end":{"line":11,"column":115}},"8":{"start":{"line":13,"column":12},"end":{"line":13,"column":38}},"9":{"start":{"line":18,"column":8},"end":{"line":28,"column":9}},"10":{"start":{"line":19,"column":26},"end":{"line":23,"column":13}},"11":{"start":{"line":24,"column":35},"end":{"line":24,"column":58}},"12":{"start":{"line":25,"column":12},"end":{"line":25,"column":57}},"13":{"start":{"line":27,"column":12},"end":{"line":27,"column":38}},"14":{"start":{"line":32,"column":8},"end":{"line":44,"column":9}},"15":{"start":{"line":33,"column":28},"end":{"line":33,"column":41}},"16":{"start":{"line":34,"column":26},"end":{"line":34,"column":68}},"17":{"start":{"line":35,"column":34},"end":{"line":35,"column":68}},"18":{"start":{"line":37,"column":12},"end":{"line":39,"column":13}},"19":{"start":{"line":38,"column":16},"end":{"line":38,"column":83}},"20":{"start":{"line":41,"column":12},"end":{"line":41,"column":59}},"21":{"start":{"line":43,"column":12},"end":{"line":43,"column":38}},"22":{"start":{"line":48,"column":8},"end":{"line":56,"column":9}},"23":{"start":{"line":49,"column":28},"end":{"line":49,"column":41}},"24":{"start":{"line":50,"column":88},"end":{"line":50,"column":96}},"25":{"start":{"line":51,"column":26},"end":{"line":51,"column":157}},"26":{"start":{"line":52,"column":12},"end":{"line":52,"column":112}},"27":{"start":{"line":53,"column":12},"end":{"line":53,"column":83}},"28":{"start":{"line":55,"column":12},"end":{"line":55,"column":38}},"29":{"start":{"line":60,"column":8},"end":{"line":67,"column":9}},"30":{"start":{"line":61,"column":28},"end":{"line":61,"column":41}},"31":{"start":{"line":62,"column":26},"end":{"line":62,"column":66}},"32":{"start":{"line":63,"column":12},"end":{"line":63,"column":47}},"33":{"start":{"line":64,"column":12},"end":{"line":64,"column":83}},"34":{"start":{"line":66,"column":12},"end":{"line":66,"column":38}},"35":{"start":{"line":71,"column":8},"end":{"line":79,"column":9}},"36":{"start":{"line":72,"column":35},"end":{"line":72,"column":44}},"37":{"start":{"line":73,"column":26},"end":{"line":73,"column":119}},"38":{"start":{"line":74,"column":35},"end":{"line":74,"column":117}},"39":{"start":{"line":76,"column":12},"end":{"line":76,"column":57}},"40":{"start":{"line":78,"column":12},"end":{"line":78,"column":38}},"41":{"start":{"line":83,"column":0},"end":{"line":83,"column":33}}},"fnMap":{"0":{"name":"(anonymous_0)","decl":{"start":{"line":4,"column":23},"end":{"line":4,"column":24}},"loc":{"start":{"line":4,"column":43},"end":{"line":15,"column":5}},"line":4},"1":{"name":"(anonymous_1)","decl":{"start":{"line":17,"column":24},"end":{"line":17,"column":25}},"loc":{"start":{"line":17,"column":44},"end":{"line":29,"column":5}},"line":17},"2":{"name":"(anonymous_2)","decl":{"start":{"line":31,"column":24},"end":{"line":31,"column":25}},"loc":{"start":{"line":31,"column":44},"end":{"line":45,"column":5}},"line":31},"3":{"name":"(anonymous_3)","decl":{"start":{"line":47,"column":23},"end":{"line":47,"column":24}},"loc":{"start":{"line":47,"column":43},"end":{"line":57,"column":5}},"line":47},"4":{"name":"(anonymous_4)","decl":{"start":{"line":59,"column":23},"end":{"line":59,"column":24}},"loc":{"start":{"line":59,"column":43},"end":{"line":68,"column":5}},"line":59},"5":{"name":"(anonymous_5)","decl":{"start":{"line":70,"column":24},"end":{"line":70,"column":25}},"loc":{"start":{"line":70,"column":44},"end":{"line":80,"column":5}},"line":70}},"branchMap":{"0":{"loc":{"start":{"line":37,"column":12},"end":{"line":39,"column":13}},"type":"if","locations":[{"start":{"line":37,"column":12},"end":{"line":39,"column":13}},{"start":{},"end":{}}],"line":37}},"s":{"0":1,"1":1,"2":2,"3":2,"4":2,"5":2,"6":1,"7":1,"8":1,"9":2,"10":2,"11":2,"12":1,"13":1,"14":3,"15":3,"16":3,"17":3,"18":2,"19":1,"20":1,"21":1,"22":2,"23":2,"24":2,"25":2,"26":2,"27":1,"28":1,"29":2,"30":2,"31":2,"32":2,"33":1,"34":1,"35":2,"36":2,"37":0,"38":0,"39":0,"40":2,"41":1},"f":{"0":2,"1":2,"2":3,"3":2,"4":2,"5":2},"b":{"0":[1,1]},"_coverageSchema":"1a1c01bbd47fc00a2c39e90264f33305004495a9","hash":"a784269cfbc2f01e266d0ba667d977f36c5c9a36"}
,"C:\\Users\\Quang Duong\\OneDrive - y5s0m\\Documents\\Github\\ResidentialCondominium\\ResidentialCondominium-Backend\\app\\controllers\\maintenanceHistoryController.js": {"path":"C:\\Users\\Quang Duong\\OneDrive - y5s0m\\Documents\\Github\\ResidentialCondominium\\ResidentialCondominium-Backend\\app\\controllers\\maintenanceHistoryController.js","statementMap":{"0":{"start":{"line":1,"column":11},"end":{"line":1,"column":34}},"1":{"start":{"line":3,"column":37},"end":{"line":95,"column":1}},"2":{"start":{"line":5,"column":8},"end":{"line":13,"column":9}},"3":{"start":{"line":6,"column":67},"end":{"line":6,"column":75}},"4":{"start":{"line":7,"column":26},"end":{"line":7,"column":127}},"5":{"start":{"line":8,"column":29},"end":{"line":8,"column":98}},"6":{"start":{"line":9,"column":29},"end":{"line":9,"column":44}},"7":{"start":{"line":10,"column":12},"end":{"line":10,"column":95}},"8":{"start":{"line":12,"column":12},"end":{"line":12,"column":38}},"9":{"start":{"line":17,"column":8},"end":{"line":25,"column":9}},"10":{"start":{"line":18,"column":29},"end":{"line":18,"column":42}},"11":{"start":{"line":19,"column":67},"end":{"line":19,"column":75}},"12":{"start":{"line":20,"column":26},"end":{"line":20,"column":134}},"13":{"start":{"line":21,"column":12},"end":{"line":21,"column":92}},"14":{"start":{"line":22,"column":12},"end":{"line":22,"column":89}},"15":{"start":{"line":24,"column":12},"end":{"line":24,"column":38}},"16":{"start":{"line":29,"column":8},"end":{"line":36,"column":9}},"17":{"start":{"line":30,"column":29},"end":{"line":30,"column":42}},"18":{"start":{"line":31,"column":26},"end":{"line":31,"column":72}},"19":{"start":{"line":32,"column":12},"end":{"line":32,"column":48}},"20":{"start":{"line":33,"column":12},"end":{"line":33,"column":89}},"21":{"start":{"line":35,"column":12},"end":{"line":35,"column":38}},"22":{"start":{"line":40,"column":8},"end":{"line":52,"column":9}},"23":{"start":{"line":41,"column":32},"end":{"line":41,"column":41}},"24":{"start":{"line":42,"column":26},"end":{"line":47,"column":13}},"25":{"start":{"line":48,"column":41},"end":{"line":48,"column":98}},"26":{"start":{"line":49,"column":12},"end":{"line":49,"column":63}},"27":{"start":{"line":51,"column":12},"end":{"line":51,"column":38}},"28":{"start":{"line":56,"column":8},"end":{"line":68,"column":9}},"29":{"start":{"line":57,"column":29},"end":{"line":57,"column":42}},"30":{"start":{"line":58,"column":26},"end":{"line":58,"column":74}},"31":{"start":{"line":59,"column":40},"end":{"line":59,"column":75}},"32":{"start":{"line":61,"column":12},"end":{"line":65,"column":13}},"33":{"start":{"line":62,"column":16},"end":{"line":62,"column":97}},"34":{"start":{"line":64,"column":16},"end":{"line":64,"column":59}},"35":{"start":{"line":67,"column":12},"end":{"line":67,"column":38}},"36":{"start":{"line":72,"column":8},"end":{"line":79,"column":9}},"37":{"start":{"line":73,"column":27},"end":{"line":73,"column":44}},"38":{"start":{"line":74,"column":26},"end":{"line":74,"column":79}},"39":{"start":{"line":75,"column":41},"end":{"line":75,"column":74}},"40":{"start":{"line":76,"column":12},"end":{"line":76,"column":63}},"41":{"start":{"line":78,"column":12},"end":{"line":78,"column":38}},"42":{"start":{"line":83,"column":8},"end":{"line":93,"column":9}},"43":{"start":{"line":84,"column":26},"end":{"line":88,"column":13}},"44":{"start":{"line":89,"column":41},"end":{"line":89,"column":64}},"45":{"start":{"line":90,"column":12},"end":{"line":90,"column":63}},"46":{"start":{"line":92,"column":12},"end":{"line":92,"column":38}},"47":{"start":{"line":97,"column":0},"end":{"line":97,"column":46}}},"fnMap":{"0":{"name":"(anonymous_0)","decl":{"start":{"line":4,"column":29},"end":{"line":4,"column":30}},"loc":{"start":{"line":4,"column":49},"end":{"line":14,"column":5}},"line":4},"1":{"name":"(anonymous_1)","decl":{"start":{"line":16,"column":29},"end":{"line":16,"column":30}},"loc":{"start":{"line":16,"column":49},"end":{"line":26,"column":5}},"line":16},"2":{"name":"(anonymous_2)","decl":{"start":{"line":28,"column":29},"end":{"line":28,"column":30}},"loc":{"start":{"line":28,"column":49},"end":{"line":37,"column":5}},"line":28},"3":{"name":"(anonymous_3)","decl":{"start":{"line":39,"column":30},"end":{"line":39,"column":31}},"loc":{"start":{"line":39,"column":50},"end":{"line":53,"column":5}},"line":39},"4":{"name":"(anonymous_4)","decl":{"start":{"line":55,"column":30},"end":{"line":55,"column":31}},"loc":{"start":{"line":55,"column":50},"end":{"line":69,"column":5}},"line":55},"5":{"name":"(anonymous_5)","decl":{"start":{"line":71,"column":34},"end":{"line":71,"column":35}},"loc":{"start":{"line":71,"column":54},"end":{"line":80,"column":5}},"line":71},"6":{"name":"(anonymous_6)","decl":{"start":{"line":82,"column":30},"end":{"line":82,"column":31}},"loc":{"start":{"line":82,"column":50},"end":{"line":94,"column":5}},"line":82}},"branchMap":{"0":{"loc":{"start":{"line":61,"column":12},"end":{"line":65,"column":13}},"type":"if","locations":[{"start":{"line":61,"column":12},"end":{"line":65,"column":13}},{"start":{"line":63,"column":19},"end":{"line":65,"column":13}}],"line":61}},"s":{"0":1,"1":1,"2":9,"3":9,"4":5,"5":5,"6":1,"7":1,"8":8,"9":0,"10":0,"11":0,"12":0,"13":0,"14":0,"15":0,"16":1,"17":1,"18":1,"19":1,"20":1,"21":0,"22":1,"23":1,"24":1,"25":1,"26":0,"27":1,"28":1,"29":1,"30":1,"31":1,"32":1,"33":0,"34":1,"35":0,"36":1,"37":1,"38":1,"39":1,"40":1,"41":0,"42":0,"43":0,"44":0,"45":0,"46":0,"47":1},"f":{"0":9,"1":0,"2":1,"3":1,"4":1,"5":1,"6":0},"b":{"0":[0,1]},"_coverageSchema":"1a1c01bbd47fc00a2c39e90264f33305004495a9","hash":"d7d37f80e8dd7625ffe045bfc3e56c0a22517927"}
,"C:\\Users\\Quang Duong\\OneDrive - y5s0m\\Documents\\Github\\ResidentialCondominium\\ResidentialCondominium-Backend\\app\\controllers\\maintenancePlanController.js": {"path":"C:\\Users\\Quang Duong\\OneDrive - y5s0m\\Documents\\Github\\ResidentialCondominium\\ResidentialCondominium-Backend\\app\\controllers\\maintenancePlanController.js","statementMap":{"0":{"start":{"line":1,"column":11},"end":{"line":1,"column":34}},"1":{"start":{"line":3,"column":34},"end":{"line":125,"column":1}},"2":{"start":{"line":5,"column":8},"end":{"line":13,"column":9}},"3":{"start":{"line":6,"column":73},"end":{"line":6,"column":81}},"4":{"start":{"line":7,"column":26},"end":{"line":7,"column":128}},"5":{"start":{"line":8,"column":29},"end":{"line":8,"column":104}},"6":{"start":{"line":9,"column":27},"end":{"line":9,"column":42}},"7":{"start":{"line":10,"column":12},"end":{"line":10,"column":99}},"8":{"start":{"line":12,"column":12},"end":{"line":12,"column":38}},"9":{"start":{"line":17,"column":8},"end":{"line":25,"column":9}},"10":{"start":{"line":18,"column":27},"end":{"line":18,"column":40}},"11":{"start":{"line":19,"column":73},"end":{"line":19,"column":81}},"12":{"start":{"line":20,"column":26},"end":{"line":20,"column":134}},"13":{"start":{"line":21,"column":12},"end":{"line":21,"column":96}},"14":{"start":{"line":22,"column":12},"end":{"line":22,"column":87}},"15":{"start":{"line":24,"column":12},"end":{"line":24,"column":38}},"16":{"start":{"line":29,"column":8},"end":{"line":44,"column":9}},"17":{"start":{"line":30,"column":27},"end":{"line":30,"column":40}},"18":{"start":{"line":31,"column":26},"end":{"line":31,"column":70}},"19":{"start":{"line":32,"column":12},"end":{"line":32,"column":46}},"20":{"start":{"line":33,"column":12},"end":{"line":33,"column":87}},"21":{"start":{"line":35,"column":12},"end":{"line":43,"column":13}},"22":{"start":{"line":37,"column":16},"end":{"line":39,"column":19}},"23":{"start":{"line":42,"column":16},"end":{"line":42,"column":75}},"24":{"start":{"line":48,"column":8},"end":{"line":69,"column":9}},"25":{"start":{"line":49,"column":28},"end":{"line":49,"column":46}},"26":{"start":{"line":51,"column":31},"end":{"line":51,"column":66}},"27":{"start":{"line":52,"column":34},"end":{"line":52,"column":73}},"28":{"start":{"line":54,"column":12},"end":{"line":56,"column":13}},"29":{"start":{"line":55,"column":16},"end":{"line":55,"column":76}},"30":{"start":{"line":58,"column":30},"end":{"line":58,"column":49}},"31":{"start":{"line":59,"column":12},"end":{"line":59,"column":39}},"32":{"start":{"line":62,"column":30},"end":{"line":62,"column":82}},"33":{"start":{"line":63,"column":39},"end":{"line":63,"column":77}},"34":{"start":{"line":66,"column":12},"end":{"line":66,"column":84}},"35":{"start":{"line":68,"column":12},"end":{"line":68,"column":38}},"36":{"start":{"line":73,"column":8},"end":{"line":83,"column":9}},"37":{"start":{"line":74,"column":26},"end":{"line":78,"column":13}},"38":{"start":{"line":79,"column":39},"end":{"line":79,"column":62}},"39":{"start":{"line":80,"column":12},"end":{"line":80,"column":61}},"40":{"start":{"line":82,"column":12},"end":{"line":82,"column":38}},"41":{"start":{"line":87,"column":8},"end":{"line":99,"column":9}},"42":{"start":{"line":88,"column":32},"end":{"line":88,"column":41}},"43":{"start":{"line":89,"column":26},"end":{"line":94,"column":13}},"44":{"start":{"line":95,"column":39},"end":{"line":95,"column":96}},"45":{"start":{"line":96,"column":12},"end":{"line":96,"column":61}},"46":{"start":{"line":98,"column":12},"end":{"line":98,"column":38}},"47":{"start":{"line":104,"column":8},"end":{"line":123,"column":9}},"48":{"start":{"line":105,"column":27},"end":{"line":105,"column":40}},"49":{"start":{"line":108,"column":26},"end":{"line":113,"column":13}},"50":{"start":{"line":114,"column":38},"end":{"line":114,"column":71}},"51":{"start":{"line":116,"column":12},"end":{"line":118,"column":13}},"52":{"start":{"line":117,"column":16},"end":{"line":117,"column":87}},"53":{"start":{"line":120,"column":12},"end":{"line":120,"column":63}},"54":{"start":{"line":122,"column":12},"end":{"line":122,"column":38}},"55":{"start":{"line":127,"column":0},"end":{"line":127,"column":43}}},"fnMap":{"0":{"name":"(anonymous_0)","decl":{"start":{"line":4,"column":27},"end":{"line":4,"column":28}},"loc":{"start":{"line":4,"column":47},"end":{"line":14,"column":5}},"line":4},"1":{"name":"(anonymous_1)","decl":{"start":{"line":16,"column":27},"end":{"line":16,"column":28}},"loc":{"start":{"line":16,"column":47},"end":{"line":26,"column":5}},"line":16},"2":{"name":"(anonymous_2)","decl":{"start":{"line":28,"column":27},"end":{"line":28,"column":28}},"loc":{"start":{"line":28,"column":47},"end":{"line":45,"column":5}},"line":28},"3":{"name":"(anonymous_3)","decl":{"start":{"line":47,"column":33},"end":{"line":47,"column":34}},"loc":{"start":{"line":47,"column":53},"end":{"line":70,"column":5}},"line":47},"4":{"name":"(anonymous_4)","decl":{"start":{"line":72,"column":28},"end":{"line":72,"column":29}},"loc":{"start":{"line":72,"column":48},"end":{"line":84,"column":5}},"line":72},"5":{"name":"(anonymous_5)","decl":{"start":{"line":86,"column":28},"end":{"line":86,"column":29}},"loc":{"start":{"line":86,"column":48},"end":{"line":100,"column":5}},"line":86},"6":{"name":"(anonymous_6)","decl":{"start":{"line":103,"column":28},"end":{"line":103,"column":29}},"loc":{"start":{"line":103,"column":48},"end":{"line":124,"column":5}},"line":103}},"branchMap":{"0":{"loc":{"start":{"line":35,"column":12},"end":{"line":43,"column":13}},"type":"if","locations":[{"start":{"line":35,"column":12},"end":{"line":43,"column":13}},{"start":{"line":40,"column":19},"end":{"line":43,"column":13}}],"line":35},"1":{"loc":{"start":{"line":35,"column":16},"end":{"line":35,"column":65}},"type":"binary-expr","locations":[{"start":{"line":35,"column":16},"end":{"line":35,"column":24}},{"start":{"line":35,"column":28},"end":{"line":35,"column":65}}],"line":35},"2":{"loc":{"start":{"line":54,"column":12},"end":{"line":56,"column":13}},"type":"if","locations":[{"start":{"line":54,"column":12},"end":{"line":56,"column":13}},{"start":{},"end":{}}],"line":54},"3":{"loc":{"start":{"line":116,"column":12},"end":{"line":118,"column":13}},"type":"if","locations":[{"start":{"line":116,"column":12},"end":{"line":118,"column":13}},{"start":{},"end":{}}],"line":116}},"s":{"0":1,"1":1,"2":2,"3":2,"4":2,"5":2,"6":1,"7":1,"8":1,"9":2,"10":2,"11":2,"12":2,"13":2,"14":1,"15":1,"16":2,"17":2,"18":2,"19":2,"20":1,"21":1,"22":0,"23":1,"24":2,"25":2,"26":2,"27":2,"28":1,"29":0,"30":1,"31":1,"32":1,"33":1,"34":0,"35":2,"36":2,"37":2,"38":2,"39":1,"40":1,"41":0,"42":0,"43":0,"44":0,"45":0,"46":0,"47":0,"48":0,"49":0,"50":0,"51":0,"52":0,"53":0,"54":0,"55":1},"f":{"0":2,"1":2,"2":2,"3":2,"4":2,"5":0,"6":0},"b":{"0":[0,1],"1":[1,0],"2":[0,1],"3":[0,0]},"_coverageSchema":"1a1c01bbd47fc00a2c39e90264f33305004495a9","hash":"26c4dfe571154e3982d83d155b9aded032583948"}
,"C:\\Users\\Quang Duong\\OneDrive - y5s0m\\Documents\\Github\\ResidentialCondominium\\ResidentialCondominium-Backend\\app\\controllers\\notificationController.js": {"path":"C:\\Users\\Quang Duong\\OneDrive - y5s0m\\Documents\\Github\\ResidentialCondominium\\ResidentialCondominium-Backend\\app\\controllers\\notificationController.js","statementMap":{"0":{"start":{"line":1,"column":11},"end":{"line":1,"column":34}},"1":{"start":{"line":2,"column":19},"end":{"line":2,"column":40}},"2":{"start":{"line":4,"column":31},"end":{"line":66,"column":1}},"3":{"start":{"line":6,"column":8},"end":{"line":49,"column":9}},"4":{"start":{"line":7,"column":45},"end":{"line":7,"column":53}},"5":{"start":{"line":10,"column":39},"end":{"line":13,"column":13}},"6":{"start":{"line":15,"column":35},"end":{"line":15,"column":60}},"7":{"start":{"line":18,"column":32},"end":{"line":25,"column":14}},"8":{"start":{"line":28,"column":31},"end":{"line":28,"column":93}},"9":{"start":{"line":30,"column":12},"end":{"line":43,"column":13}},"10":{"start":{"line":31,"column":36},"end":{"line":36,"column":17}},"11":{"start":{"line":38,"column":16},"end":{"line":42,"column":19}},"12":{"start":{"line":39,"column":20},"end":{"line":41,"column":21}},"13":{"start":{"line":40,"column":24},"end":{"line":40,"column":45}},"14":{"start":{"line":45,"column":12},"end":{"line":45,"column":119}},"15":{"start":{"line":47,"column":12},"end":{"line":47,"column":31}},"16":{"start":{"line":48,"column":12},"end":{"line":48,"column":38}},"17":{"start":{"line":53,"column":8},"end":{"line":64,"column":9}},"18":{"start":{"line":54,"column":29},"end":{"line":54,"column":39}},"19":{"start":{"line":57,"column":39},"end":{"line":57,"column":109}},"20":{"start":{"line":60,"column":12},"end":{"line":60,"column":51}},"21":{"start":{"line":62,"column":12},"end":{"line":62,"column":31}},"22":{"start":{"line":63,"column":12},"end":{"line":63,"column":38}},"23":{"start":{"line":68,"column":0},"end":{"line":68,"column":40}}},"fnMap":{"0":{"name":"(anonymous_0)","decl":{"start":{"line":5,"column":24},"end":{"line":5,"column":25}},"loc":{"start":{"line":5,"column":44},"end":{"line":50,"column":5}},"line":5},"1":{"name":"(anonymous_1)","decl":{"start":{"line":38,"column":50},"end":{"line":38,"column":51}},"loc":{"start":{"line":38,"column":67},"end":{"line":42,"column":17}},"line":38},"2":{"name":"(anonymous_2)","decl":{"start":{"line":52,"column":28},"end":{"line":52,"column":29}},"loc":{"start":{"line":52,"column":48},"end":{"line":65,"column":5}},"line":52}},"branchMap":{"0":{"loc":{"start":{"line":39,"column":20},"end":{"line":41,"column":21}},"type":"if","locations":[{"start":{"line":39,"column":20},"end":{"line":41,"column":21}},{"start":{},"end":{}}],"line":39}},"s":{"0":1,"1":1,"2":1,"3":2,"4":2,"5":2,"6":1,"7":1,"8":1,"9":1,"10":1,"11":1,"12":1,"13":0,"14":1,"15":1,"16":1,"17":2,"18":2,"19":2,"20":1,"21":1,"22":1,"23":1},"f":{"0":2,"1":1,"2":2},"b":{"0":[0,1]},"_coverageSchema":"1a1c01bbd47fc00a2c39e90264f33305004495a9","hash":"c7df0c4f89d1eaa79a11c4c300074098638e7fb8"}
,"C:\\Users\\Quang Duong\\OneDrive - y5s0m\\Documents\\Github\\ResidentialCondominium\\ResidentialCondominium-Backend\\app\\controllers\\receptionController.js": {"path":"C:\\Users\\Quang Duong\\OneDrive - y5s0m\\Documents\\Github\\ResidentialCondominium\\ResidentialCondominium-Backend\\app\\controllers\\receptionController.js","statementMap":{"0":{"start":{"line":3,"column":11},"end":{"line":3,"column":34}},"1":{"start":{"line":5,"column":28},"end":{"line":104,"column":1}},"2":{"start":{"line":7,"column":8},"end":{"line":16,"column":9}},"3":{"start":{"line":8,"column":75},"end":{"line":8,"column":83}},"4":{"start":{"line":9,"column":26},"end":{"line":9,"column":126}},"5":{"start":{"line":10,"column":29},"end":{"line":10,"column":106}},"6":{"start":{"line":11,"column":32},"end":{"line":11,"column":47}},"7":{"start":{"line":13,"column":12},"end":{"line":13,"column":106}},"8":{"start":{"line":15,"column":12},"end":{"line":15,"column":38}},"9":{"start":{"line":20,"column":8},"end":{"line":29,"column":9}},"10":{"start":{"line":21,"column":32},"end":{"line":21,"column":45}},"11":{"start":{"line":22,"column":75},"end":{"line":22,"column":83}},"12":{"start":{"line":23,"column":26},"end":{"line":23,"column":133}},"13":{"start":{"line":24,"column":12},"end":{"line":24,"column":103}},"14":{"start":{"line":26,"column":12},"end":{"line":26,"column":80}},"15":{"start":{"line":28,"column":12},"end":{"line":28,"column":38}},"16":{"start":{"line":33,"column":8},"end":{"line":41,"column":9}},"17":{"start":{"line":34,"column":32},"end":{"line":34,"column":45}},"18":{"start":{"line":35,"column":26},"end":{"line":35,"column":63}},"19":{"start":{"line":36,"column":12},"end":{"line":36,"column":51}},"20":{"start":{"line":38,"column":12},"end":{"line":38,"column":80}},"21":{"start":{"line":40,"column":12},"end":{"line":40,"column":38}},"22":{"start":{"line":45,"column":8},"end":{"line":56,"column":9}},"23":{"start":{"line":46,"column":26},"end":{"line":50,"column":13}},"24":{"start":{"line":51,"column":33},"end":{"line":51,"column":56}},"25":{"start":{"line":53,"column":12},"end":{"line":53,"column":55}},"26":{"start":{"line":55,"column":12},"end":{"line":55,"column":38}},"27":{"start":{"line":59,"column":8},"end":{"line":71,"column":9}},"28":{"start":{"line":60,"column":32},"end":{"line":60,"column":45}},"29":{"start":{"line":61,"column":26},"end":{"line":61,"column":65}},"30":{"start":{"line":62,"column":32},"end":{"line":62,"column":70}},"31":{"start":{"line":64,"column":12},"end":{"line":66,"column":13}},"32":{"start":{"line":65,"column":16},"end":{"line":65,"column":80}},"33":{"start":{"line":68,"column":12},"end":{"line":68,"column":57}},"34":{"start":{"line":70,"column":12},"end":{"line":70,"column":38}},"35":{"start":{"line":75,"column":8},"end":{"line":100,"column":9}},"36":{"start":{"line":76,"column":30},"end":{"line":76,"column":39}},"37":{"start":{"line":81,"column":12},"end":{"line":93,"column":13}},"38":{"start":{"line":82,"column":16},"end":{"line":82,"column":43}},"39":{"start":{"line":83,"column":16},"end":{"line":88,"column":18}},"40":{"start":{"line":91,"column":16},"end":{"line":91,"column":34}},"41":{"sta
[...]
mn":5}},"line":110},"6":{"name":"(anonymous_6)","decl":{"start":{"line":125,"column":16},"end":{"line":125,"column":17}},"loc":{"start":{"line":125,"column":36},"end":{"line":167,"column":5}},"line":125},"7":{"name":"(anonymous_7)","decl":{"start":{"line":126,"column":69},"end":{"line":126,"column":70}},"loc":{"start":{"line":126,"column":98},"end":{"line":166,"column":9}},"line":126},"8":{"name":"(anonymous_8)","decl":{"start":{"line":170,"column":19},"end":{"line":170,"column":20}},"loc":{"start":{"line":170,"column":39},"end":{"line":197,"column":5}},"line":170},"9":{"name":"(anonymous_9)","decl":{"start":{"line":199,"column":20},"end":{"line":199,"column":21}},"loc":{"start":{"line":199,"column":40},"end":{"line":233,"column":5}},"line":199}},"branchMap":{"0":{"loc":{"start":{"line":8,"column":21},"end":{"line":8,"column":40}},"type":"binary-expr","locations":[{"start":{"line":8,"column":21},"end":{"line":8,"column":35}},{"start":{"line":8,"column":39},"end":{"line":8,"column":40}}],"line":8},"1":{"loc":{"start":{"line":9,"column":22},"end":{"line":9,"column":43}},"type":"binary-expr","locations":[{"start":{"line":9,"column":22},"end":{"line":9,"column":37}},{"start":{"line":9,"column":41},"end":{"line":9,"column":43}}],"line":9},"2":{"loc":{"start":{"line":29,"column":12},"end":{"line":31,"column":13}},"type":"if","locations":[{"start":{"line":29,"column":12},"end":{"line":31,"column":13}},{"start":{},"end":{}}],"line":29},"3":{"loc":{"start":{"line":38,"column":28},"end":{"line":38,"column":41}},"type":"binary-expr","locations":[{"start":{"line":38,"column":28},"end":{"line":38,"column":33}},{"start":{"line":38,"column":37},"end":{"line":38,"column":41}}],"line":38},"4":{"loc":{"start":{"line":38,"column":43},"end":{"line":38,"column":56}},"type":"binary-expr","locations":[{"start":{"line":38,"column":43},"end":{"line":38,"column":48}},{"start":{"line":38,"column":52},"end":{"line":38,"column":56}}],"line":38},"5":{"loc":{"start":{"line":38,"column":58},"end":{"line":38,"column":74}},"type":"binary-expr","locations":[{"start":{"line":38,"column":58},"end":{"line":38,"column":66}},{"start":{"line":38,"column":70},"end":{"line":38,"column":74}}],"line":38},"6":{"loc":{"start":{"line":38,"column":76},"end":{"line":38,"column":90}},"type":"binary-expr","locations":[{"start":{"line":38,"column":76},"end":{"line":38,"column":82}},{"start":{"line":38,"column":86},"end":{"line":38,"column":90}}],"line":38},"7":{"loc":{"start":{"line":38,"column":92},"end":{"line":38,"column":104}},"type":"binary-expr","locations":[{"start":{"line":38,"column":92},"end":{"line":38,"column":96}},{"start":{"line":38,"column":100},"end":{"line":38,"column":104}}],"line":38},"8":{"loc":{"start":{"line":38,"column":106},"end":{"line":38,"column":120}},"type":"binary-expr","locations":[{"start":{"line":38,"column":106},"end":{"line":38,"column":112}},{"start":{"line":38,"column":116},"end":{"line":38,"column":120}}],"line":38},"9":{"loc":{"start":{"line":58,"column":12},"end":{"line":60,"column":13}},"type":"if","locations":[{"start":{"line":58,"column":12},"end":{"line":60,"column":13}},{"start":{},"end":{}}],"line":58},"10":{"loc":{"start":{"line":78,"column":12},"end":{"line":80,"column":13}},"type":"if","locations":[{"start":{"line":78,"column":12},"end":{"line":80,"column":13}},{"start":{},"end":{}}],"line":78},"11":{"loc":{"start":{"line":85,"column":16},"end":{"line":85,"column":32}},"type":"binary-expr","locations":[{"start":{"line":85,"column":16},"end":{"line":85,"column":24}},{"start":{"line":85,"column":28},"end":{"line":85,"column":32}}],"line":85},"12":{"loc":{"start":{"line":86,"column":16},"end":{"line":86,"column":29}},"type":"binary-expr","locations":[{"start":{"line":86,"column":16},"end":{"line":86,"column":21}},{"start":{"line":86,"column":25},"end":{"line":86,"column":29}}],"line":86},"13":{"loc":{"start":{"line":87,"column":16},"end":{"line":87,"column":28}},"type":"binary-expr","locations":[{"start":{"line":87,"column":16},"end":{"line":87,"column":20}},{"start":{"line":87,"column":24},"end":{"line":87,"column":28}}],"line":87},"14":{"loc":{"start":{"line":88,"column":16},"end":{"line":88,"column":29}},"type":"binary-expr","locations":[{"start":{"line":88,"column":16},"end":{"line":88,"column":21}},{"start":{"line":88,"column":25},"end":{"line":88,"column":29}}],"line":88},"15":{"loc":{"start":{"line":89,"column":16},"end":{"line":89,"column":30}},"type":"binary-expr","locations":[{"start":{"line":89,"column":16},"end":{"line":89,"column":22}},{"start":{"line":89,"column":26},"end":{"line":89,"column":30}}],"line":89},"16":{"loc":{"start":{"line":95,"column":12},"end":{"line":97,"column":13}},"type":"if","locations":[{"start":{"line":95,"column":12},"end":{"line":97,"column":13}},{"start":{},"end":{}}],"line":95},"17":{"loc":{"start":{"line":127,"column":12},"end":{"line":165,"column":13}},"type":"if","locations":[{"start":{"line":127,"column":12},"end":{"line":165,"column":13}},{"start":{"line":129,"column":19},"end":{"line":165,"column":13}}],"line":127},"18":{"loc":{"start":{"line":138,"column":20},"end":{"line":140,"column":21}},"type":"if","locations":[{"start":{"line":138,"column":20},"end":{"line":140,"column":21}},{"start":{},"end":{}}],"line":138},"19":{"loc":{"start":{"line":178,"column":16},"end":{"line":178,"column":32}},"type":"binary-expr","locations":[{"start":{"line":178,"column":16},"end":{"line":178,"column":24}},{"start":{"line":178,"column":28},"end":{"line":178,"column":32}}],"line":178},"20":{"loc":{"start":{"line":179,"column":16},"end":{"line":179,"column":29}},"type":"binary-expr","locations":[{"start":{"line":179,"column":16},"end":{"line":179,"column":21}},{"start":{"line":179,"column":25},"end":{"line":179,"column":29}}],"line":179},"21":{"loc":{"start":{"line":180,"column":16},"end":{"line":180,"column":29}},"type":"binary-expr","locations":[{"start":{"line":180,"column":16},"end":{"line":180,"column":21}},{"start":{"line":180,"column":25},"end":{"line":180,"column":29}}],"line":180},"22":{"loc":{"start":{"line":181,"column":16},"end":{"line":181,"column":29}},"type":"binary-expr","locations":[{"start":{"line":181,"column":16},"end":{"line":181,"column":21}},{"start":{"line":181,"column":25},"end":{"line":181,"column":29}}],"line":181},"23":{"loc":{"start":{"line":182,"column":16},"end":{"line":182,"column":30}},"type":"binary-expr","locations":[{"start":{"line":182,"column":16},"end":{"line":182,"column":22}},{"start":{"line":182,"column":26},"end":{"line":182,"column":30}}],"line":182},"24":{"loc":{"start":{"line":188,"column":12},"end":{"line":190,"column":13}},"type":"if","locations":[{"start":{"line":188,"column":12},"end":{"line":190,"column":13}},{"start":{},"end":{}}],"line":188},"25":{"loc":{"start":{"line":206,"column":12},"end":{"line":208,"column":13}},"type":"if","locations":[{"start":{"line":206,"column":12},"end":{"line":208,"column":13}},{"start":{},"end":{}}],"line":206},"26":{"loc":{"start":{"line":212,"column":12},"end":{"line":214,"column":13}},"type":"if","locations":[{"start":{"line":212,"column":12},"end":{"line":214,"column":13}},{"start":{},"end":{}}],"line":212},"27":{"loc":{"start":{"line":222,"column":16},"end":{"line":222,"column":41}},"type":"binary-expr","locations":[{"start":{"line":222,"column":16},"end":{"line":222,"column":33}},{"start":{"line":222,"column":37},"end":{"line":222,"column":41}}],"line":222}},"s":{"0":1,"1":1,"2":1,"3":1,"4":1,"5":2,"6":2,"7":2,"8":2,"9":2,"10":2,"11":1,"12":1,"13":1,"14":1,"15":1,"16":0,"17":0,"18":0,"19":0,"20":0,"21":0,"22":0,"23":0,"24":0,"25":0,"26":1,"27":2,"28":2,"29":2,"30":1,"31":0,"32":1,"33":1,"34":1,"35":1,"36":2,"37":2,"38":2,"39":2,"40":1,"41":0,"42":1,"43":1,"44":1,"45":1,"46":0,"47":1,"48":1,"49":1,"50":2,"51":2,"52":2,"53":2,"54":2,"55":1,"56":1,"57":0,"58":0,"59":0,"60":0,"61":0,"62":0,"63":0,"64":0,"65":0,"66":0,"67":0,"68":0,"69":0,"70":2,"71":2,"72":2,"73":2,"74":2,"75":2,"76":1,"77":0,"78":1,"79":1,"80":1,"81":1,"82":1,"83":1,"84":1,"85":0,"86":0,"87":0,"88":0,"89":0,"90":0,"91":0,"92":0,"93":0,"94":0,"95":0,"96":1,"97":1,"98":1},"f":{"0":2,"1":1,"2":2,"3":2,"4":1,"5":2,"6":0,"7":0,"8":2,"9":1},"b":{"0":[2,0],"1":[2,0],"2":[0,0],"3":[0,0],"4":[0,0],"5":[0,0],"6":[0,0],"7":[0,0],"8":[0,0],"9":[0,1],"10":[0,1],"11":[1,0],"12":[1,0],"13":[1,0],"14":[1,0],"15":[1,0],"16":[0,1],"17":[0,0],"18":[0,0],"19":[2,0],"20":[2,0],"21":[2,2],"22":[2,0],"23":[2,0],"24":[0,1],"25":[0,0],"26":[0,0],"27":[0,0]},"_coverageSchema":"1a1c01bbd47fc00a2c39e90264f33305004495a9","hash":"a03eb2f1a1ae1bf7fcb97a8e98d73077b4968d1d"}
,"C:\\Users\\Quang Duong\\OneDrive - y5s0m\\Documents\\Github\\ResidentialCondominium\\ResidentialCondominium-Backend\\app\\controllers\\vendorController.js": {"path":"C:\\Users\\Quang Duong\\OneDrive - y5s0m\\Documents\\Github\\ResidentialCondominium\\ResidentialCondominium-Backend\\app\\controllers\\vendorController.js","statementMap":{"0":{"start":{"line":1,"column":11},"end":{"line":1,"column":34}},"1":{"start":{"line":3,"column":25},"end":{"line":91,"column":1}},"2":{"start":{"line":5,"column":8},"end":{"line":15,"column":9}},"3":{"start":{"line":6,"column":52},"end":{"line":6,"column":60}},"4":{"start":{"line":8,"column":26},"end":{"line":8,"column":97}},"5":{"start":{"line":9,"column":29},"end":{"line":9,"column":83}},"6":{"start":{"line":10,"column":29},"end":{"line":10,"column":44}},"7":{"start":{"line":12,"column":12},"end":{"line":12,"column":80}},"8":{"start":{"line":14,"column":12},"end":{"line":14,"column":38}},"9":{"start":{"line":19,"column":8},"end":{"line":27,"column":9}},"10":{"start":{"line":20,"column":29},"end":{"line":20,"column":42}},"11":{"start":{"line":21,"column":52},"end":{"line":21,"column":60}},"12":{"start":{"line":22,"column":26},"end":{"line":22,"column":103}},"13":{"start":{"line":23,"column":12},"end":{"line":23,"column":77}},"14":{"start":{"line":24,"column":12},"end":{"line":24,"column":77}},"15":{"start":{"line":26,"column":12},"end":{"line":26,"column":38}},"16":{"start":{"line":31,"column":8},"end":{"line":46,"column":9}},"17":{"start":{"line":32,"column":29},"end":{"line":32,"column":42}},"18":{"start":{"line":33,"column":26},"end":{"line":33,"column":60}},"19":{"start":{"line":34,"column":12},"end":{"line":34,"column":48}},"20":{"start":{"line":35,"column":12},"end":{"line":35,"column":77}},"21":{"start":{"line":37,"column":12},"end":{"line":45,"column":13}},"22":{"start":{"line":39,"column":16},"end":{"line":41,"column":19}},"23":{"start":{"line":44,"column":16},"end":{"line":44,"column":75}},"24":{"start":{"line":50,"column":8},"end":{"line":56,"column":9}},"25":{"start":{"line":51,"column":26},"end":{"line":51,"column":49}},"26":{"start":{"line":52,"column":30},"end":{"line":52,"column":53}},"27":{"start":{"line":53,"column":12},"end":{"line":53,"column":52}},"28":{"start":{"line":55,"column":12},"end":{"line":55,"column":38}},"29":{"start":{"line":60,"column":8},"end":{"line":72,"column":9}},"30":{"start":{"line":61,"column":29},"end":{"line":61,"column":42}},"31":{"start":{"line":62,"column":26},"end":{"line":62,"column":62}},"32":{"start":{"line":63,"column":29},"end":{"line":63,"column":64}},"33":{"start":{"line":65,"column":12},"end":{"line":67,"column":13}},"34":{"start":{"line":66,"column":16},"end":{"line":66,"column":77}},"35":{"start":{"line":69,"column":12},"end":{"line":69,"column":54}},"36":{"start":{"line":71,"column":12},"end":{"line":71,"column":38}},"37":{"start":{"line":76,"column":8},"end":{"line":89,"column":9}},"38":{"start":{"line":77,"column":35},"end":{"line":77,"column":44}},"39":{"start":{"line":80,"column":26},"end":{"line":83,"column":13}},"40":{"start":{"line":84,"column":30},"end":{"line":84,"column":131}},"41":{"start":{"line":86,"column":12},"end":{"line":86,"column":52}},"42":{"start":{"line":88,"column":12},"end":{"line":88,"column":38}},"43":{"start":{"line":93,"column":0},"end":{"line":93,"column":34}}},"fnMap":{"0":{"name":"(anonymous_0)","decl":{"start":{"line":4,"column":18},"end":{"line":4,"column":19}},"loc":{"start":{"line":4,"column":38},"end":{"line":16,"column":5}},"line":4},"1":{"name":"(anonymous_1)","decl":{"start":{"line":18,"column":18},"end":{"line":18,"column":19}},"loc":{"start":{"line":18,"column":38},"end":{"line":28,"column":5}},"line":18},"2":{"name":"(anonymous_2)","decl":{"start":{"line":30,"column":18},"end":{"line":30,"column":19}},"loc":{"start":{"line":30,"column":38},"end":{"line":47,"column":5}},"line":30},"3":{"name":"(anonymous_3)","decl":{"start":{"line":49,"column":19},"end":{"line":49,"column":20}},"loc":{"start":{"line":49,"column":39},"end":{"line":57,"column":5}},"line":49},"4":{"name":"(anonymous_4)","decl":{"start":{"line":59,"column":19},"end":{"line":59,"column":20}},"loc":{"start":{"line":59,"column":39},"end":{"line":73,"column":5}},"line":59},"5":{"name":"(anonymous_5)","decl":{"start":{"line":75,"column":19},"end":{"line":75,"column":20}},"loc":{"start":{"line":75,"column":39},"end":{"line":90,"column":5}},"line":75}},"branchMap":{"0":{"loc":{"start":{"line":37,"column":12},"end":{"line":45,"column":13}},"type":"if","locations":[{"start":{"line":37,"column":12},"end":{"line":45,"column":13}},{"start":{"line":42,"column":19},"end":{"line":45,"column":13}}],"line":37},"1":{"loc":{"start":{"line":37,"column":16},"end":{"line":37,"column":65}},"type":"binary-expr","locations":[{"start":{"line":37,"column":16},"end":{"line":37,"column":24}},{"start":{"line":37,"column":28},"end":{"line":37,"column":65}}],"line":37},"2":{"loc":{"start":{"line":65,"column":12},"end":{"line":67,"column":13}},"type":"if","locations":[{"start":{"line":65,"column":12},"end":{"line":67,"column":13}},{"start":{},"end":{}}],"line":65}},"s":{"0":1,"1":1,"2":2,"3":2,"4":2,"5":2,"6":1,"7":1,"8":1,"9":2,"10":2,"11":2,"12":2,"13":2,"14":1,"15":1,"16":2,"17":2,"18":2,"19":2,"20":1,"21":1,"22":0,"23":1,"24":2,"25":2,"26":2,"27":1,"28":1,"29":2,"30":2,"31":2,"32":2,"33":1,"34":0,"35":1,"36":1,"37":0,"38":0,"39":0,"40":0,"41":0,"42":0,"43":1},"f":{"0":2,"1":2,"2":2,"3":2,"4":2,"5":0},"b":{"0":[0,1],"1":[1,0],"2":[0,1]},"_coverageSchema":"1a1c01bbd47fc00a2c39e90264f33305004495a9","hash":"496955d6a27a2115d562ac9078d11f01702ebdfc"}
,"C:\\Users\\Quang Duong\\OneDrive - y5s0m\\Documents\\Github\\ResidentialCondominium\\ResidentialCondominium-Backend\\app\\controllers\\visitorsController.js": {"path":"C:\\Users\\Quang Duong\\OneDrive - y5s0m\\Documents\\Github\\ResidentialCondominium\\ResidentialCondominium-Backend\\app\\controllers\\visitorsController.js","statementMap":{"0":{"start":{"line":1,"column":11},"end":{"line":1,"column":34}},"1":{"start":{"line":3,"column":27},"end":{"line":109,"column":1}},"2":{"start":{"line":6,"column":8},"end":{"line":12,"column":9}},"3":{"start":{"line":7,"column":31},"end":{"line":7,"column":73}},"4":{"start":{"line":8,"column":12},"end":{"line":8,"column":43}},"5":{"start":{"line":10,"column":12},"end":{"line":10,"column":31}},"6":{"start":{"line":11,"column":12},"end":{"line":11,"column":38}},"7":{"start":{"line":17,"column":8},"end":{"line":25,"column":9}},"8":{"start":{"line":18,"column":80},"end":{"line":18,"column":88}},"9":{"start":{"line":19,"column":26},"end":{"line":19,"column":132}},"10":{"start":{"line":20,"column":12},"end":{"line":20,"column":95}},"11":{"start":{"line":21,"column":12},"end":{"line":21,"column":90}},"12":{"start":{"line":23,"column":12},"end":{"line":23,"column":31}},"13":{"start":{"line":24,"column":12},"end":{"line":24,"column":38}},"14":{"start":{"line":30,"column":8},"end":{"line":39,"column":9}},"15":{"start":{"line":31,"column":34},"end":{"line":31,"column":44}},"16":{"start":{"line":32,"column":80},"end":{"line":32,"column":88}},"17":{"start":{"line":33,"column":26},"end":{"line":33,"column":140}},"18":{"start":{"line":34,"column":12},"end":{"line":34,"column":106}},"19":{"start":{"line":35,"column":12},"end":{"line":35,"column":92}},"20":{"start":{"line":37,"column":12},"end":{"line":37,"column":31}},"21":{"start":{"line":38,"column":12},"end":{"line":38,"column":38}},"22":{"start":{"line":44,"column":8},"end":{"line":52,"column":9}},"23":{"start":{"line":45,"column":34},"end":{"line":45,"column":44}},"24":{"start":{"line":46,"column":26},"end":{"line":46,"column":61}},"25":{"start":{"line":47,"column":12},"end":{"line":47,"column":49}},"26":{"start":{"line":48,"column":12},"end":{"line":48,"column":92}},"27":{"start":{"line":50,"column":12},"end":{"line":50,"column":31}},"28":{"start":{"line":51,"column":12},"end":{"line":51,"column":38}},"29":{"start":{"line":57,"column":8},"end":{"line":69,"column":9}},"30":{"start":{"line":58,"column":34},"end":{"line":58,"column":44}},"31":{"start":{"line":59,"column":30},"end":{"line":59,"column":98}},"32":{"start":{"line":61,"column":12},"end":{"line":65,"column":13}},"33":{"start":{"line":62,"column":16},"end":{"line":62,"column":86}},"34":{"start":{"line":64,"column":16},"end":{"line":64,"column":49}},"35":{"start":{"line":67,"column":12},"end":{"line":67,"column":31}},"36":{"start":{"line":68,"column":12},"end":{"line":68,"column":38}},"37":{"start":{"line":74,"column":8},"end":{"line":103,"column":9}},"38":{"start":{"line":75,"column":32},"end":{"line":75,"column":41}},"39":{"start":{"line":80,"column":12},"end":{"line":95,"column":13}},"40":{"start":{"line":82,"column":16},"end":{"line":90,"column":14}},"41":{"start":{"line":91,"column":16},"end":{"line":91,"column":55}},"42":{"start":{"line":93,"column":16},"end":{"line":93,"column":49}},"43":{"start":{"line":94,"column":16},"end":{"line":94,"column":28}},"44":{"start":{"line":97,"column":31},"end":{"line":97,"column":62}},"45":{"start":{"line":99,"column":12},"end":{"line":99,"column":43}},"46":{"start":{"line":101,"column":12},"end":{"line":101,"column":31}},"47":{"start":{"line":102,"column":12},"end":{"line":102,"column":38}},"48":{"start":{"line":111,"column":0},"end":{"line":111,"column":36}}},"fnMap":{"0":{"name":"(anonymous_0)","decl":{"start":{"line":5,"column":20},"end":{"line":5,"column":21}},"loc":{"start":{"line":5,"column":40},"end":{"line":13,"column":5}},"line":5},"1":{"name":"(anonymous_1)","decl":{"start":{"line":16,"column":16},"end":{"line":16,"column":17}},"loc":{"start":{"line":16,"column":36},"end":{"line":26,"column":5}},"line":16},"2":{"name":"(anonymous_2)","decl":{"start":{"line":29,"column":19},"end":{"line":29,"column":20}},"loc":{"start":{"line":29,"column":39},"end":{"line":40,"column":5}},"line":29},"3":{"name":"(anonymous_3)","decl":{"start":{"line":43,"column":19},"end":{"line":43,"column":20}},"loc":{"start":{"line":43,"column":39},"end":{"line":53,"column":5}},"line":43},"4":{"name":"(anonymous_4)","decl":{"start":{"line":56,"column":20},"end":{"line":56,"column":21}},"loc":{"start":{"line":56,"column":40},"end":{"line":70,"column":5}},"line":56},"5":{"name":"(anonymous_5)","decl":{"start":{"line":73,"column":29},"end":{"line":73,"column":30}},"loc":{"start":{"line":73,"column":49},"end":{"line":104,"column":5}},"line":73}},"branchMap":{"0":{"loc":{"start":{"line":61,"column":12},"end":{"line":65,"column":13}},"type":"if","locations":[{"start":{"line":61,"column":12},"end":{"line":65,"column":13}},{"start":{"line":63,"column":19},"end":{"line":65,"column":13}}],"line":61},"1":{"loc":{"start":{"line":80,"column":12},"end":{"line":95,"column":13}},"type":"if","locations":[{"start":{"line":80,"column":12},"end":{"line":95,"column":13}},{"start":{"line":92,"column":19},"end":{"line":95,"column":13}}],"line":80}},"s":{"0":1,"1":1,"2":2,"3":2,"4":1,"5":1,"6":1,"7":2,"8":2,"9":2,"10":2,"11":1,"12":1,"13":1,"14":2,"15":2,"16":2,"17":2,"18":2,"19":1,"20":1,"21":1,"22":2,"23":2,"24":2,"25":2,"26":1,"27":1,"28":1,"29":2,"30":2,"31":2,"32":1,"33":0,"34":1,"35":1,"36":1,"37":0,"38":0,"39":0,"40":0,"41":0,"42":0,"43":0,"44":0,"45":0,"46":0,"47":0,"48":1},"f":{"0":2,"1":2,"2":2,"3":2,"4":2,"5":0},"b":{"0":[0,1],"1":[0,0]},"_coverageSchema":"1a1c01bbd47fc00a2c39e90264f33305004495a9","hash":"ec7aa374bfd265a609490d5dd3f3c05a96f63579"}
}
