TN:
SF:app\config\constant.js
FNF:0
FNH:0
DA:1,2
LF:1
LH:1
BRF:0
BRH:0
end_of_record
TN:
SF:app\config\db.js
FNF:0
FNH:0
DA:1,21
DA:3,21
DA:10,21
LF:3
LH:3
BRF:0
BRH:0
end_of_record
TN:
SF:app\controllers\assetCategoryController.js
FN:4,(anonymous_0)
FN:15,(anonymous_1)
FN:27,(anonymous_2)
FN:38,(anonymous_3)
FN:50,(anonymous_4)
FN:62,(anonymous_5)
FNF:6
FNH:6
FNDA:2,(anonymous_0)
FNDA:2,(anonymous_1)
FNDA:1,(anonymous_2)
FNDA:2,(anonymous_3)
FNDA:1,(anonymous_4)
FNDA:3,(anonymous_5)
DA:1,1
DA:3,1
DA:5,2
DA:6,2
DA:7,2
DA:9,1
DA:11,1
DA:16,2
DA:17,2
DA:18,2
DA:19,2
DA:20,1
DA:21,1
DA:23,2
DA:28,1
DA:29,1
DA:30,1
DA:31,1
DA:32,1
DA:34,0
DA:39,2
DA:40,2
DA:41,2
DA:42,2
DA:43,2
DA:44,0
DA:46,2
DA:51,1
DA:52,1
DA:53,1
DA:54,1
DA:55,1
DA:56,1
DA:58,0
DA:63,3
DA:64,3
DA:66,3
DA:67,3
DA:69,2
DA:70,1
DA:73,1
DA:75,2
DA:80,1
LF:43
LH:40
BRDA:69,0,0,1
BRDA:69,0,1,1
BRF:2
BRH:2
end_of_record
TN:
SF:app\controllers\assetController.js
FN:5,(anonymous_0)
FN:15,(anonymous_1)
FN:28,(anonymous_2)
FN:40,(anonymous_3)
FN:51,(anonymous_4)
FN:67,(anonymous_5)
FNF:6
FNH:6
FNDA:1,(anonymous_0)
FNDA:1,(anonymous_1)
FNDA:1,(anonymous_2)
FNDA:1,(anonymous_3)
FNDA:1,(anonymous_4)
FNDA:1,(anonymous_5)
DA:2,1
DA:4,1
DA:6,1
DA:7,1
DA:8,1
DA:9,1
DA:11,0
DA:16,1
DA:17,1
DA:19,1
DA:20,1
DA:21,1
DA:22,1
DA:24,0
DA:29,1
DA:30,1
DA:31,1
DA:32,1
DA:33,1
DA:34,1
DA:36,0
DA:41,1
DA:42,1
DA:43,1
DA:44,1
DA:45,1
DA:47,0
DA:52,1
DA:53,1
DA:54,1
DA:55,1
DA:57,1
DA:58,0
DA:61,1
DA:63,0
DA:68,1
DA:69,1
DA:70,1
DA:71,1
DA:72,1
DA:73,1
DA:75,0
DA:80,1
LF:43
LH:36
BRDA:57,0,0,0
BRDA:57,0,1,1
BRF:2
BRH:1
end_of_record
TN:
SF:app\controllers\assetEventController.js
FN:5,(anonymous_0)
FN:24,(anonymous_1)
FN:52,(anonymous_2)
FN:70,(anonymous_3)
FN:80,(anonymous_4)
FN:96,(anonymous_5)
FN:107,(anonymous_6)
FNF:7
FNH:7
FNDA:2,(anonymous_0)
FNDA:2,(anonymous_1)
FNDA:2,(anonymous_2)
FNDA:2,(anonymous_3)
FNDA:2,(anonymous_4)
FNDA:2,(anonymous_5)
FNDA:2,(anonymous_6)
DA:1,1
DA:3,1
DA:6,2
DA:7,2
DA:10,2
DA:11,2
DA:14,1
DA:15,1
DA:17,1
DA:19,1
DA:25,2
DA:26,2
DA:29,2
DA:30,2
DA:31,2
DA:33,0
DA:34,0
DA:38,0
DA:39,0
DA:42,0
DA:43,0
DA:45,0
DA:47,2
DA:53,2
DA:54,2
DA:57,2
DA:58,2
DA:61,1
DA:62,1
DA:64,0
DA:66,2
DA:71,2
DA:72,2
DA:73,2
DA:74,1
DA:76,1
DA:81,2
DA:82,2
DA:83,2
DA:84,2
DA:86,1
DA:87,0
DA:90,1
DA:92,1
DA:97,2
DA:98,2
DA:99,2
DA:100,2
DA:101,1
DA:103,1
DA:108,2
DA:109,2
DA:110,2
DA:111,2
DA:112,2
DA:113,1
DA:115,1
DA:120,1
LF:58
LH:49
BRDA:33,0,0,0
BRDA:33,0,1,0
BRDA:86,1,0,0
BRDA:86,1,1,1
BRF:4
BRH:1
end_of_record
TN:
SF:app\controllers\authController.js
FN:9,(anonymous_0)
FN:43,(anonymous_1)
FN:73,(anonymous_2)
FN:104,(anonymous_3)
FN:118,(anonymous_4)
FN:147,(anonymous_5)
FN:182,(anonymous_6)
FNF:7
FNH:4
FNDA:2,(anonymous_0)
FNDA:2,(anonymous_1)
FNDA:3,(anonymous_2)
FNDA:0,(anonymous_3)
FNDA:3,(anonymous_4)
FNDA:0,(anonymous_5)
FNDA:0,(anonymous_6)
DA:1,1
DA:2,1
DA:3,1
DA:4,1
DA:5,1
DA:6,1
DA:8,1
DA:10,2
DA:11,2
DA:12,2
DA:15,2
DA:17,1
DA:18,0
DA:22,1
DA:27,1
DA:36,1
DA:38,1
DA:39,1
DA:44,2
DA:46,2
DA:47,1
DA:49,1
DA:50,0
DA:54,1
DA:56,1
DA:57,0
DA:60,1
DA:62,1
DA:64,1
DA:65,0
DA:68,2
DA:69,2
DA:74,3
DA:75,3
DA:77,3
DA:78,1
DA:80,1
DA:81,0
DA:84,1
DA:88,1
DA:97,1
DA:104,1
DA:105,0
DA:106,0
DA:107,0
DA:109,0
DA:110,0
DA:113,2
DA:114,2
DA:119,3
DA:120,3
DA:123,3
DA:124,1
DA:126,1
DA:127,0
DA:131,1
DA:132,1
DA:134,1
DA:137,1
DA:139,1
DA:141,2
DA:142,2
DA:148,0
DA:149,0
DA:152,0
DA:155,0
DA:160,0
DA:163,0
DA:173,0
DA:175,0
DA:182,0
DA:183,0
DA:184,0
DA:189,0
DA:191,0
DA:192,0
DA:199,1
LF:77
LH:52
BRDA:17,0,0,0
BRDA:17,0,1,1
BRDA:49,1,0,0
BRDA:49,1,1,1
BRDA:56,2,0,0
BRDA:56,2,1,1
BRDA:60,3,0,1
BRDA:60,3,1,0
BRDA:60,4,0,1
BRDA:60,4,1,1
BRDA:80,5,0,0
BRDA:80,5,1,1
BRDA:105,6,0,0
BRDA:105,6,1,0
BRDA:126,7,0,0
BRDA:126,7,1,1
BRDA:126,8,0,1
BRDA:126,8,1,1
BRDA:183,9,0,0
BRDA:183,9,1,0
BRF:20
BRH:10
end_of_record
TN:
SF:app\controllers\complaintController.js
FN:5,(anonymous_0)
FN:33,(anonymous_1)
FN:45,(anonymous_2)
FN:59,(anonymous_3)
FN:72,(anonymous_4)
FN:89,(anonymous_5)
FN:104,(anonymous_6)
FNF:7
FNH:5
FNDA:3,(anonymous_0)
FNDA:2,(anonymous_1)
FNDA:2,(anonymous_2)
FNDA:2,(anonymous_3)
FNDA:0,(anonymous_4)
FNDA:4,(anonymous_5)
FNDA:0,(anonymous_6)
DA:1,1
DA:3,1
DA:6,3
DA:7,3
DA:10,3
DA:11,2
DA:13,2
DA:14,1
DA:18,1
DA:23,1
DA:25,1
DA:27,1
DA:28,1
DA:34,2
DA:35,2
DA:36,2
DA:37,1
DA:39,1
DA:40,1
DA:46,2
DA:47,2
DA:48,2
DA:49,2
DA:50,2
DA:51,1
DA:53,1
DA:54,1
DA:60,2
DA:61,2
DA:62,2
DA:63,2
DA:64,1
DA:66,2
DA:67,2
DA:73,0
DA:74,0
DA:75,0
DA:77,0
DA:78,0
DA:80,0
DA:83,0
DA:84,0
DA:90,4
DA:91,4
DA:93,4
DA:94,4
DA:96,2
DA:98,2
DA:99,2
DA:105,0
DA:106,0
DA:107,0
DA:110,0
DA:111,0
DA:113,0
DA:114,0
DA:118,0
DA:119,0
DA:121,0
DA:123,0
DA:124,0
DA:129,1
LF:62
LH:42
BRDA:13,0,0,1
BRDA:13,0,1,1
BRDA:77,1,0,0
BRDA:77,1,1,0
BRDA:113,2,0,0
BRDA:113,2,1,0
BRF:6
BRH:2
end_of_record
TN:
SF:app\controllers\contractController.js
FN:4,(anonymous_0)
FN:18,(anonymous_1)
FN:30,(anonymous_2)
FN:41,(anonymous_3)
FN:51,(anonymous_4)
FN:67,(anonymous_5)
FNF:6
FNH:6
FNDA:2,(anonymous_0)
FNDA:2,(anonymous_1)
FNDA:2,(anonymous_2)
FNDA:2,(anonymous_3)
FNDA:3,(anonymous_4)
FNDA:2,(anonymous_5)
DA:1,1
DA:3,1
DA:5,2
DA:6,2
DA:8,2
DA:9,2
DA:10,1
DA:12,1
DA:14,1
DA:19,2
DA:20,2
DA:21,2
DA:22,2
DA:23,2
DA:24,1
DA:26,1
DA:31,2
DA:32,2
DA:33,2
DA:34,2
DA:35,1
DA:37,1
DA:42,2
DA:43,2
DA:44,2
DA:45,1
DA:47,1
DA:52,3
DA:53,3
DA:54,3
DA:55,3
DA:57,2
DA:58,1
DA:61,1
DA:63,1
DA:68,2
DA:69,2
DA:71,2
DA:72,2
DA:74,2
DA:75,2
DA:76,2
DA:79,2
DA:80,2
DA:81,2
DA:84,2
DA:85,2
DA:86,2
DA:89,2
DA:90,2
DA:91,2
DA:94,2
DA:95,2
DA:96,2
DA:98,1
DA:100,1
DA:105,1
LF:57
LH:57
BRDA:57,0,0,1
BRDA:57,0,1,1
BRDA:74,1,0,2
BRDA:74,1,1,0
BRDA:79,2,0,2
BRDA:79,2,1,0
BRDA:84,3,0,2
BRDA:84,3,1,0
BRDA:89,4,0,2
BRDA:89,4,1,0
BRDA:94,5,0,2
BRDA:94,5,1,0
BRF:12
BRH:7
end_of_record
TN:
SF:app\controllers\customerEnrollmentController.js
FN:6,(anonymous_0)
FN:16,(anonymous_1)
FN:32,(anonymous_2)
FN:44,(anonymous_3)
FN:57,(anonymous_4)
FN:68,(anonymous_5)
FNF:6
FNH:6
FNDA:2,(anonymous_0)
FNDA:3,(anonymous_1)
FNDA:2,(anonymous_2)
FNDA:2,(anonymous_3)
FNDA:2,(anonymous_4)
FNDA:2,(anonymous_5)
DA:3,1
DA:5,1
DA:7,2
DA:8,2
DA:9,2
DA:10,1
DA:12,1
DA:17,3
DA:18,3
DA:19,3
DA:20,3
DA:22,2
DA:23,1
DA:26,1
DA:28,1
DA:33,2
DA:34,2
DA:35,2
DA:36,2
DA:37,1
DA:38,1
DA:40,1
DA:45,2
DA:46,2
DA:47,2
DA:48,2
DA:49,2
DA:50,1
DA:52,1
DA:58,2
DA:59,2
DA:60,2
DA:61,2
DA:62,1
DA:64,1
DA:69,2
DA:70,2
DA:71,2
DA:79,2
DA:81,1
DA:83,1
DA:88,1
LF:42
LH:42
BRDA:22,0,0,1
BRDA:22,0,1,1
BRF:2
BRH:2
end_of_record
TN:
SF:app\controllers\emergencyMaintenanceController.js
FN:4,(anonymous_0)
FN:14,(anonymous_1)
FN:26,(anonymous_2)
FN:38,(anonymous_3)
FN:49,(anonymous_4)
FN:70,(anonymous_5)
FN:84,(anonymous_6)
FNF:7
FNH:7
FNDA:2,(anonymous_0)
FNDA:2,(anonymous_1)
FNDA:2,(anonymous_2)
FNDA:2,(anonymous_3)
FNDA:3,(anonymous_4)
FNDA:2,(anonymous_5)
FNDA:2,(anonymous_6)
DA:1,1
DA:3,1
DA:5,2
DA:6,2
DA:7,2
DA:8,1
DA:10,1
DA:15,2
DA:16,2
DA:17,2
DA:18,2
DA:19,1
DA:20,1
DA:22,1
DA:27,2
DA:28,2
DA:29,2
DA:30,2
DA:31,2
DA:32,1
DA:34,1
DA:39,2
DA:40,2
DA:41,2
DA:42,2
DA:43,1
DA:45,1
DA:50,3
DA:51,3
DA:52,3
DA:58,3
DA:60,2
DA:61,1
DA:64,1
DA:66,1
DA:71,2
DA:72,2
DA:77,2
DA:78,1
DA:80,1
DA:85,2
DA:86,2
DA:87,2
DA:96,2
DA:98,1
DA:100,1
DA:105,1
LF:47
LH:47
BRDA:60,0,0,1
BRDA:60,0,1,1
BRF:2
BRH:2
end_of_record
TN:
SF:app\controllers\entryController.js
FN:4,(anonymous_0)
FN:17,(anonymous_1)
FN:27,(anonymous_2)
FN:43,(anonymous_3)
FN:55,(anonymous_4)
FN:66,(anonymous_5)
FNF:6
FNH:6
FNDA:2,(anonymous_0)
FNDA:2,(anonymous_1)
FNDA:3,(anonymous_2)
FNDA:2,(anonymous_3)
FNDA:2,(anonymous_4)
FNDA:2,(anonymous_5)
DA:1,1
DA:3,1
DA:5,2
DA:6,2
DA:7,2
DA:8,2
DA:9,1
DA:11,1
DA:13,1
DA:18,2
DA:19,2
DA:20,2
DA:21,1
DA:23,1
DA:28,3
DA:29,3
DA:30,3
DA:31,3
DA:33,2
DA:34,1
DA:37,1
DA:39,1
DA:44,2
DA:45,2
DA:46,2
DA:47,2
DA:48,2
DA:49,1
DA:51,1
DA:56,2
DA:57,2
DA:58,2
DA:59,2
DA:60,1
DA:62,1
DA:67,2
DA:68,2
DA:69,0
DA:70,0
DA:72,0
DA:74,2
DA:79,1
LF:42
LH:39
BRDA:33,0,0,1
BRDA:33,0,1,1
BRF:2
BRH:2
end_of_record
TN:
SF:app\controllers\maintenanceHistoryController.js
FN:4,(anonymous_0)
FN:16,(anonymous_1)
FN:28,(anonymous_2)
FN:39,(anonymous_3)
FN:50,(anonymous_4)
FN:66,(anonymous_5)
FNF:6
FNH:5
FNDA:9,(anonymous_0)
FNDA:0,(anonymous_1)
FNDA:1,(anonymous_2)
FNDA:1,(anonymous_3)
FNDA:1,(anonymous_4)
FNDA:1,(anonymous_5)
DA:1,1
DA:3,1
DA:5,9
DA:6,9
DA:7,5
DA:8,5
DA:9,1
DA:10,1
DA:12,8
DA:17,0
DA:18,0
DA:19,0
DA:20,0
DA:21,0
DA:22,0
DA:24,0
DA:29,1
DA:30,1
DA:31,1
DA:32,1
DA:33,1
DA:35,0
DA:40,1
DA:41,1
DA:42,1
DA:43,1
DA:44,0
DA:46,1
DA:51,1
DA:52,1
DA:53,1
DA:54,1
DA:56,1
DA:57,0
DA:59,1
DA:62,0
DA:67,1
DA:68,1
DA:69,1
DA:70,1
DA:71,1
DA:73,0
DA:78,1
LF:43
LH:31
BRDA:56,0,0,0
BRDA:56,0,1,1
BRF:2
BRH:1
end_of_record
TN:
SF:app\controllers\maintenancePlanController.js
FN:4,(anonymous_0)
FN:16,(anonymous_1)
FN:28,(anonymous_2)
FN:39,(anonymous_3)
FN:50,(anonymous_4)
FNF:5
FNH:5
FNDA:2,(anonymous_0)
FNDA:2,(anonymous_1)
FNDA:2,(anonymous_2)
FNDA:2,(anonymous_3)
FNDA:2,(anonymous_4)
DA:1,1
DA:3,1
DA:5,2
DA:6,2
DA:7,2
DA:8,2
DA:9,1
DA:10,1
DA:12,1
DA:17,2
DA:18,2
DA:19,2
DA:20,2
DA:21,2
DA:22,1
DA:24,1
DA:29,2
DA:30,2
DA:31,2
DA:32,2
DA:33,1
DA:35,1
DA:40,2
DA:41,2
DA:42,2
DA:43,2
DA:44,1
DA:46,1
DA:51,2
DA:52,2
DA:53,2
DA:54,1
DA:56,1
DA:61,1
LF:34
LH:34
BRF:0
BRH:0
end_of_record
TN:
SF:app\controllers\notificationController.js
FN:5,(anonymous_0)
FN:38,(anonymous_1)
FN:52,(anonymous_2)
FNF:3
FNH:3
FNDA:2,(anonymous_0)
FNDA:1,(anonymous_1)
FNDA:2,(anonymous_2)
DA:1,1
DA:2,1
DA:4,1
DA:6,2
DA:7,2
DA:10,2
DA:15,1
DA:18,1
DA:28,1
DA:30,1
DA:31,1
DA:38,1
DA:39,1
DA:40,0
DA:45,1
DA:47,1
DA:48,1
DA:53,2
DA:54,2
DA:57,2
DA:60,1
DA:62,1
DA:63,1
DA:68,1
LF:24
LH:23
BRDA:39,0,0,0
BRDA:39,0,1,1
BRF:2
BRH:1
end_of_record
TN:
SF:app\controllers\receptionController.js
FN:6,(anonymous_0)
FN:19,(anonymous_1)
FN:32,(anonymous_2)
FN:44,(anonymous_3)
FN:55,(anonymous_4)
FN:71,(anonymous_5)
FNF:6
FNH:6
FNDA:2,(anonymous_0)
FNDA:2,(anonymous_1)
FNDA:2,(anonymous_2)
FNDA:2,(anonymous_3)
FNDA:2,(anonymous_4)
FNDA:2,(anonymous_5)
DA:3,1
DA:5,1
DA:7,2
DA:8,2
DA:9,2
DA:10,2
DA:11,1
DA:13,1
DA:15,1
DA:20,2
DA:21,2
DA:22,2
DA:23,2
DA:24,2
DA:26,1
DA:28,1
DA:33,2
DA:34,2
DA:35,2
DA:36,2
DA:38,1
DA:40,1
DA:45,2
DA:46,2
DA:47,2
DA:49,1
DA:51,1
DA:56,2
DA:57,2
DA:58,2
DA:59,2
DA:61,1
DA:62,0
DA:65,1
DA:67,1
DA:72,2
DA:73,2
DA:74,2
DA:76,2
DA:81,2
DA:83,1
DA:85,1
DA:90,1
LF:43
LH:42
BRDA:61,0,0,0
BRDA:61,0,1,1
BRF:2
BRH:1
end_of_record
TN:
SF:app\controllers\registrationController.js
FN:4,(anonymous_0)
FN:42,(anonymous_1)
FN:89,(anonymous_2)
FN:111,(anonymous_3)
FNF:4
FNH:4
FNDA:3,(anonymous_0)
FNDA:4,(anonymous_1)
FNDA:3,(anonymous_2)
FNDA:1,(anonymous_3)
DA:1,1
DA:3,1
DA:5,3
DA:6,3
DA:9,3
DA:10,2
DA:12,2
DA:13,1
DA:17,1
DA:22,1
DA:24,1
DA:26,1
DA:27,2
DA:35,1
DA:37,1
DA:38,1
DA:43,4
DA:44,4
DA:47,4
DA:48,3
DA:50,3
DA:51,1
DA:55,2
DA:56,2
DA:58,2
DA:59,1
DA:63,1
DA:69,1
DA:71,1
DA:74,1
DA:75,2
DA:82,1
DA:84,1
DA:85,1
DA:90,3
DA:92,3
DA:106,2
DA:107,1
DA:111,1
DA:121,1
DA:123,1
DA:124,1
DA:130,1
LF:43
LH:43
BRDA:12,0,0,1
BRDA:12,0,1,1
BRDA:24,1,0,1
BRDA:24,1,1,0
BRDA:50,2,0,1
BRDA:50,2,1,2
BRDA:58,3,0,1
BRDA:58,3,1,1
BRDA:69,4,0,1
BRDA:69,4,1,0
BRDA:106,5,0,1
BRDA:106,5,1,1
BRDA:106,6,0,2
BRDA:106,6,1,2
BRF:14
BRH:12
end_of_record
TN:
SF:app\controllers\reportController.js
FN:5,(anonymous_0)
FN:19,(anonymous_1)
FN:32,(anonymous_2)
FNF:3
FNH:3
FNDA:2,(anonymous_0)
FNDA:2,(anonymous_1)
FNDA:2,(anonymous_2)
DA:2,1
DA:4,1
DA:6,2
DA:7,2
DA:10,2
DA:11,2
DA:12,1
DA:13,1
DA:15,1
DA:20,2
DA:21,2
DA:24,2
DA:25,2
DA:26,1
DA:28,1
DA:33,2
DA:35,2
DA:38,2
DA:47,2
DA:49,1
DA:50,0
DA:53,1
DA:54,1
DA:56,1
DA:57,1
DA:62,1
LF:26
LH:25
BRDA:49,0,0,0
BRDA:49,0,1,1
BRF:2
BRH:1
end_of_record
TN:
SF:app\controllers\residenceRulesController.js
FN:5,(anonymous_0)
FN:16,(anonymous_1)
FN:29,(anonymous_2)
FN:43,(anonymous_3)
FN:56,(anonymous_4)
FN:73,(anonymous_5)
FNF:6
FNH:6
FNDA:2,(anonymous_0)
FNDA:2,(anonymous_1)
FNDA:2,(anonymous_2)
FNDA:2,(anonymous_3)
FNDA:3,(anonymous_4)
FNDA:3,(anonymous_5)
DA:1,1
DA:3,1
DA:6,2
DA:7,2
DA:8,1
DA:10,1
DA:11,1
DA:17,2
DA:18,2
DA:19,2
DA:20,2
DA:21,1
DA:23,1
DA:24,1
DA:30,2
DA:31,2
DA:32,2
DA:33,2
DA:34,2
DA:35,1
DA:37,1
DA:38,1
DA:44,2
DA:45,2
DA:46,2
DA:47,2
DA:48,1
DA:50,1
DA:51,1
DA:57,3
DA:58,3
DA:59,3
DA:61,2
DA:62,1
DA:64,1
DA:67,1
DA:68,1
DA:74,3
DA:75,3
DA:77,3
DA:78,0
DA:81,3
DA:82,3
DA:83,3
DA:85,2
DA:86,1
DA:88,1
DA:91,1
DA:92,1
DA:97,1
LF:50
LH:49
BRDA:61,0,0,1
BRDA:61,0,1,1
BRDA:77,1,0,0
BRDA:77,1,1,3
BRDA:85,2,0,1
BRDA:85,2,1,1
BRF:6
BRH:5
end_of_record
TN:
SF:app\controllers\residentEventsController.js
FN:6,(anonymous_0)
FN:27,(anonymous_1)
FN:61,(anonymous_2)
FN:75,(anonymous_3)
FN:101,(anonymous_4)
FN:110,(anonymous_5)
FN:123,(anonymous_6)
FN:140,(anonymous_7)
FN:178,(anonymous_8)
FN:191,(anonymous_9)
FN:202,(anonymous_10)
FN:225,(anonymous_11)
FN:243,(anonymous_12)
FNF:13
FNH:12
FNDA:2,(anonymous_0)
FNDA:2,(anonymous_1)
FNDA:2,(anonymous_2)
FNDA:2,(anonymous_3)
FNDA:2,(anonymous_4)
FNDA:1,(anonymous_5)
FNDA:2,(anonymous_6)
FNDA:2,(anonymous_7)
FNDA:1,(anonymous_8)
FNDA:0,(anonymous_9)
FNDA:2,(anonymous_10)
FNDA:2,(anonymous_11)
FNDA:2,(anonymous_12)
DA:1,1
DA:2,1
DA:4,1
DA:7,2
DA:9,2
DA:12,1
DA:15,1
DA:20,1
DA:22,1
DA:23,1
DA:28,2
DA:30,2
DA:33,2
DA:38,1
DA:41,1
DA:51,1
DA:53,1
DA:54,2
DA:61,2
DA:62,2
DA:63,0
DA:68,1
DA:70,1
DA:71,1
DA:76,2
DA:78,2
DA:81,2
DA:86,1
DA:89,1
DA:99,1
DA:101,2
DA:103,1
DA:110,1
DA:111,1
DA:112,0
DA:116,1
DA:118,1
DA:119,1
DA:124,2
DA:126,2
DA:129,2
DA:132,1
DA:134,1
DA:135,1
DA:141,2
DA:143,2
DA:148,2
DA:149,1
DA:151,1
DA:152,0
DA:156,1
DA:159,1
DA:168,1
DA:169,1
DA:171,1
DA:178,1
DA:179,1
DA:180,0
DA:184,1
DA:186,1
DA:187,1
DA:192,0
DA:194,0
DA:195,0
DA:197,0
DA:198,0
DA:203,2
DA:204,2
DA:206,2
DA:208,1
DA:209,0
DA:211,1
DA:214,1
DA:215,1
DA:217,1
DA:220,1
DA:221,1
DA:226,2
DA:227,2
DA:229,2
DA:236,1
DA:238,1
DA:239,1
DA:244,2
DA:245,2
DA:247,2
DA:249,1
DA:251,1
DA:252,1
DA:258,1
LF:90
LH:80
BRDA:62,0,0,0
BRDA:62,0,1,2
BRDA:111,1,0,0
BRDA:111,1,1,1
BRDA:151,2,0,0
BRDA:151,2,1,1
BRDA:151,3,0,1
BRDA:151,3,1,1
BRDA:179,4,0,0
BRDA:179,4,1,1
BRDA:208,5,0,0
BRDA:208,5,1,1
BRF:12
BRH:7
end_of_record
TN:
SF:app\controllers\roomController.js
FN:4,(anonymous_0)
FN:20,(anonymous_1)
FN:39,(anonymous_2)
FN:58,(anonymous_3)
FN:79,(anonymous_4)
FN:93,(anonymous_5)
FN:117,(anonymous_6)
FN:137,(anonymous_7)
FNF:8
FNH:8
FNDA:2,(anonymous_0)
FNDA:2,(anonymous_1)
FNDA:2,(anonymous_2)
FNDA:2,(anonymous_3)
FNDA:2,(anonymous_4)
FNDA:2,(anonymous_5)
FNDA:2,(anonymous_6)
FNDA:2,(anonymous_7)
DA:1,1
DA:3,1
DA:5,2
DA:6,2
DA:8,2
DA:9,2
DA:11,1
DA:14,1
DA:16,1
DA:21,2
DA:22,2
DA:23,2
DA:25,1
DA:26,1
DA:27,1
DA:28,1
DA:31,1
DA:33,1
DA:40,2
DA:41,2
DA:43,2
DA:45,2
DA:46,1
DA:49,1
DA:50,1
DA:52,0
DA:54,1
DA:59,2
DA:60,2
DA:61,2
DA:63,2
DA:64,2
DA:66,2
DA:68,1
DA:69,0
DA:72,1
DA:74,1
DA:75,1
DA:80,2
DA:81,2
DA:83,2
DA:84,2
DA:86,2
DA:87,1
DA:89,1
DA:94,2
DA:95,2
DA:97,2
DA:98,2
DA:100,1
DA:101,0
DA:104,1
DA:105,1
DA:107,1
DA:109,1
DA:111,1
DA:118,2
DA:119,2
DA:121,2
DA:122,1
DA:124,1
DA:125,0
DA:128,1
DA:129,1
DA:131,1
DA:133,1
DA:138,2
DA:139,2
DA:141,2
DA:142,1
DA:144,1
DA:145,0
DA:148,1
DA:149,1
DA:151,1
DA:153,1
DA:159,1
LF:77
LH:72
BRDA:45,0,0,1
BRDA:45,0,1,1
BRDA:64,1,0,2
BRDA:64,1,1,0
BRDA:64,2,0,2
BRDA:64,2,1,0
BRDA:64,3,0,2
BRDA:64,3,1,0
BRDA:64,4,0,2
BRDA:64,4,1,0
BRDA:64,5,0,2
BRDA:64,5,1,0
BRDA:64,6,0,2
BRDA:64,6,1,0
BRDA:68,7,0,0
BRDA:68,7,1,1
BRDA:100,8,0,0
BRDA:100,8,1,1
BRDA:124,9,0,0
BRDA:124,9,1,1
BRDA:124,10,0,1
BRDA:124,10,1,1
BRDA:144,11,0,0
BRDA:144,11,1,1
BRDA:144,12,0,1
BRDA:144,12,1,1
BRF:26
BRH:16
end_of_record
TN:
SF:app\controllers\userController.js
FN:7,(anonymous_0)
FN:23,(anonymous_1)
FN:52,(anonymous_2)
FN:71,(anonymous_3)
FN:107,(anonymous_4)
FN:110,(anonymous_5)
FN:132,(anonymous_6)
FN:133,(anonymous_7)
FN:142,(anonymous_8)
FN:170,(anonymous_9)
FNF:10
FNH:8
FNDA:2,(anonymous_0)
FNDA:1,(anonymous_1)
FNDA:2,(anonymous_2)
FNDA:2,(anonymous_3)
FNDA:1,(anonymous_4)
FNDA:2,(anonymous_5)
FNDA:0,(anonymous_6)
FNDA:0,(anonymous_7)
FNDA:2,(anonymous_8)
FNDA:1,(anonymous_9)
DA:1,1
DA:2,1
DA:3,1
DA:4,1
DA:6,1
DA:8,2
DA:9,2
DA:10,2
DA:12,2
DA:13,2
DA:15,2
DA:16,1
DA:18,1
DA:24,1
DA:25,1
DA:27,1
DA:29,0
DA:30,0
DA:33,0
DA:34,0
DA:36,0
DA:38,0
DA:40,0
DA:42,0
DA:43,0
DA:45,0
DA:47,1
DA:53,2
DA:54,2
DA:56,2
DA:58,1
DA:59,0
DA:62,1
DA:63,1
DA:65,1
DA:67,1
DA:72,2
DA:73,2
DA:74,2
DA:76,2
DA:78,1
DA:79,0
DA:82,1
DA:84,1
DA:93,1
DA:95,1
DA:96,0
DA:99,1
DA:101,1
DA:102,1
DA:111,2
DA:112,2
DA:113,2
DA:115,2
DA:120,2
DA:121,2
DA:122,2
DA:123,2
DA:125,2
DA:126,1
DA:128,1
DA:133,0
DA:134,0
DA:135,0
DA:137,0
DA:143,2
DA:144,2
DA:145,2
DA:147,2
DA:149,2
DA:157,2
DA:159,1
DA:160,0
DA:163,1
DA:165,1
DA:166,1
DA:171,1
DA:172,1
DA:173,1
DA:175,1
DA:177,0
DA:178,0
DA:181,0
DA:183,0
DA:184,0
DA:187,0
DA:188,0
DA:190,0
DA:192,0
DA:197,0
DA:199,0
DA:201,1
DA:202,1
DA:208,1
LF:94
LH:65
BRDA:8,0,0,2
BRDA:8,0,1,0
BRDA:9,1,0,2
BRDA:9,1,1,0
BRDA:29,2,0,0
BRDA:29,2,1,0
BRDA:38,3,0,0
BRDA:38,3,1,0
BRDA:38,4,0,0
BRDA:38,4,1,0
BRDA:38,5,0,0
BRDA:38,5,1,0
BRDA:38,6,0,0
BRDA:38,6,1,0
BRDA:38,7,0,0
BRDA:38,7,1,0
BRDA:38,8,0,0
BRDA:38,8,1,0
BRDA:58,9,0,0
BRDA:58,9,1,1
BRDA:78,10,0,0
BRDA:78,10,1,1
BRDA:85,11,0,1
BRDA:85,11,1,0
BRDA:86,12,0,1
BRDA:86,12,1,0
BRDA:87,13,0,1
BRDA:87,13,1,0
BRDA:88,14,0,1
BRDA:88,14,1,0
BRDA:89,15,0,1
BRDA:89,15,1,0
BRDA:95,16,0,0
BRDA:95,16,1,1
BRDA:111,17,0,2
BRDA:111,17,1,0
BRDA:112,18,0,2
BRDA:112,18,1,0
BRDA:134,19,0,0
BRDA:134,19,1,0
BRDA:150,20,0,2
BRDA:150,20,1,0
BRDA:151,21,0,2
BRDA:151,21,1,0
BRDA:152,22,0,2
BRDA:152,22,1,0
BRDA:153,23,0,2
BRDA:153,23,1,0
BRDA:159,24,0,0
BRDA:159,24,1,1
BRDA:177,25,0,0
BRDA:177,25,1,0
BRDA:183,26,0,0
BRDA:183,26,1,0
BRDA:193,27,0,0
BRDA:193,27,1,0
BRF:56
BRH:17
end_of_record
TN:
SF:app\controllers\vendorController.js
FN:4,(anonymous_0)
FN:18,(anonymous_1)
FN:30,(anonymous_2)
FN:41,(anonymous_3)
FN:51,(anonymous_4)
FNF:5
FNH:5
FNDA:2,(anonymous_0)
FNDA:2,(anonymous_1)
FNDA:2,(anonymous_2)
FNDA:2,(anonymous_3)
FNDA:2,(anonymous_4)
DA:1,1
DA:3,1
DA:5,2
DA:6,2
DA:8,2
DA:9,2
DA:10,1
DA:12,1
DA:14,1
DA:19,2
DA:20,2
DA:21,2
DA:22,2
DA:23,2
DA:24,1
DA:26,1
DA:31,2
DA:32,2
DA:33,2
DA:34,2
DA:35,1
DA:37,1
DA:42,2
DA:43,2
DA:44,2
DA:45,1
DA:47,1
DA:52,2
DA:53,2
DA:54,2
DA:55,2
DA:57,1
DA:58,0
DA:61,1
DA:63,1
DA:68,1
LF:36
LH:35
BRDA:57,0,0,0
BRDA:57,0,1,1
BRF:2
BRH:1
end_of_record
TN:
SF:app\controllers\visitorsController.js
FN:5,(anonymous_0)
FN:16,(anonymous_1)
FN:29,(anonymous_2)
FN:43,(anonymous_3)
FN:56,(anonymous_4)
FN:73,(anonymous_5)
FNF:6
FNH:6
FNDA:2,(anonymous_0)
FNDA:2,(anonymous_1)
FNDA:2,(anonymous_2)
FNDA:2,(anonymous_3)
FNDA:2,(anonymous_4)
FNDA:2,(anonymous_5)
DA:1,1
DA:3,1
DA:6,2
DA:7,2
DA:8,1
DA:10,1
DA:11,1
DA:17,2
DA:18,2
DA:19,2
DA:20,2
DA:21,1
DA:23,1
DA:24,1
DA:30,2
DA:31,2
DA:32,2
DA:33,2
DA:34,2
DA:35,1
DA:37,1
DA:38,1
DA:44,2
DA:45,2
DA:46,2
DA:47,2
DA:48,1
DA:50,1
DA:51,1
DA:57,2
DA:58,2
DA:59,2
DA:61,1
DA:62,0
DA:64,1
DA:67,1
DA:68,1
DA:74,2
DA:75,2
DA:77,2
DA:78,0
DA:81,2
DA:82,2
DA:84,1
DA:85,0
DA:87,1
DA:90,1
DA:91,1
DA:98,1
LF:49
LH:46
BRDA:61,0,0,0
BRDA:61,0,1,1
BRDA:77,1,0,0
BRDA:77,1,1,2
BRDA:84,2,0,0
BRDA:84,2,1,1
BRF:6
BRH:3
end_of_record
