TN:
SF:app\config\constant.js
FNF:0
FNH:0
DA:1,1
LF:1
LH:1
BRF:0
BRH:0
end_of_record
TN:
SF:app\config\db.js
FNF:0
FNH:0
DA:1,6
DA:3,6
DA:10,6
LF:3
LH:3
BRF:0
BRH:0
end_of_record
TN:
SF:app\controllers\assetController.js
FN:5,(anonymous_0)
FN:15,(anonymous_1)
FN:28,(anonymous_2)
FN:40,(anonymous_3)
FN:51,(anonymous_4)
FN:67,(anonymous_5)
FNF:6
FNH:4
FNDA:2,(anonymous_0)
FNDA:3,(anonymous_1)
FNDA:3,(anonymous_2)
FNDA:3,(anonymous_3)
FNDA:0,(anonymous_4)
FNDA:0,(anonymous_5)
DA:2,1
DA:4,1
DA:6,2
DA:7,2
DA:8,2
DA:9,1
DA:11,1
DA:16,3
DA:17,3
DA:19,3
DA:20,3
DA:21,1
DA:22,1
DA:24,2
DA:29,3
DA:30,3
DA:31,3
DA:32,3
DA:33,3
DA:34,1
DA:36,2
DA:41,3
DA:42,3
DA:43,3
DA:44,3
DA:45,2
DA:47,1
DA:52,0
DA:53,0
DA:54,0
DA:55,0
DA:57,0
DA:58,0
DA:61,0
DA:63,0
DA:68,0
DA:69,0
DA:70,0
DA:71,0
DA:72,0
DA:73,0
DA:75,0
DA:80,1
LF:43
LH:28
BRDA:57,0,0,0
BRDA:57,0,1,0
BRF:2
BRH:0
end_of_record
TN:
SF:app\controllers\authController.js
FN:9,(anonymous_0)
FN:43,(anonymous_1)
FN:73,(anonymous_2)
FN:104,(anonymous_3)
FN:118,(anonymous_4)
FNF:5
FNH:4
FNDA:2,(anonymous_0)
FNDA:3,(anonymous_1)
FNDA:2,(anonymous_2)
FNDA:0,(anonymous_3)
FNDA:2,(anonymous_4)
DA:1,1
DA:2,1
DA:3,1
DA:4,1
DA:5,1
DA:6,1
DA:8,1
DA:10,2
DA:11,2
DA:12,2
DA:15,1
DA:17,1
DA:18,1
DA:22,0
DA:27,0
DA:36,0
DA:38,1
DA:39,1
DA:44,3
DA:46,3
DA:47,3
DA:49,3
DA:50,1
DA:54,2
DA:56,2
DA:57,1
DA:60,2
DA:62,1
DA:64,1
DA:65,1
DA:68,0
DA:69,0
DA:74,2
DA:75,2
DA:77,2
DA:78,2
DA:80,2
DA:81,1
DA:84,1
DA:88,1
DA:97,1
DA:104,1
DA:105,0
DA:106,0
DA:107,0
DA:109,0
DA:110,0
DA:113,0
DA:114,0
DA:119,2
DA:120,2
DA:123,2
DA:124,2
DA:126,2
DA:127,2
DA:131,0
DA:132,0
DA:134,0
DA:137,0
DA:139,0
DA:141,0
DA:142,0
DA:149,1
LF:63
LH:44
BRDA:17,0,0,1
BRDA:17,0,1,0
BRDA:49,1,0,1
BRDA:49,1,1,2
BRDA:56,2,0,1
BRDA:56,2,1,1
BRDA:60,3,0,1
BRDA:60,3,1,1
BRDA:60,4,0,2
BRDA:60,4,1,2
BRDA:80,5,0,1
BRDA:80,5,1,1
BRDA:105,6,0,0
BRDA:105,6,1,0
BRDA:126,7,0,2
BRDA:126,7,1,0
BRDA:126,8,0,2
BRDA:126,8,1,0
BRF:18
BRH:13
end_of_record
TN:
SF:app\controllers\complaintController.js
FN:4,(anonymous_0)
FN:32,(anonymous_1)
FN:43,(anonymous_2)
FN:57,(anonymous_3)
FN:70,(anonymous_4)
FN:87,(anonymous_5)
FNF:6
FNH:1
FNDA:10,(anonymous_0)
FNDA:0,(anonymous_1)
FNDA:0,(anonymous_2)
FNDA:0,(anonymous_3)
FNDA:0,(anonymous_4)
FNDA:0,(anonymous_5)
DA:1,1
DA:3,1
DA:5,10
DA:6,10
DA:9,10
DA:10,3
DA:12,3
DA:13,1
DA:17,2
DA:22,1
DA:24,1
DA:26,8
DA:27,8
DA:33,0
DA:34,0
DA:35,0
DA:37,0
DA:38,0
DA:44,0
DA:45,0
DA:46,0
DA:47,0
DA:48,0
DA:49,0
DA:51,0
DA:52,0
DA:58,0
DA:59,0
DA:60,0
DA:61,0
DA:62,0
DA:64,0
DA:65,0
DA:71,0
DA:72,0
DA:73,0
DA:75,0
DA:76,0
DA:78,0
DA:81,0
DA:82,0
DA:88,0
DA:89,0
DA:91,0
DA:92,0
DA:95,0
DA:96,0
DA:98,0
DA:99,0
DA:101,0
DA:104,0
DA:105,0
DA:110,1
LF:53
LH:14
BRDA:12,0,0,1
BRDA:12,0,1,2
BRDA:75,1,0,0
BRDA:75,1,1,0
BRDA:91,2,0,0
BRDA:91,2,1,0
BRDA:98,3,0,0
BRDA:98,3,1,0
BRF:8
BRH:2
end_of_record
TN:
SF:app\controllers\notificationController.js
FN:5,(anonymous_0)
FN:38,(anonymous_1)
FN:52,(anonymous_2)
FNF:3
FNH:2
FNDA:1,(anonymous_0)
FNDA:0,(anonymous_1)
FNDA:1,(anonymous_2)
DA:1,1
DA:2,1
DA:4,1
DA:6,1
DA:7,1
DA:10,1
DA:15,1
DA:18,1
DA:28,1
DA:30,1
DA:31,2
DA:38,2
DA:39,0
DA:40,0
DA:45,1
DA:47,0
DA:48,0
DA:53,1
DA:54,1
DA:57,1
DA:60,1
DA:62,0
DA:63,0
DA:68,1
LF:24
LH:18
BRDA:39,0,0,0
BRDA:39,0,1,0
BRF:2
BRH:0
end_of_record
TN:
SF:app\controllers\registrationController.js
FN:4,(anonymous_0)
FNF:1
FNH:1
FNDA:3,(anonymous_0)
DA:1,1
DA:3,1
DA:5,3
DA:6,3
DA:9,3
DA:10,2
DA:12,2
DA:13,1
DA:17,1
DA:22,1
DA:24,1
DA:26,1
DA:27,2
DA:35,1
DA:37,1
DA:38,1
DA:43,1
LF:17
LH:17
BRDA:12,0,0,1
BRDA:12,0,1,1
BRDA:24,1,0,1
BRDA:24,1,1,0
BRF:4
BRH:3
end_of_record
TN:
SF:app\controllers\residentEventsController.js
FN:5,(anonymous_0)
FN:39,(anonymous_1)
FN:53,(anonymous_2)
FN:79,(anonymous_3)
FN:88,(anonymous_4)
FN:102,(anonymous_5)
FN:140,(anonymous_6)
FN:153,(anonymous_7)
FN:164,(anonymous_8)
FN:187,(anonymous_9)
FN:205,(anonymous_10)
FNF:11
FNH:3
FNDA:0,(anonymous_0)
FNDA:0,(anonymous_1)
FNDA:0,(anonymous_2)
FNDA:0,(anonymous_3)
FNDA:0,(anonymous_4)
FNDA:0,(anonymous_5)
FNDA:0,(anonymous_6)
FNDA:0,(anonymous_7)
FNDA:1,(anonymous_8)
FNDA:1,(anonymous_9)
FNDA:1,(anonymous_10)
DA:1,1
DA:2,1
DA:4,1
DA:6,0
DA:8,0
DA:11,0
DA:16,0
DA:19,0
DA:29,0
DA:31,0
DA:32,0
DA:39,0
DA:40,0
DA:41,0
DA:46,0
DA:48,0
DA:49,0
DA:54,0
DA:56,0
DA:59,0
DA:64,0
DA:67,0
DA:77,0
DA:79,0
DA:81,0
DA:88,0
DA:89,0
DA:90,0
DA:94,0
DA:96,0
DA:97,0
DA:103,0
DA:105,0
DA:110,0
DA:111,0
DA:113,0
DA:114,0
DA:118,0
DA:121,0
DA:130,0
DA:131,0
DA:133,0
DA:140,0
DA:141,0
DA:142,0
DA:146,0
DA:148,0
DA:149,0
DA:154,0
DA:156,0
DA:157,0
DA:159,0
DA:160,0
DA:165,1
DA:166,1
DA:168,1
DA:170,1
DA:171,0
DA:173,1
DA:176,0
DA:177,0
DA:179,0
DA:182,1
DA:183,1
DA:188,1
DA:189,1
DA:191,1
DA:198,1
DA:200,0
DA:201,0
DA:206,1
DA:207,1
DA:209,1
DA:211,1
DA:213,0
DA:214,0
DA:220,1
LF:77
LH:19
BRDA:40,0,0,0
BRDA:40,0,1,0
BRDA:89,1,0,0
BRDA:89,1,1,0
BRDA:113,2,0,0
BRDA:113,2,1,0
BRDA:113,3,0,0
BRDA:113,3,1,0
BRDA:141,4,0,0
BRDA:141,4,1,0
BRDA:170,5,0,0
BRDA:170,5,1,1
BRF:12
BRH:1
end_of_record
